#! /c/Source/iverilog-install/bin/vvp
:ivl_version "12.0 (devel)" "(s20150603-1110-g18392a46)";
:ivl_delay_selection "TYPICAL";
:vpi_time_precision + 0;
:vpi_module "C:\iverilog\lib\ivl\system.vpi";
:vpi_module "C:\iverilog\lib\ivl\vhdl_sys.vpi";
:vpi_module "C:\iverilog\lib\ivl\vhdl_textio.vpi";
:vpi_module "C:\iverilog\lib\ivl\v2005_math.vpi";
:vpi_module "C:\iverilog\lib\ivl\va_math.vpi";
S_000002a4f97e6ce0 .scope module, "display" "display" 2 1;
 .timescale 0 0;
    .port_info 0 /INPUT 1 "c1";
    .port_info 1 /INPUT 1 "c2";
    .port_info 2 /INPUT 1 "c3";
    .port_info 3 /INPUT 1 "c4";
    .port_info 4 /INPUT 1 "c5";
    .port_info 5 /OUTPUT 1 "a";
    .port_info 6 /OUTPUT 1 "b";
    .port_info 7 /OUTPUT 1 "c";
    .port_info 8 /OUTPUT 1 "d";
    .port_info 9 /OUTPUT 1 "e";
    .port_info 10 /OUTPUT 1 "f";
    .port_info 11 /OUTPUT 1 "g";
o000002a4f9898a98 .functor BUFZ 1, C4<z>; HiZ drive
L_000002a4f98919c0 .functor NOT 1, o000002a4f9898a98, C4<0>, C4<0>, C4<0>;
o000002a4f9898ac8 .functor BUFZ 1, C4<z>; HiZ drive
L_000002a4f9891e90 .functor NOT 1, o000002a4f9898ac8, C4<0>, C4<0>, C4<0>;
L_000002a4f9891a30 .functor AND 1, L_000002a4f98919c0, L_000002a4f9891e90, C4<1>, C4<1>;
o000002a4f9898af8 .functor BUFZ 1, C4<z>; HiZ drive
L_000002a4f9891410 .functor AND 1, L_000002a4f9891a30, o000002a4f9898af8, C4<1>, C4<1>;
o000002a4f9898b28 .functor BUFZ 1, C4<z>; HiZ drive
L_000002a4f9891c60 .functor AND 1, L_000002a4f9891410, o000002a4f9898b28, C4<1>, C4<1>;
L_000002a4f9891720 .functor NOT 1, o000002a4f9898a98, C4<0>, C4<0>, C4<0>;
L_000002a4f9891fe0 .functor AND 1, L_000002a4f9891720, o000002a4f9898ac8, C4<1>, C4<1>;
L_000002a4f9891790 .functor AND 1, L_000002a4f9891fe0, o000002a4f9898b28, C4<1>, C4<1>;
o000002a4f9898b58 .functor BUFZ 1, C4<z>; HiZ drive
L_000002a4f98915d0 .functor NOT 1, o000002a4f9898b58, C4<0>, C4<0>, C4<0>;
L_000002a4f9891480 .functor AND 1, L_000002a4f9891790, L_000002a4f98915d0, C4<1>, C4<1>;
L_000002a4f9891560 .functor OR 1, L_000002a4f9891c60, L_000002a4f9891480, C4<0>, C4<0>;
L_000002a4f9891e20 .functor NOT 1, o000002a4f9898ac8, C4<0>, C4<0>, C4<0>;
L_000002a4f9891640 .functor AND 1, L_000002a4f9891e20, o000002a4f9898af8, C4<1>, C4<1>;
L_000002a4f9891d40 .functor NOT 1, o000002a4f9898b28, C4<0>, C4<0>, C4<0>;
L_000002a4f98916b0 .functor AND 1, L_000002a4f9891640, L_000002a4f9891d40, C4<1>, C4<1>;
L_000002a4f9891db0 .functor AND 1, L_000002a4f98916b0, o000002a4f9898b58, C4<1>, C4<1>;
L_000002a4f9891800 .functor OR 1, L_000002a4f9891560, L_000002a4f9891db0, C4<0>, C4<0>;
L_000002a4f98918e0 .functor NOT 1, o000002a4f9898a98, C4<0>, C4<0>, C4<0>;
L_000002a4f9892130 .functor AND 1, L_000002a4f98918e0, o000002a4f9898ac8, C4<1>, C4<1>;
L_000002a4f9891f70 .functor NOT 1, o000002a4f9898af8, C4<0>, C4<0>, C4<0>;
L_000002a4f98920c0 .functor AND 1, L_000002a4f9892130, L_000002a4f9891f70, C4<1>, C4<1>;
L_000002a4f9891330 .functor AND 1, L_000002a4f98920c0, o000002a4f9898b58, C4<1>, C4<1>;
L_000002a4f9891aa0 .functor OR 1, L_000002a4f9891800, L_000002a4f9891330, C4<0>, C4<0>;
L_000002a4f98914f0 .functor AND 1, o000002a4f9898a98, o000002a4f9898af8, C4<1>, C4<1>;
L_000002a4f98921a0 .functor NOT 1, o000002a4f9898b28, C4<0>, C4<0>, C4<0>;
L_000002a4f98912c0 .functor AND 1, L_000002a4f98914f0, L_000002a4f98921a0, C4<1>, C4<1>;
L_000002a4f9891950 .functor NOT 1, o000002a4f9898b58, C4<0>, C4<0>, C4<0>;
L_000002a4f9891b10 .functor AND 1, L_000002a4f98912c0, L_000002a4f9891950, C4<1>, C4<1>;
L_000002a4f9891b80 .functor OR 1, L_000002a4f9891aa0, L_000002a4f9891b10, C4<0>, C4<0>;
L_000002a4f99037f0 .functor NOT 1, o000002a4f9898ac8, C4<0>, C4<0>, C4<0>;
L_000002a4f9903400 .functor AND 1, o000002a4f9898a98, L_000002a4f99037f0, C4<1>, C4<1>;
L_000002a4f9903160 .functor AND 1, L_000002a4f9903400, o000002a4f9898b28, C4<1>, C4<1>;
L_000002a4f9903240 .functor NOT 1, o000002a4f9898b58, C4<0>, C4<0>, C4<0>;
L_000002a4f9903320 .functor AND 1, L_000002a4f9903160, L_000002a4f9903240, C4<1>, C4<1>;
L_000002a4f99031d0 .functor OR 1, L_000002a4f9891b80, L_000002a4f9903320, C4<0>, C4<0>;
L_000002a4f99032b0 .functor NOT 1, o000002a4f9898af8, C4<0>, C4<0>, C4<0>;
L_000002a4f9902d00 .functor AND 1, o000002a4f9898a98, L_000002a4f99032b0, C4<1>, C4<1>;
L_000002a4f9902d70 .functor NOT 1, o000002a4f9898b28, C4<0>, C4<0>, C4<0>;
L_000002a4f9903390 .functor AND 1, L_000002a4f9902d00, L_000002a4f9902d70, C4<1>, C4<1>;
L_000002a4f99036a0 .functor AND 1, L_000002a4f9903390, o000002a4f9898b58, C4<1>, C4<1>;
L_000002a4f9902ec0 .functor OR 1, L_000002a4f99031d0, L_000002a4f99036a0, C4<0>, C4<0>;
L_000002a4f99038d0 .functor AND 1, o000002a4f9898a98, o000002a4f9898ac8, C4<1>, C4<1>;
L_000002a4f99035c0 .functor NOT 1, o000002a4f9898af8, C4<0>, C4<0>, C4<0>;
L_000002a4f9902c90 .functor AND 1, L_000002a4f99038d0, L_000002a4f99035c0, C4<1>, C4<1>;
L_000002a4f99039b0 .functor NOT 1, o000002a4f9898b58, C4<0>, C4<0>, C4<0>;
L_000002a4f9903080 .functor AND 1, L_000002a4f9902c90, L_000002a4f99039b0, C4<1>, C4<1>;
L_000002a4f9902f30 .functor OR 1, L_000002a4f9902ec0, L_000002a4f9903080, C4<0>, C4<0>;
L_000002a4f9902de0 .functor NOT 1, o000002a4f9898a98, C4<0>, C4<0>, C4<0>;
L_000002a4f9903470 .functor AND 1, L_000002a4f9902de0, o000002a4f9898ac8, C4<1>, C4<1>;
L_000002a4f9902fa0 .functor AND 1, L_000002a4f9903470, o000002a4f9898af8, C4<1>, C4<1>;
L_000002a4f9903550 .functor NOT 1, o000002a4f9898b28, C4<0>, C4<0>, C4<0>;
L_000002a4f99034e0 .functor AND 1, L_000002a4f9902fa0, L_000002a4f9903550, C4<1>, C4<1>;
L_000002a4f9902e50 .functor OR 1, L_000002a4f9902f30, L_000002a4f99034e0, C4<0>, C4<0>;
L_000002a4f9903630 .functor NOT 1, o000002a4f9898ac8, C4<0>, C4<0>, C4<0>;
L_000002a4f9903010 .functor NOT 1, o000002a4f9898af8, C4<0>, C4<0>, C4<0>;
L_000002a4f9903a20 .functor AND 1, L_000002a4f9903630, L_000002a4f9903010, C4<1>, C4<1>;
L_000002a4f9902c20 .functor AND 1, L_000002a4f9903a20, o000002a4f9898b28, C4<1>, C4<1>;
L_000002a4f9902b40 .functor AND 1, L_000002a4f9902c20, o000002a4f9898b58, C4<1>, C4<1>;
L_000002a4f99030f0 .functor OR 1, L_000002a4f9902e50, L_000002a4f9902b40, C4<0>, C4<0>;
L_000002a4f9903710 .functor AND 1, o000002a4f9898a98, o000002a4f9898ac8, C4<1>, C4<1>;
L_000002a4f9903780 .functor AND 1, L_000002a4f9903710, o000002a4f9898af8, C4<1>, C4<1>;
L_000002a4f9903860 .functor AND 1, L_000002a4f9903780, o000002a4f9898b28, C4<1>, C4<1>;
L_000002a4f9903940 .functor AND 1, L_000002a4f9903860, o000002a4f9898b58, C4<1>, C4<1>;
L_000002a4f9902bb0 .functor OR 1, L_000002a4f99030f0, L_000002a4f9903940, C4<0>, C4<0>;
L_000002a4f9907530 .functor NOT 1, o000002a4f9898a98, C4<0>, C4<0>, C4<0>;
L_000002a4f9906dc0 .functor NOT 1, o000002a4f9898ac8, C4<0>, C4<0>, C4<0>;
L_000002a4f99067a0 .functor AND 1, L_000002a4f9907530, L_000002a4f9906dc0, C4<1>, C4<1>;
L_000002a4f9907140 .functor NOT 1, o000002a4f9898af8, C4<0>, C4<0>, C4<0>;
L_000002a4f9905d90 .functor AND 1, L_000002a4f99067a0, L_000002a4f9907140, C4<1>, C4<1>;
L_000002a4f9905bd0 .functor NOT 1, o000002a4f9898b28, C4<0>, C4<0>, C4<0>;
L_000002a4f9906c70 .functor AND 1, L_000002a4f9905d90, L_000002a4f9905bd0, C4<1>, C4<1>;
L_000002a4f9906ce0 .functor NOT 1, o000002a4f9898b58, C4<0>, C4<0>, C4<0>;
L_000002a4f9906c00 .functor AND 1, L_000002a4f9906c70, L_000002a4f9906ce0, C4<1>, C4<1>;
L_000002a4f9906ab0 .functor OR 1, L_000002a4f9902bb0, L_000002a4f9906c00, C4<0>, C4<0>;
L_000002a4f9907610 .functor OR 1, o000002a4f9898b58, o000002a4f9898b28, C4<0>, C4<0>;
L_000002a4f9905b60 .functor OR 1, L_000002a4f9907610, o000002a4f9898af8, C4<0>, C4<0>;
L_000002a4f99066c0 .functor OR 1, L_000002a4f9905b60, o000002a4f9898ac8, C4<0>, C4<0>;
L_000002a4f9907450 .functor OR 1, L_000002a4f99066c0, o000002a4f9898a98, C4<0>, C4<0>;
L_000002a4f9905e00 .functor NOT 1, o000002a4f9898a98, C4<0>, C4<0>, C4<0>;
L_000002a4f9906420 .functor NOT 1, o000002a4f9898ac8, C4<0>, C4<0>, C4<0>;
L_000002a4f9905c40 .functor AND 1, L_000002a4f9905e00, L_000002a4f9906420, C4<1>, C4<1>;
L_000002a4f9906f10 .functor NOT 1, o000002a4f9898af8, C4<0>, C4<0>, C4<0>;
L_000002a4f9906b90 .functor AND 1, L_000002a4f9905c40, L_000002a4f9906f10, C4<1>, C4<1>;
L_000002a4f9907220 .functor NOT 1, o000002a4f9898a98, C4<0>, C4<0>, C4<0>;
L_000002a4f9906d50 .functor NOT 1, o000002a4f9898ac8, C4<0>, C4<0>, C4<0>;
L_000002a4f99075a0 .functor AND 1, L_000002a4f9907220, L_000002a4f9906d50, C4<1>, C4<1>;
L_000002a4f9907290 .functor NOT 1, o000002a4f9898b28, C4<0>, C4<0>, C4<0>;
L_000002a4f9906e30 .functor AND 1, L_000002a4f99075a0, L_000002a4f9907290, C4<1>, C4<1>;
L_000002a4f9906ea0 .functor OR 1, L_000002a4f9906b90, L_000002a4f9906e30, C4<0>, C4<0>;
L_000002a4f9906f80 .functor NOT 1, o000002a4f9898a98, C4<0>, C4<0>, C4<0>;
L_000002a4f9905ee0 .functor NOT 1, o000002a4f9898af8, C4<0>, C4<0>, C4<0>;
L_000002a4f9906500 .functor AND 1, L_000002a4f9906f80, L_000002a4f9905ee0, C4<1>, C4<1>;
L_000002a4f9906260 .functor NOT 1, o000002a4f9898b28, C4<0>, C4<0>, C4<0>;
L_000002a4f9905f50 .functor AND 1, L_000002a4f9906500, L_000002a4f9906260, C4<1>, C4<1>;
L_000002a4f9906a40 .functor OR 1, L_000002a4f9906ea0, L_000002a4f9905f50, C4<0>, C4<0>;
L_000002a4f9907300 .functor NOT 1, o000002a4f9898ac8, C4<0>, C4<0>, C4<0>;
L_000002a4f9907370 .functor NOT 1, o000002a4f9898af8, C4<0>, C4<0>, C4<0>;
L_000002a4f9905cb0 .functor AND 1, L_000002a4f9907300, L_000002a4f9907370, C4<1>, C4<1>;
L_000002a4f99073e0 .functor NOT 1, o000002a4f9898b28, C4<0>, C4<0>, C4<0>;
L_000002a4f9906110 .functor AND 1, L_000002a4f9905cb0, L_000002a4f99073e0, C4<1>, C4<1>;
L_000002a4f9906ff0 .functor OR 1, L_000002a4f9906a40, L_000002a4f9906110, C4<0>, C4<0>;
L_000002a4f9906570 .functor NOT 1, o000002a4f9898a98, C4<0>, C4<0>, C4<0>;
L_000002a4f99074c0 .functor NOT 1, o000002a4f9898ac8, C4<0>, C4<0>, C4<0>;
L_000002a4f9905fc0 .functor AND 1, L_000002a4f9906570, L_000002a4f99074c0, C4<1>, C4<1>;
L_000002a4f99071b0 .functor NOT 1, o000002a4f9898b58, C4<0>, C4<0>, C4<0>;
L_000002a4f9907680 .functor AND 1, L_000002a4f9905fc0, L_000002a4f99071b0, C4<1>, C4<1>;
L_000002a4f99076f0 .functor OR 1, L_000002a4f9906ff0, L_000002a4f9907680, C4<0>, C4<0>;
L_000002a4f99068f0 .functor NOT 1, o000002a4f9898a98, C4<0>, C4<0>, C4<0>;
L_000002a4f9905d20 .functor NOT 1, o000002a4f9898af8, C4<0>, C4<0>, C4<0>;
L_000002a4f9905e70 .functor AND 1, L_000002a4f99068f0, L_000002a4f9905d20, C4<1>, C4<1>;
L_000002a4f9906030 .functor NOT 1, o000002a4f9898b58, C4<0>, C4<0>, C4<0>;
L_000002a4f99060a0 .functor AND 1, L_000002a4f9905e70, L_000002a4f9906030, C4<1>, C4<1>;
L_000002a4f9906180 .functor OR 1, L_000002a4f99076f0, L_000002a4f99060a0, C4<0>, C4<0>;
L_000002a4f9907060 .functor NOT 1, o000002a4f9898ac8, C4<0>, C4<0>, C4<0>;
L_000002a4f99061f0 .functor NOT 1, o000002a4f9898af8, C4<0>, C4<0>, C4<0>;
L_000002a4f99062d0 .functor AND 1, L_000002a4f9907060, L_000002a4f99061f0, C4<1>, C4<1>;
L_000002a4f9906340 .functor NOT 1, o000002a4f9898b58, C4<0>, C4<0>, C4<0>;
L_000002a4f9906810 .functor AND 1, L_000002a4f99062d0, L_000002a4f9906340, C4<1>, C4<1>;
L_000002a4f99063b0 .functor OR 1, L_000002a4f9906180, L_000002a4f9906810, C4<0>, C4<0>;
L_000002a4f9906490 .functor NOT 1, o000002a4f9898a98, C4<0>, C4<0>, C4<0>;
L_000002a4f99065e0 .functor NOT 1, o000002a4f9898b28, C4<0>, C4<0>, C4<0>;
L_000002a4f99070d0 .functor AND 1, L_000002a4f9906490, L_000002a4f99065e0, C4<1>, C4<1>;
L_000002a4f9906650 .functor NOT 1, o000002a4f9898b58, C4<0>, C4<0>, C4<0>;
L_000002a4f9906730 .functor AND 1, L_000002a4f99070d0, L_000002a4f9906650, C4<1>, C4<1>;
L_000002a4f9906880 .functor OR 1, L_000002a4f99063b0, L_000002a4f9906730, C4<0>, C4<0>;
L_000002a4f9906960 .functor NOT 1, o000002a4f9898ac8, C4<0>, C4<0>, C4<0>;
L_000002a4f99069d0 .functor NOT 1, o000002a4f9898b28, C4<0>, C4<0>, C4<0>;
L_000002a4f9906b20 .functor AND 1, L_000002a4f9906960, L_000002a4f99069d0, C4<1>, C4<1>;
L_000002a4f99078b0 .functor NOT 1, o000002a4f9898b58, C4<0>, C4<0>, C4<0>;
L_000002a4f9907a00 .functor AND 1, L_000002a4f9906b20, L_000002a4f99078b0, C4<1>, C4<1>;
L_000002a4f9907920 .functor OR 1, L_000002a4f9906880, L_000002a4f9907a00, C4<0>, C4<0>;
L_000002a4f9907990 .functor NOT 1, o000002a4f9898af8, C4<0>, C4<0>, C4<0>;
L_000002a4f9907840 .functor NOT 1, o000002a4f9898b28, C4<0>, C4<0>, C4<0>;
L_000002a4f9907a70 .functor AND 1, L_000002a4f9907990, L_000002a4f9907840, C4<1>, C4<1>;
L_000002a4f9907760 .functor NOT 1, o000002a4f9898b58, C4<0>, C4<0>, C4<0>;
L_000002a4f99077d0 .functor AND 1, L_000002a4f9907a70, L_000002a4f9907760, C4<1>, C4<1>;
L_000002a4f990d410 .functor OR 1, L_000002a4f9907920, L_000002a4f99077d0, C4<0>, C4<0>;
L_000002a4f990c0d0 .functor AND 1, o000002a4f9898ac8, o000002a4f9898af8, C4<1>, C4<1>;
L_000002a4f990be30 .functor AND 1, L_000002a4f990c0d0, o000002a4f9898b28, C4<1>, C4<1>;
L_000002a4f990d560 .functor AND 1, L_000002a4f990be30, o000002a4f9898b58, C4<1>, C4<1>;
L_000002a4f990c7d0 .functor OR 1, L_000002a4f990d410, L_000002a4f990d560, C4<0>, C4<0>;
L_000002a4f990c8b0 .functor AND 1, o000002a4f9898a98, o000002a4f9898af8, C4<1>, C4<1>;
L_000002a4f990c840 .functor AND 1, L_000002a4f990c8b0, o000002a4f9898b28, C4<1>, C4<1>;
L_000002a4f990cfb0 .functor AND 1, L_000002a4f990c840, o000002a4f9898b58, C4<1>, C4<1>;
L_000002a4f990d6b0 .functor OR 1, L_000002a4f990c7d0, L_000002a4f990cfb0, C4<0>, C4<0>;
L_000002a4f990bea0 .functor AND 1, o000002a4f9898a98, o000002a4f9898ac8, C4<1>, C4<1>;
L_000002a4f990bdc0 .functor AND 1, L_000002a4f990bea0, o000002a4f9898b28, C4<1>, C4<1>;
L_000002a4f990bf10 .functor AND 1, L_000002a4f990bdc0, o000002a4f9898b58, C4<1>, C4<1>;
L_000002a4f990ca00 .functor OR 1, L_000002a4f990d6b0, L_000002a4f990bf10, C4<0>, C4<0>;
L_000002a4f990c370 .functor AND 1, o000002a4f9898a98, o000002a4f9898ac8, C4<1>, C4<1>;
L_000002a4f990ca70 .functor AND 1, L_000002a4f990c370, o000002a4f9898af8, C4<1>, C4<1>;
L_000002a4f990bce0 .functor AND 1, L_000002a4f990ca70, o000002a4f9898b58, C4<1>, C4<1>;
L_000002a4f990bd50 .functor OR 1, L_000002a4f990ca00, L_000002a4f990bce0, C4<0>, C4<0>;
L_000002a4f990c1b0 .functor AND 1, o000002a4f9898a98, o000002a4f9898ac8, C4<1>, C4<1>;
L_000002a4f990c060 .functor AND 1, L_000002a4f990c1b0, o000002a4f9898af8, C4<1>, C4<1>;
L_000002a4f990c140 .functor AND 1, L_000002a4f990c060, o000002a4f9898b28, C4<1>, C4<1>;
L_000002a4f990c220 .functor OR 1, L_000002a4f990bd50, L_000002a4f990c140, C4<0>, C4<0>;
L_000002a4f990d480 .functor NOT 1, o000002a4f9898a98, C4<0>, C4<0>, C4<0>;
L_000002a4f990c6f0 .functor NOT 1, o000002a4f9898ac8, C4<0>, C4<0>, C4<0>;
L_000002a4f990c290 .functor AND 1, L_000002a4f990d480, L_000002a4f990c6f0, C4<1>, C4<1>;
L_000002a4f990cd80 .functor AND 1, L_000002a4f990c290, o000002a4f9898b28, C4<1>, C4<1>;
L_000002a4f990c920 .functor AND 1, L_000002a4f990cd80, o000002a4f9898b58, C4<1>, C4<1>;
L_000002a4f990d720 .functor AND 1, o000002a4f9898a98, o000002a4f9898ac8, C4<1>, C4<1>;
L_000002a4f990d1e0 .functor NOT 1, o000002a4f9898af8, C4<0>, C4<0>, C4<0>;
L_000002a4f990d3a0 .functor AND 1, L_000002a4f990d720, L_000002a4f990d1e0, C4<1>, C4<1>;
L_000002a4f990d090 .functor NOT 1, o000002a4f9898b28, C4<0>, C4<0>, C4<0>;
L_000002a4f990cc30 .functor AND 1, L_000002a4f990d3a0, L_000002a4f990d090, C4<1>, C4<1>;
L_000002a4f990bf80 .functor OR 1, L_000002a4f990c920, L_000002a4f990cc30, C4<0>, C4<0>;
L_000002a4f990c760 .functor NOT 1, o000002a4f9898ac8, C4<0>, C4<0>, C4<0>;
L_000002a4f990d100 .functor AND 1, o000002a4f9898a98, L_000002a4f990c760, C4<1>, C4<1>;
L_000002a4f990c300 .functor NOT 1, o000002a4f9898af8, C4<0>, C4<0>, C4<0>;
L_000002a4f990d5d0 .functor AND 1, L_000002a4f990d100, L_000002a4f990c300, C4<1>, C4<1>;
L_000002a4f990ced0 .functor AND 1, L_000002a4f990d5d0, o000002a4f9898b58, C4<1>, C4<1>;
L_000002a4f990c3e0 .functor OR 1, L_000002a4f990bf80, L_000002a4f990ced0, C4<0>, C4<0>;
L_000002a4f990d020 .functor NOT 1, o000002a4f9898a98, C4<0>, C4<0>, C4<0>;
L_000002a4f990d250 .functor AND 1, L_000002a4f990d020, o000002a4f9898af8, C4<1>, C4<1>;
L_000002a4f990c450 .functor AND 1, L_000002a4f990d250, o000002a4f9898b28, C4<1>, C4<1>;
L_000002a4f990c680 .functor NOT 1, o000002a4f9898b58, C4<0>, C4<0>, C4<0>;
L_000002a4f990cd10 .functor AND 1, L_000002a4f990c450, L_000002a4f990c680, C4<1>, C4<1>;
L_000002a4f990c4c0 .functor OR 1, L_000002a4f990c3e0, L_000002a4f990cd10, C4<0>, C4<0>;
L_000002a4f990c530 .functor AND 1, o000002a4f9898ac8, o000002a4f9898af8, C4<1>, C4<1>;
L_000002a4f990d4f0 .functor NOT 1, o000002a4f9898b28, C4<0>, C4<0>, C4<0>;
L_000002a4f990c5a0 .functor AND 1, L_000002a4f990c530, L_000002a4f990d4f0, C4<1>, C4<1>;
L_000002a4f990c990 .functor NOT 1, o000002a4f9898b58, C4<0>, C4<0>, C4<0>;
L_000002a4f990cae0 .functor AND 1, L_000002a4f990c5a0, L_000002a4f990c990, C4<1>, C4<1>;
L_000002a4f990c610 .functor OR 1, L_000002a4f990c4c0, L_000002a4f990cae0, C4<0>, C4<0>;
L_000002a4f990cb50 .functor NOT 1, o000002a4f9898a98, C4<0>, C4<0>, C4<0>;
L_000002a4f990bb90 .functor AND 1, L_000002a4f990cb50, o000002a4f9898af8, C4<1>, C4<1>;
L_000002a4f990cbc0 .functor NOT 1, o000002a4f9898b28, C4<0>, C4<0>, C4<0>;
L_000002a4f990cca0 .functor AND 1, L_000002a4f990bb90, L_000002a4f990cbc0, C4<1>, C4<1>;
L_000002a4f990cdf0 .functor AND 1, L_000002a4f990cca0, o000002a4f9898b58, C4<1>, C4<1>;
L_000002a4f990bc70 .functor OR 1, L_000002a4f990c610, L_000002a4f990cdf0, C4<0>, C4<0>;
L_000002a4f990d2c0 .functor NOT 1, o000002a4f9898af8, C4<0>, C4<0>, C4<0>;
L_000002a4f990d330 .functor AND 1, o000002a4f9898ac8, L_000002a4f990d2c0, C4<1>, C4<1>;
L_000002a4f990d640 .functor AND 1, L_000002a4f990d330, o000002a4f9898b28, C4<1>, C4<1>;
L_000002a4f990bc00 .functor NOT 1, o000002a4f9898b58, C4<0>, C4<0>, C4<0>;
L_000002a4f990ce60 .functor AND 1, L_000002a4f990d640, L_000002a4f990bc00, C4<1>, C4<1>;
L_000002a4f990d170 .functor OR 1, L_000002a4f990bc70, L_000002a4f990ce60, C4<0>, C4<0>;
L_000002a4f990cf40 .functor NOT 1, o000002a4f9898ac8, C4<0>, C4<0>, C4<0>;
L_000002a4f990bff0 .functor AND 1, o000002a4f9898a98, L_000002a4f990cf40, C4<1>, C4<1>;
L_000002a4f990d950 .functor AND 1, L_000002a4f990bff0, o000002a4f9898b28, C4<1>, C4<1>;
L_000002a4f990d870 .functor NOT 1, o000002a4f9898b58, C4<0>, C4<0>, C4<0>;
L_000002a4f990d8e0 .functor AND 1, L_000002a4f990d950, L_000002a4f990d870, C4<1>, C4<1>;
L_000002a4f990d9c0 .functor OR 1, L_000002a4f990d170, L_000002a4f990d8e0, C4<0>, C4<0>;
L_000002a4f990da30 .functor NOT 1, o000002a4f9898a98, C4<0>, C4<0>, C4<0>;
L_000002a4f990daa0 .functor AND 1, L_000002a4f990da30, o000002a4f9898ac8, C4<1>, C4<1>;
L_000002a4f990d790 .functor NOT 1, o000002a4f9898af8, C4<0>, C4<0>, C4<0>;
L_000002a4f990d800 .functor AND 1, L_000002a4f990daa0, L_000002a4f990d790, C4<1>, C4<1>;
L_000002a4f990eee0 .functor AND 1, L_000002a4f990d800, o000002a4f9898b58, C4<1>, C4<1>;
L_000002a4f990e4d0 .functor OR 1, L_000002a4f990d9c0, L_000002a4f990eee0, C4<0>, C4<0>;
L_000002a4f990e620 .functor NOT 1, o000002a4f9898ac8, C4<0>, C4<0>, C4<0>;
L_000002a4f990f1f0 .functor AND 1, o000002a4f9898a98, L_000002a4f990e620, C4<1>, C4<1>;
L_000002a4f990df20 .functor AND 1, L_000002a4f990f1f0, o000002a4f9898af8, C4<1>, C4<1>;
L_000002a4f990efc0 .functor NOT 1, o000002a4f9898b28, C4<0>, C4<0>, C4<0>;
L_000002a4f990e690 .functor AND 1, L_000002a4f990df20, L_000002a4f990efc0, C4<1>, C4<1>;
L_000002a4f990e7e0 .functor OR 1, L_000002a4f990e4d0, L_000002a4f990e690, C4<0>, C4<0>;
L_000002a4f990ee00 .functor AND 1, o000002a4f9898a98, o000002a4f9898ac8, C4<1>, C4<1>;
L_000002a4f990eaf0 .functor AND 1, L_000002a4f990ee00, o000002a4f9898af8, C4<1>, C4<1>;
L_000002a4f990f260 .functor AND 1, L_000002a4f990eaf0, o000002a4f9898b28, C4<1>, C4<1>;
L_000002a4f990f420 .functor AND 1, L_000002a4f990f260, o000002a4f9898b58, C4<1>, C4<1>;
L_000002a4f990f340 .functor OR 1, L_000002a4f990e7e0, L_000002a4f990f420, C4<0>, C4<0>;
L_000002a4f990ddd0 .functor NOT 1, o000002a4f9898a98, C4<0>, C4<0>, C4<0>;
L_000002a4f990e540 .functor NOT 1, o000002a4f9898ac8, C4<0>, C4<0>, C4<0>;
L_000002a4f990ecb0 .functor AND 1, L_000002a4f990ddd0, L_000002a4f990e540, C4<1>, C4<1>;
L_000002a4f990df90 .functor NOT 1, o000002a4f9898af8, C4<0>, C4<0>, C4<0>;
L_000002a4f990e700 .functor AND 1, L_000002a4f990ecb0, L_000002a4f990df90, C4<1>, C4<1>;
L_000002a4f990f490 .functor NOT 1, o000002a4f9898b28, C4<0>, C4<0>, C4<0>;
L_000002a4f990ef50 .functor AND 1, L_000002a4f990e700, L_000002a4f990f490, C4<1>, C4<1>;
L_000002a4f990de40 .functor NOT 1, o000002a4f9898b58, C4<0>, C4<0>, C4<0>;
L_000002a4f990f650 .functor AND 1, L_000002a4f990ef50, L_000002a4f990de40, C4<1>, C4<1>;
L_000002a4f990f500 .functor OR 1, L_000002a4f990f340, L_000002a4f990f650, C4<0>, C4<0>;
L_000002a4f990e0e0 .functor NOT 1, o000002a4f9898a98, C4<0>, C4<0>, C4<0>;
L_000002a4f990deb0 .functor NOT 1, o000002a4f9898ac8, C4<0>, C4<0>, C4<0>;
L_000002a4f990dc10 .functor AND 1, L_000002a4f990e0e0, L_000002a4f990deb0, C4<1>, C4<1>;
L_000002a4f990e2a0 .functor AND 1, L_000002a4f990dc10, o000002a4f9898af8, C4<1>, C4<1>;
L_000002a4f990eb60 .functor AND 1, L_000002a4f990e2a0, o000002a4f9898b28, C4<1>, C4<1>;
L_000002a4f990f110 .functor AND 1, L_000002a4f990eb60, o000002a4f9898b58, C4<1>, C4<1>;
L_000002a4f990e8c0 .functor NOT 1, o000002a4f9898a98, C4<0>, C4<0>, C4<0>;
L_000002a4f990e000 .functor AND 1, L_000002a4f990e8c0, o000002a4f9898ac8, C4<1>, C4<1>;
L_000002a4f990e310 .functor NOT 1, o000002a4f9898af8, C4<0>, C4<0>, C4<0>;
L_000002a4f990e070 .functor AND 1, L_000002a4f990e000, L_000002a4f990e310, C4<1>, C4<1>;
L_000002a4f990ea80 .functor AND 1, L_000002a4f990e070, o000002a4f9898b28, C4<1>, C4<1>;
L_000002a4f990e380 .functor AND 1, L_000002a4f990ea80, o000002a4f9898b58, C4<1>, C4<1>;
L_000002a4f990f3b0 .functor OR 1, L_000002a4f990f110, L_000002a4f990e380, C4<0>, C4<0>;
L_000002a4f990f2d0 .functor NOT 1, o000002a4f9898a98, C4<0>, C4<0>, C4<0>;
L_000002a4f990f570 .functor AND 1, L_000002a4f990f2d0, o000002a4f9898ac8, C4<1>, C4<1>;
L_000002a4f990e1c0 .functor AND 1, L_000002a4f990f570, o000002a4f9898af8, C4<1>, C4<1>;
L_000002a4f990ec40 .functor NOT 1, o000002a4f9898b28, C4<0>, C4<0>, C4<0>;
L_000002a4f990e150 .functor AND 1, L_000002a4f990e1c0, L_000002a4f990ec40, C4<1>, C4<1>;
L_000002a4f990ebd0 .functor AND 1, L_000002a4f990e150, o000002a4f9898b58, C4<1>, C4<1>;
L_000002a4f990f5e0 .functor OR 1, L_000002a4f990f3b0, L_000002a4f990ebd0, C4<0>, C4<0>;
L_000002a4f990e3f0 .functor NOT 1, o000002a4f9898a98, C4<0>, C4<0>, C4<0>;
L_000002a4f990f6c0 .functor AND 1, L_000002a4f990e3f0, o000002a4f9898ac8, C4<1>, C4<1>;
L_000002a4f990e460 .functor AND 1, L_000002a4f990f6c0, o000002a4f9898af8, C4<1>, C4<1>;
L_000002a4f990e230 .functor AND 1, L_000002a4f990e460, o000002a4f9898b28, C4<1>, C4<1>;
L_000002a4f990ee70 .functor NOT 1, o000002a4f9898b58, C4<0>, C4<0>, C4<0>;
L_000002a4f990e5b0 .functor AND 1, L_000002a4f990e230, L_000002a4f990ee70, C4<1>, C4<1>;
L_000002a4f990e770 .functor OR 1, L_000002a4f990f5e0, L_000002a4f990e5b0, C4<0>, C4<0>;
L_000002a4f990e850 .functor NOT 1, o000002a4f9898ac8, C4<0>, C4<0>, C4<0>;
L_000002a4f990ed20 .functor AND 1, o000002a4f9898a98, L_000002a4f990e850, C4<1>, C4<1>;
L_000002a4f990f030 .functor NOT 1, o000002a4f9898af8, C4<0>, C4<0>, C4<0>;
L_000002a4f990f730 .functor AND 1, L_000002a4f990ed20, L_000002a4f990f030, C4<1>, C4<1>;
L_000002a4f990dba0 .functor AND 1, L_000002a4f990f730, o000002a4f9898b28, C4<1>, C4<1>;
L_000002a4f990e930 .functor AND 1, L_000002a4f990dba0, o000002a4f9898b58, C4<1>, C4<1>;
L_000002a4f990dc80 .functor OR 1, L_000002a4f990e770, L_000002a4f990e930, C4<0>, C4<0>;
L_000002a4f990e9a0 .functor NOT 1, o000002a4f9898ac8, C4<0>, C4<0>, C4<0>;
L_000002a4f990dcf0 .functor AND 1, o000002a4f9898a98, L_000002a4f990e9a0, C4<1>, C4<1>;
L_000002a4f990ea10 .functor AND 1, L_000002a4f990dcf0, o000002a4f9898af8, C4<1>, C4<1>;
L_000002a4f990dd60 .functor NOT 1, o000002a4f9898b28, C4<0>, C4<0>, C4<0>;
L_000002a4f990f0a0 .functor AND 1, L_000002a4f990ea10, L_000002a4f990dd60, C4<1>, C4<1>;
L_000002a4f990ed90 .functor AND 1, L_000002a4f990f0a0, o000002a4f9898b58, C4<1>, C4<1>;
L_000002a4f990f180 .functor OR 1, L_000002a4f990dc80, L_000002a4f990ed90, C4<0>, C4<0>;
L_000002a4f990f7a0 .functor NOT 1, o000002a4f9898ac8, C4<0>, C4<0>, C4<0>;
L_000002a4f990fa40 .functor AND 1, o000002a4f9898a98, L_000002a4f990f7a0, C4<1>, C4<1>;
L_000002a4f990f810 .functor AND 1, L_000002a4f990fa40, o000002a4f9898af8, C4<1>, C4<1>;
L_000002a4f990f880 .functor AND 1, L_000002a4f990f810, o000002a4f9898b28, C4<1>, C4<1>;
L_000002a4f990f960 .functor NOT 1, o000002a4f9898b58, C4<0>, C4<0>, C4<0>;
L_000002a4f990f9d0 .functor AND 1, L_000002a4f990f880, L_000002a4f990f960, C4<1>, C4<1>;
L_000002a4f990fab0 .functor OR 1, L_000002a4f990f180, L_000002a4f990f9d0, C4<0>, C4<0>;
L_000002a4f990f8f0 .functor AND 1, o000002a4f9898a98, o000002a4f9898ac8, C4<1>, C4<1>;
L_000002a4f9917620 .functor NOT 1, o000002a4f9898af8, C4<0>, C4<0>, C4<0>;
L_000002a4f99167b0 .functor AND 1, L_000002a4f990f8f0, L_000002a4f9917620, C4<1>, C4<1>;
L_000002a4f99169e0 .functor NOT 1, o000002a4f9898b28, C4<0>, C4<0>, C4<0>;
L_000002a4f9916c80 .functor AND 1, L_000002a4f99167b0, L_000002a4f99169e0, C4<1>, C4<1>;
L_000002a4f9916ac0 .functor AND 1, L_000002a4f9916c80, o000002a4f9898b58, C4<1>, C4<1>;
L_000002a4f9917b60 .functor OR 1, L_000002a4f990fab0, L_000002a4f9916ac0, C4<0>, C4<0>;
L_000002a4f9915fd0 .functor AND 1, o000002a4f9898a98, o000002a4f9898ac8, C4<1>, C4<1>;
L_000002a4f9916e40 .functor NOT 1, o000002a4f9898af8, C4<0>, C4<0>, C4<0>;
L_000002a4f9916190 .functor AND 1, L_000002a4f9915fd0, L_000002a4f9916e40, C4<1>, C4<1>;
L_000002a4f99177e0 .functor AND 1, L_000002a4f9916190, o000002a4f9898b28, C4<1>, C4<1>;
L_000002a4f9917850 .functor NOT 1, o000002a4f9898b58, C4<0>, C4<0>, C4<0>;
L_000002a4f9917150 .functor AND 1, L_000002a4f99177e0, L_000002a4f9917850, C4<1>, C4<1>;
L_000002a4f99173f0 .functor OR 1, L_000002a4f9917b60, L_000002a4f9917150, C4<0>, C4<0>;
L_000002a4f99172a0 .functor AND 1, o000002a4f9898a98, o000002a4f9898ac8, C4<1>, C4<1>;
L_000002a4f9917690 .functor AND 1, L_000002a4f99172a0, o000002a4f9898af8, C4<1>, C4<1>;
L_000002a4f99175b0 .functor NOT 1, o000002a4f9898b28, C4<0>, C4<0>, C4<0>;
L_000002a4f9917380 .functor AND 1, L_000002a4f9917690, L_000002a4f99175b0, C4<1>, C4<1>;
L_000002a4f9917070 .functor NOT 1, o000002a4f9898b58, C4<0>, C4<0>, C4<0>;
L_000002a4f9916d60 .functor AND 1, L_000002a4f9917380, L_000002a4f9917070, C4<1>, C4<1>;
L_000002a4f9916040 .functor OR 1, L_000002a4f99173f0, L_000002a4f9916d60, C4<0>, C4<0>;
L_000002a4f99160b0 .functor AND 1, o000002a4f9898a98, o000002a4f9898ac8, C4<1>, C4<1>;
L_000002a4f9916120 .functor AND 1, L_000002a4f99160b0, o000002a4f9898af8, C4<1>, C4<1>;
L_000002a4f99163c0 .functor AND 1, L_000002a4f9916120, o000002a4f9898b28, C4<1>, C4<1>;
L_000002a4f9916200 .functor AND 1, L_000002a4f99163c0, o000002a4f9898b58, C4<1>, C4<1>;
L_000002a4f9917a10 .functor OR 1, L_000002a4f9916040, L_000002a4f9916200, C4<0>, C4<0>;
L_000002a4f9917a80 .functor NOT 1, o000002a4f9898a98, C4<0>, C4<0>, C4<0>;
L_000002a4f9916890 .functor NOT 1, o000002a4f9898ac8, C4<0>, C4<0>, C4<0>;
L_000002a4f9916270 .functor AND 1, L_000002a4f9917a80, L_000002a4f9916890, C4<1>, C4<1>;
L_000002a4f9917700 .functor NOT 1, o000002a4f9898af8, C4<0>, C4<0>, C4<0>;
L_000002a4f9917000 .functor AND 1, L_000002a4f9916270, L_000002a4f9917700, C4<1>, C4<1>;
L_000002a4f9916350 .functor NOT 1, o000002a4f9898b28, C4<0>, C4<0>, C4<0>;
L_000002a4f9916580 .functor AND 1, L_000002a4f9917000, L_000002a4f9916350, C4<1>, C4<1>;
L_000002a4f9917310 .functor NOT 1, o000002a4f9898a98, C4<0>, C4<0>, C4<0>;
L_000002a4f9916430 .functor NOT 1, o000002a4f9898ac8, C4<0>, C4<0>, C4<0>;
L_000002a4f9917460 .functor AND 1, L_000002a4f9917310, L_000002a4f9916430, C4<1>, C4<1>;
L_000002a4f99164a0 .functor NOT 1, o000002a4f9898af8, C4<0>, C4<0>, C4<0>;
L_000002a4f9916970 .functor AND 1, L_000002a4f9917460, L_000002a4f99164a0, C4<1>, C4<1>;
L_000002a4f99166d0 .functor NOT 1, o000002a4f9898b58, C4<0>, C4<0>, C4<0>;
L_000002a4f9916510 .functor AND 1, L_000002a4f9916970, L_000002a4f99166d0, C4<1>, C4<1>;
L_000002a4f9916eb0 .functor OR 1, L_000002a4f9916580, L_000002a4f9916510, C4<0>, C4<0>;
L_000002a4f9917770 .functor NOT 1, o000002a4f9898a98, C4<0>, C4<0>, C4<0>;
L_000002a4f99178c0 .functor NOT 1, o000002a4f9898ac8, C4<0>, C4<0>, C4<0>;
L_000002a4f99162e0 .functor AND 1, L_000002a4f9917770, L_000002a4f99178c0, C4<1>, C4<1>;
L_000002a4f9917930 .functor NOT 1, o000002a4f9898b28, C4<0>, C4<0>, C4<0>;
L_000002a4f99179a0 .functor AND 1, L_000002a4f99162e0, L_000002a4f9917930, C4<1>, C4<1>;
L_000002a4f99170e0 .functor NOT 1, o000002a4f9898b58, C4<0>, C4<0>, C4<0>;
L_000002a4f99165f0 .functor AND 1, L_000002a4f99179a0, L_000002a4f99170e0, C4<1>, C4<1>;
L_000002a4f9916f90 .functor OR 1, L_000002a4f9916eb0, L_000002a4f99165f0, C4<0>, C4<0>;
L_000002a4f9917540 .functor NOT 1, o000002a4f9898a98, C4<0>, C4<0>, C4<0>;
L_000002a4f9916820 .functor NOT 1, o000002a4f9898af8, C4<0>, C4<0>, C4<0>;
L_000002a4f9916900 .functor AND 1, L_000002a4f9917540, L_000002a4f9916820, C4<1>, C4<1>;
L_000002a4f9916a50 .functor NOT 1, o000002a4f9898b28, C4<0>, C4<0>, C4<0>;
L_000002a4f9916b30 .functor AND 1, L_000002a4f9916900, L_000002a4f9916a50, C4<1>, C4<1>;
L_000002a4f9917230 .functor NOT 1, o000002a4f9898b58, C4<0>, C4<0>, C4<0>;
L_000002a4f9916660 .functor AND 1, L_000002a4f9916b30, L_000002a4f9917230, C4<1>, C4<1>;
L_000002a4f9916740 .functor OR 1, L_000002a4f9916f90, L_000002a4f9916660, C4<0>, C4<0>;
L_000002a4f9916ba0 .functor NOT 1, o000002a4f9898ac8, C4<0>, C4<0>, C4<0>;
L_000002a4f99171c0 .functor NOT 1, o000002a4f9898af8, C4<0>, C4<0>, C4<0>;
L_000002a4f99174d0 .functor AND 1, L_000002a4f9916ba0, L_000002a4f99171c0, C4<1>, C4<1>;
L_000002a4f9916c10 .functor NOT 1, o000002a4f9898b28, C4<0>, C4<0>, C4<0>;
L_000002a4f9917af0 .functor AND 1, L_000002a4f99174d0, L_000002a4f9916c10, C4<1>, C4<1>;
L_000002a4f9916cf0 .functor NOT 1, o000002a4f9898b58, C4<0>, C4<0>, C4<0>;
L_000002a4f9916dd0 .functor AND 1, L_000002a4f9917af0, L_000002a4f9916cf0, C4<1>, C4<1>;
L_000002a4f9916f20 .functor OR 1, L_000002a4f9916740, L_000002a4f9916dd0, C4<0>, C4<0>;
L_000002a4f9917d90 .functor AND 1, o000002a4f9898a98, o000002a4f9898ac8, C4<1>, C4<1>;
L_000002a4f9917bd0 .functor AND 1, L_000002a4f9917d90, o000002a4f9898af8, C4<1>, C4<1>;
L_000002a4f9917c40 .functor AND 1, L_000002a4f9917bd0, o000002a4f9898b28, C4<1>, C4<1>;
L_000002a4f9917e00 .functor AND 1, L_000002a4f9917c40, o000002a4f9898b58, C4<1>, C4<1>;
L_000002a4f9917e70 .functor OR 1, L_000002a4f9916f20, L_000002a4f9917e00, C4<0>, C4<0>;
L_000002a4f9917ee0 .functor NOT 1, o000002a4f9898a98, C4<0>, C4<0>, C4<0>;
L_000002a4f9917cb0 .functor NOT 1, o000002a4f9898ac8, C4<0>, C4<0>, C4<0>;
L_000002a4f9917d20 .functor AND 1, L_000002a4f9917ee0, L_000002a4f9917cb0, C4<1>, C4<1>;
L_000002a4f991d100 .functor NOT 1, o000002a4f9898a98, C4<0>, C4<0>, C4<0>;
L_000002a4f991cae0 .functor NOT 1, o000002a4f9898af8, C4<0>, C4<0>, C4<0>;
L_000002a4f991d4f0 .functor AND 1, L_000002a4f991d100, L_000002a4f991cae0, C4<1>, C4<1>;
L_000002a4f991bc00 .functor OR 1, L_000002a4f9917d20, L_000002a4f991d4f0, C4<0>, C4<0>;
L_000002a4f991cd80 .functor NOT 1, o000002a4f9898ac8, C4<0>, C4<0>, C4<0>;
L_000002a4f991cd10 .functor NOT 1, o000002a4f9898af8, C4<0>, C4<0>, C4<0>;
L_000002a4f991cca0 .functor AND 1, L_000002a4f991cd80, L_000002a4f991cd10, C4<1>, C4<1>;
L_000002a4f991cb50 .functor OR 1, L_000002a4f991bc00, L_000002a4f991cca0, C4<0>, C4<0>;
L_000002a4f991d6b0 .functor NOT 1, o000002a4f9898a98, C4<0>, C4<0>, C4<0>;
L_000002a4f991bc70 .functor NOT 1, o000002a4f9898b28, C4<0>, C4<0>, C4<0>;
L_000002a4f991d790 .functor AND 1, L_000002a4f991d6b0, L_000002a4f991bc70, C4<1>, C4<1>;
L_000002a4f991d560 .functor OR 1, L_000002a4f991cb50, L_000002a4f991d790, C4<0>, C4<0>;
L_000002a4f991c840 .functor NOT 1, o000002a4f9898ac8, C4<0>, C4<0>, C4<0>;
L_000002a4f991c530 .functor NOT 1, o000002a4f9898b28, C4<0>, C4<0>, C4<0>;
L_000002a4f991d3a0 .functor AND 1, L_000002a4f991c840, L_000002a4f991c530, C4<1>, C4<1>;
L_000002a4f991d250 .functor OR 1, L_000002a4f991d560, L_000002a4f991d3a0, C4<0>, C4<0>;
L_000002a4f991c8b0 .functor NOT 1, o000002a4f9898af8, C4<0>, C4<0>, C4<0>;
L_000002a4f991d020 .functor NOT 1, o000002a4f9898b28, C4<0>, C4<0>, C4<0>;
L_000002a4f991c6f0 .functor AND 1, L_000002a4f991c8b0, L_000002a4f991d020, C4<1>, C4<1>;
L_000002a4f991ce60 .functor OR 1, L_000002a4f991d250, L_000002a4f991c6f0, C4<0>, C4<0>;
L_000002a4f991d330 .functor NOT 1, o000002a4f9898a98, C4<0>, C4<0>, C4<0>;
L_000002a4f991cbc0 .functor NOT 1, o000002a4f9898b58, C4<0>, C4<0>, C4<0>;
L_000002a4f991d720 .functor AND 1, L_000002a4f991d330, L_000002a4f991cbc0, C4<1>, C4<1>;
L_000002a4f991d480 .functor OR 1, L_000002a4f991ce60, L_000002a4f991d720, C4<0>, C4<0>;
L_000002a4f991c5a0 .functor NOT 1, o000002a4f9898ac8, C4<0>, C4<0>, C4<0>;
L_000002a4f991cc30 .functor NOT 1, o000002a4f9898b58, C4<0>, C4<0>, C4<0>;
L_000002a4f991d090 .functor AND 1, L_000002a4f991c5a0, L_000002a4f991cc30, C4<1>, C4<1>;
L_000002a4f991bd50 .functor OR 1, L_000002a4f991d480, L_000002a4f991d090, C4<0>, C4<0>;
L_000002a4f991c4c0 .functor NOT 1, o000002a4f9898af8, C4<0>, C4<0>, C4<0>;
L_000002a4f991c920 .functor NOT 1, o000002a4f9898b58, C4<0>, C4<0>, C4<0>;
L_000002a4f991c610 .functor AND 1, L_000002a4f991c4c0, L_000002a4f991c920, C4<1>, C4<1>;
L_000002a4f991c680 .functor OR 1, L_000002a4f991bd50, L_000002a4f991c610, C4<0>, C4<0>;
L_000002a4f991d410 .functor NOT 1, o000002a4f9898b28, C4<0>, C4<0>, C4<0>;
L_000002a4f991c7d0 .functor NOT 1, o000002a4f9898b58, C4<0>, C4<0>, C4<0>;
L_000002a4f991bf80 .functor AND 1, L_000002a4f991d410, L_000002a4f991c7d0, C4<1>, C4<1>;
L_000002a4f991c760 .functor OR 1, L_000002a4f991c680, L_000002a4f991bf80, C4<0>, C4<0>;
v000002a4f9893b30_0 .net *"_ivl_0", 0 0, L_000002a4f98919c0;  1 drivers
v000002a4f9892690_0 .net *"_ivl_10", 0 0, L_000002a4f9891720;  1 drivers
v000002a4f98925f0_0 .net *"_ivl_100", 0 0, L_000002a4f9903550;  1 drivers
v000002a4f9892a50_0 .net *"_ivl_102", 0 0, L_000002a4f99034e0;  1 drivers
v000002a4f9892730_0 .net *"_ivl_104", 0 0, L_000002a4f9902e50;  1 drivers
v000002a4f9893310_0 .net *"_ivl_106", 0 0, L_000002a4f9903630;  1 drivers
v000002a4f9892870_0 .net *"_ivl_108", 0 0, L_000002a4f9903010;  1 drivers
v000002a4f9893c70_0 .net *"_ivl_110", 0 0, L_000002a4f9903a20;  1 drivers
v000002a4f9893d10_0 .net *"_ivl_112", 0 0, L_000002a4f9902c20;  1 drivers
v000002a4f9892410_0 .net *"_ivl_114", 0 0, L_000002a4f9902b40;  1 drivers
v000002a4f9892cd0_0 .net *"_ivl_116", 0 0, L_000002a4f99030f0;  1 drivers
v000002a4f9892ff0_0 .net *"_ivl_118", 0 0, L_000002a4f9903710;  1 drivers
v000002a4f9893270_0 .net *"_ivl_12", 0 0, L_000002a4f9891fe0;  1 drivers
v000002a4f98929b0_0 .net *"_ivl_120", 0 0, L_000002a4f9903780;  1 drivers
v000002a4f9893f90_0 .net *"_ivl_122", 0 0, L_000002a4f9903860;  1 drivers
v000002a4f9892af0_0 .net *"_ivl_124", 0 0, L_000002a4f9903940;  1 drivers
v000002a4f9893450_0 .net *"_ivl_126", 0 0, L_000002a4f9902bb0;  1 drivers
v000002a4f9892b90_0 .net *"_ivl_128", 0 0, L_000002a4f9907530;  1 drivers
v000002a4f9892c30_0 .net *"_ivl_130", 0 0, L_000002a4f9906dc0;  1 drivers
v000002a4f9892d70_0 .net *"_ivl_132", 0 0, L_000002a4f99067a0;  1 drivers
v000002a4f9892e10_0 .net *"_ivl_134", 0 0, L_000002a4f9907140;  1 drivers
v000002a4f9893db0_0 .net *"_ivl_136", 0 0, L_000002a4f9905d90;  1 drivers
v000002a4f9892f50_0 .net *"_ivl_138", 0 0, L_000002a4f9905bd0;  1 drivers
v000002a4f9892eb0_0 .net *"_ivl_14", 0 0, L_000002a4f9891790;  1 drivers
v000002a4f9893090_0 .net *"_ivl_140", 0 0, L_000002a4f9906c70;  1 drivers
v000002a4f9893130_0 .net *"_ivl_142", 0 0, L_000002a4f9906ce0;  1 drivers
v000002a4f9893ef0_0 .net *"_ivl_144", 0 0, L_000002a4f9906c00;  1 drivers
v000002a4f9893950_0 .net *"_ivl_148", 0 0, L_000002a4f9907610;  1 drivers
v000002a4f9893e50_0 .net *"_ivl_150", 0 0, L_000002a4f9905b60;  1 drivers
v000002a4f9893770_0 .net *"_ivl_152", 0 0, L_000002a4f99066c0;  1 drivers
v000002a4f98933b0_0 .net *"_ivl_156", 0 0, L_000002a4f9905e00;  1 drivers
v000002a4f9893810_0 .net *"_ivl_158", 0 0, L_000002a4f9906420;  1 drivers
v000002a4f9893a90_0 .net *"_ivl_16", 0 0, L_000002a4f98915d0;  1 drivers
v000002a4f98940d0_0 .net *"_ivl_160", 0 0, L_000002a4f9905c40;  1 drivers
v000002a4f9894030_0 .net *"_ivl_162", 0 0, L_000002a4f9906f10;  1 drivers
v000002a4f9894170_0 .net *"_ivl_164", 0 0, L_000002a4f9906b90;  1 drivers
v000002a4f98931d0_0 .net *"_ivl_166", 0 0, L_000002a4f9907220;  1 drivers
v000002a4f98934f0_0 .net *"_ivl_168", 0 0, L_000002a4f9906d50;  1 drivers
v000002a4f98924b0_0 .net *"_ivl_170", 0 0, L_000002a4f99075a0;  1 drivers
v000002a4f9893590_0 .net *"_ivl_172", 0 0, L_000002a4f9907290;  1 drivers
v000002a4f9893630_0 .net *"_ivl_174", 0 0, L_000002a4f9906e30;  1 drivers
v000002a4f98936d0_0 .net *"_ivl_176", 0 0, L_000002a4f9906ea0;  1 drivers
v000002a4f98922d0_0 .net *"_ivl_178", 0 0, L_000002a4f9906f80;  1 drivers
v000002a4f9892370_0 .net *"_ivl_18", 0 0, L_000002a4f9891480;  1 drivers
v000002a4f9892550_0 .net *"_ivl_180", 0 0, L_000002a4f9905ee0;  1 drivers
v000002a4f98938b0_0 .net *"_ivl_182", 0 0, L_000002a4f9906500;  1 drivers
v000002a4f98939f0_0 .net *"_ivl_184", 0 0, L_000002a4f9906260;  1 drivers
v000002a4f98e6870_0 .net *"_ivl_186", 0 0, L_000002a4f9905f50;  1 drivers
v000002a4f98e4cf0_0 .net *"_ivl_188", 0 0, L_000002a4f9906a40;  1 drivers
v000002a4f98e5e70_0 .net *"_ivl_190", 0 0, L_000002a4f9907300;  1 drivers
v000002a4f98e4d90_0 .net *"_ivl_192", 0 0, L_000002a4f9907370;  1 drivers
v000002a4f98e4c50_0 .net *"_ivl_194", 0 0, L_000002a4f9905cb0;  1 drivers
v000002a4f98e51f0_0 .net *"_ivl_196", 0 0, L_000002a4f99073e0;  1 drivers
v000002a4f98e50b0_0 .net *"_ivl_198", 0 0, L_000002a4f9906110;  1 drivers
v000002a4f98e67d0_0 .net *"_ivl_2", 0 0, L_000002a4f9891e90;  1 drivers
v000002a4f98e4a70_0 .net *"_ivl_20", 0 0, L_000002a4f9891560;  1 drivers
v000002a4f98e4f70_0 .net *"_ivl_200", 0 0, L_000002a4f9906ff0;  1 drivers
v000002a4f98e6230_0 .net *"_ivl_202", 0 0, L_000002a4f9906570;  1 drivers
v000002a4f98e5150_0 .net *"_ivl_204", 0 0, L_000002a4f99074c0;  1 drivers
v000002a4f98e5b50_0 .net *"_ivl_206", 0 0, L_000002a4f9905fc0;  1 drivers
v000002a4f98e5290_0 .net *"_ivl_208", 0 0, L_000002a4f99071b0;  1 drivers
v000002a4f98e5bf0_0 .net *"_ivl_210", 0 0, L_000002a4f9907680;  1 drivers
v000002a4f98e60f0_0 .net *"_ivl_212", 0 0, L_000002a4f99076f0;  1 drivers
v000002a4f98e65f0_0 .net *"_ivl_214", 0 0, L_000002a4f99068f0;  1 drivers
v000002a4f98e5790_0 .net *"_ivl_216", 0 0, L_000002a4f9905d20;  1 drivers
v000002a4f98e62d0_0 .net *"_ivl_218", 0 0, L_000002a4f9905e70;  1 drivers
v000002a4f98e5c90_0 .net *"_ivl_22", 0 0, L_000002a4f9891e20;  1 drivers
v000002a4f98e6690_0 .net *"_ivl_220", 0 0, L_000002a4f9906030;  1 drivers
v000002a4f98e6730_0 .net *"_ivl_222", 0 0, L_000002a4f99060a0;  1 drivers
v000002a4f98e5ab0_0 .net *"_ivl_224", 0 0, L_000002a4f9906180;  1 drivers
v000002a4f98e58d0_0 .net *"_ivl_226", 0 0, L_000002a4f9907060;  1 drivers
v000002a4f98e5330_0 .net *"_ivl_228", 0 0, L_000002a4f99061f0;  1 drivers
v000002a4f98e5fb0_0 .net *"_ivl_230", 0 0, L_000002a4f99062d0;  1 drivers
v000002a4f98e4b10_0 .net *"_ivl_232", 0 0, L_000002a4f9906340;  1 drivers
v000002a4f98e4930_0 .net *"_ivl_234", 0 0, L_000002a4f9906810;  1 drivers
v000002a4f98e4ed0_0 .net *"_ivl_236", 0 0, L_000002a4f99063b0;  1 drivers
v000002a4f98e6cd0_0 .net *"_ivl_238", 0 0, L_000002a4f9906490;  1 drivers
v000002a4f98e6050_0 .net *"_ivl_24", 0 0, L_000002a4f9891640;  1 drivers
v000002a4f98e6910_0 .net *"_ivl_240", 0 0, L_000002a4f99065e0;  1 drivers
v000002a4f98e5470_0 .net *"_ivl_242", 0 0, L_000002a4f99070d0;  1 drivers
v000002a4f98e69b0_0 .net *"_ivl_244", 0 0, L_000002a4f9906650;  1 drivers
v000002a4f98e5d30_0 .net *"_ivl_246", 0 0, L_000002a4f9906730;  1 drivers
v000002a4f98e4bb0_0 .net *"_ivl_248", 0 0, L_000002a4f9906880;  1 drivers
v000002a4f98e4e30_0 .net *"_ivl_250", 0 0, L_000002a4f9906960;  1 drivers
v000002a4f98e6a50_0 .net *"_ivl_252", 0 0, L_000002a4f99069d0;  1 drivers
v000002a4f98e53d0_0 .net *"_ivl_254", 0 0, L_000002a4f9906b20;  1 drivers
v000002a4f98e5510_0 .net *"_ivl_256", 0 0, L_000002a4f99078b0;  1 drivers
v000002a4f98e5f10_0 .net *"_ivl_258", 0 0, L_000002a4f9907a00;  1 drivers
v000002a4f98e6af0_0 .net *"_ivl_26", 0 0, L_000002a4f9891d40;  1 drivers
v000002a4f98e5010_0 .net *"_ivl_260", 0 0, L_000002a4f9907920;  1 drivers
v000002a4f98e55b0_0 .net *"_ivl_262", 0 0, L_000002a4f9907990;  1 drivers
v000002a4f98e6190_0 .net *"_ivl_264", 0 0, L_000002a4f9907840;  1 drivers
v000002a4f98e6370_0 .net *"_ivl_266", 0 0, L_000002a4f9907a70;  1 drivers
v000002a4f98e5650_0 .net *"_ivl_268", 0 0, L_000002a4f9907760;  1 drivers
v000002a4f98e49d0_0 .net *"_ivl_270", 0 0, L_000002a4f99077d0;  1 drivers
v000002a4f98e6410_0 .net *"_ivl_272", 0 0, L_000002a4f990d410;  1 drivers
v000002a4f98e5dd0_0 .net *"_ivl_274", 0 0, L_000002a4f990c0d0;  1 drivers
v000002a4f98e6f50_0 .net *"_ivl_276", 0 0, L_000002a4f990be30;  1 drivers
v000002a4f98e56f0_0 .net *"_ivl_278", 0 0, L_000002a4f990d560;  1 drivers
v000002a4f98e5830_0 .net *"_ivl_28", 0 0, L_000002a4f98916b0;  1 drivers
v000002a4f98e5970_0 .net *"_ivl_280", 0 0, L_000002a4f990c7d0;  1 drivers
v000002a4f98e5a10_0 .net *"_ivl_282", 0 0, L_000002a4f990c8b0;  1 drivers
v000002a4f98e64b0_0 .net *"_ivl_284", 0 0, L_000002a4f990c840;  1 drivers
v000002a4f98e6550_0 .net *"_ivl_286", 0 0, L_000002a4f990cfb0;  1 drivers
v000002a4f98e6b90_0 .net *"_ivl_288", 0 0, L_000002a4f990d6b0;  1 drivers
v000002a4f98e6c30_0 .net *"_ivl_290", 0 0, L_000002a4f990bea0;  1 drivers
v000002a4f98e6d70_0 .net *"_ivl_292", 0 0, L_000002a4f990bdc0;  1 drivers
v000002a4f98e6e10_0 .net *"_ivl_294", 0 0, L_000002a4f990bf10;  1 drivers
v000002a4f98e6eb0_0 .net *"_ivl_296", 0 0, L_000002a4f990ca00;  1 drivers
v000002a4f98e47f0_0 .net *"_ivl_298", 0 0, L_000002a4f990c370;  1 drivers
v000002a4f98e4890_0 .net *"_ivl_30", 0 0, L_000002a4f9891db0;  1 drivers
v000002a4f98e7950_0 .net *"_ivl_300", 0 0, L_000002a4f990ca70;  1 drivers
v000002a4f98e7630_0 .net *"_ivl_302", 0 0, L_000002a4f990bce0;  1 drivers
v000002a4f98e7db0_0 .net *"_ivl_304", 0 0, L_000002a4f990bd50;  1 drivers
v000002a4f98e7130_0 .net *"_ivl_306", 0 0, L_000002a4f990c1b0;  1 drivers
v000002a4f98e7090_0 .net *"_ivl_308", 0 0, L_000002a4f990c060;  1 drivers
v000002a4f98e73b0_0 .net *"_ivl_310", 0 0, L_000002a4f990c140;  1 drivers
v000002a4f98e8530_0 .net *"_ivl_314", 0 0, L_000002a4f990d480;  1 drivers
v000002a4f98e7d10_0 .net *"_ivl_316", 0 0, L_000002a4f990c6f0;  1 drivers
v000002a4f98e80d0_0 .net *"_ivl_318", 0 0, L_000002a4f990c290;  1 drivers
v000002a4f98e76d0_0 .net *"_ivl_32", 0 0, L_000002a4f9891800;  1 drivers
v000002a4f98e82b0_0 .net *"_ivl_320", 0 0, L_000002a4f990cd80;  1 drivers
v000002a4f98e7a90_0 .net *"_ivl_322", 0 0, L_000002a4f990c920;  1 drivers
v000002a4f98e71d0_0 .net *"_ivl_324", 0 0, L_000002a4f990d720;  1 drivers
v000002a4f98e7270_0 .net *"_ivl_326", 0 0, L_000002a4f990d1e0;  1 drivers
v000002a4f98e8210_0 .net *"_ivl_328", 0 0, L_000002a4f990d3a0;  1 drivers
v000002a4f98e7590_0 .net *"_ivl_330", 0 0, L_000002a4f990d090;  1 drivers
v000002a4f98e74f0_0 .net *"_ivl_332", 0 0, L_000002a4f990cc30;  1 drivers
v000002a4f98e7e50_0 .net *"_ivl_334", 0 0, L_000002a4f990bf80;  1 drivers
v000002a4f98e8350_0 .net *"_ivl_336", 0 0, L_000002a4f990c760;  1 drivers
v000002a4f98e7310_0 .net *"_ivl_338", 0 0, L_000002a4f990d100;  1 drivers
v000002a4f98e7450_0 .net *"_ivl_34", 0 0, L_000002a4f98918e0;  1 drivers
v000002a4f98e7ef0_0 .net *"_ivl_340", 0 0, L_000002a4f990c300;  1 drivers
v000002a4f98e7f90_0 .net *"_ivl_342", 0 0, L_000002a4f990d5d0;  1 drivers
v000002a4f98e7770_0 .net *"_ivl_344", 0 0, L_000002a4f990ced0;  1 drivers
v000002a4f98e7810_0 .net *"_ivl_346", 0 0, L_000002a4f990c3e0;  1 drivers
v000002a4f98e8030_0 .net *"_ivl_348", 0 0, L_000002a4f990d020;  1 drivers
v000002a4f98e7c70_0 .net *"_ivl_350", 0 0, L_000002a4f990d250;  1 drivers
v000002a4f98e8670_0 .net *"_ivl_352", 0 0, L_000002a4f990c450;  1 drivers
v000002a4f98e78b0_0 .net *"_ivl_354", 0 0, L_000002a4f990c680;  1 drivers
v000002a4f98e79f0_0 .net *"_ivl_356", 0 0, L_000002a4f990cd10;  1 drivers
v000002a4f98e7b30_0 .net *"_ivl_358", 0 0, L_000002a4f990c4c0;  1 drivers
v000002a4f98e7bd0_0 .net *"_ivl_36", 0 0, L_000002a4f9892130;  1 drivers
v000002a4f98e8170_0 .net *"_ivl_360", 0 0, L_000002a4f990c530;  1 drivers
v000002a4f98e83f0_0 .net *"_ivl_362", 0 0, L_000002a4f990d4f0;  1 drivers
v000002a4f98e8490_0 .net *"_ivl_364", 0 0, L_000002a4f990c5a0;  1 drivers
v000002a4f98e85d0_0 .net *"_ivl_366", 0 0, L_000002a4f990c990;  1 drivers
v000002a4f98e6ff0_0 .net *"_ivl_368", 0 0, L_000002a4f990cae0;  1 drivers
v000002a4f98e9f20_0 .net *"_ivl_370", 0 0, L_000002a4f990c610;  1 drivers
v000002a4f98e9980_0 .net *"_ivl_372", 0 0, L_000002a4f990cb50;  1 drivers
v000002a4f98ea4c0_0 .net *"_ivl_374", 0 0, L_000002a4f990bb90;  1 drivers
v000002a4f98e97a0_0 .net *"_ivl_376", 0 0, L_000002a4f990cbc0;  1 drivers
v000002a4f98e9de0_0 .net *"_ivl_378", 0 0, L_000002a4f990cca0;  1 drivers
v000002a4f98e9a20_0 .net *"_ivl_38", 0 0, L_000002a4f9891f70;  1 drivers
v000002a4f98e9700_0 .net *"_ivl_380", 0 0, L_000002a4f990cdf0;  1 drivers
v000002a4f98e8f80_0 .net *"_ivl_382", 0 0, L_000002a4f990bc70;  1 drivers
v000002a4f98ea1a0_0 .net *"_ivl_384", 0 0, L_000002a4f990d2c0;  1 drivers
v000002a4f98ea560_0 .net *"_ivl_386", 0 0, L_000002a4f990d330;  1 drivers
v000002a4f98eab00_0 .net *"_ivl_388", 0 0, L_000002a4f990d640;  1 drivers
v000002a4f98e9ac0_0 .net *"_ivl_390", 0 0, L_000002a4f990bc00;  1 drivers
v000002a4f98e8c60_0 .net *"_ivl_392", 0 0, L_000002a4f990ce60;  1 drivers
v000002a4f98e8b20_0 .net *"_ivl_394", 0 0, L_000002a4f990d170;  1 drivers
v000002a4f98e95c0_0 .net *"_ivl_396", 0 0, L_000002a4f990cf40;  1 drivers
v000002a4f98ea060_0 .net *"_ivl_398", 0 0, L_000002a4f990bff0;  1 drivers
v000002a4f98e9d40_0 .net *"_ivl_4", 0 0, L_000002a4f9891a30;  1 drivers
v000002a4f98e9480_0 .net *"_ivl_40", 0 0, L_000002a4f98920c0;  1 drivers
v000002a4f98e9b60_0 .net *"_ivl_400", 0 0, L_000002a4f990d950;  1 drivers
v000002a4f98e9660_0 .net *"_ivl_402", 0 0, L_000002a4f990d870;  1 drivers
v000002a4f98e9840_0 .net *"_ivl_404", 0 0, L_000002a4f990d8e0;  1 drivers
v000002a4f98e89e0_0 .net *"_ivl_406", 0 0, L_000002a4f990d9c0;  1 drivers
v000002a4f98e9160_0 .net *"_ivl_408", 0 0, L_000002a4f990da30;  1 drivers
v000002a4f98ea600_0 .net *"_ivl_410", 0 0, L_000002a4f990daa0;  1 drivers
v000002a4f98e9fc0_0 .net *"_ivl_412", 0 0, L_000002a4f990d790;  1 drivers
v000002a4f98e8ee0_0 .net *"_ivl_414", 0 0, L_000002a4f990d800;  1 drivers
v000002a4f98e9520_0 .net *"_ivl_416", 0 0, L_000002a4f990eee0;  1 drivers
v000002a4f98ead80_0 .net *"_ivl_418", 0 0, L_000002a4f990e4d0;  1 drivers
v000002a4f98eaba0_0 .net *"_ivl_42", 0 0, L_000002a4f9891330;  1 drivers
v000002a4f98e98e0_0 .net *"_ivl_420", 0 0, L_000002a4f990e620;  1 drivers
v000002a4f98e90c0_0 .net *"_ivl_422", 0 0, L_000002a4f990f1f0;  1 drivers
v000002a4f98e88a0_0 .net *"_ivl_424", 0 0, L_000002a4f990df20;  1 drivers
v000002a4f98ea240_0 .net *"_ivl_426", 0 0, L_000002a4f990efc0;  1 drivers
v000002a4f98e9c00_0 .net *"_ivl_428", 0 0, L_000002a4f990e690;  1 drivers
v000002a4f98e9340_0 .net *"_ivl_430", 0 0, L_000002a4f990e7e0;  1 drivers
v000002a4f98eae20_0 .net *"_ivl_432", 0 0, L_000002a4f990ee00;  1 drivers
v000002a4f98e9ca0_0 .net *"_ivl_434", 0 0, L_000002a4f990eaf0;  1 drivers
v000002a4f98eac40_0 .net *"_ivl_436", 0 0, L_000002a4f990f260;  1 drivers
v000002a4f98e8d00_0 .net *"_ivl_438", 0 0, L_000002a4f990f420;  1 drivers
v000002a4f98e9e80_0 .net *"_ivl_44", 0 0, L_000002a4f9891aa0;  1 drivers
v000002a4f98ea100_0 .net *"_ivl_440", 0 0, L_000002a4f990f340;  1 drivers
v000002a4f98ea6a0_0 .net *"_ivl_442", 0 0, L_000002a4f990ddd0;  1 drivers
v000002a4f98ea2e0_0 .net *"_ivl_444", 0 0, L_000002a4f990e540;  1 drivers
v000002a4f98ea380_0 .net *"_ivl_446", 0 0, L_000002a4f990ecb0;  1 drivers
v000002a4f98ea420_0 .net *"_ivl_448", 0 0, L_000002a4f990df90;  1 drivers
v000002a4f98ea740_0 .net *"_ivl_450", 0 0, L_000002a4f990e700;  1 drivers
v000002a4f98ea880_0 .net *"_ivl_452", 0 0, L_000002a4f990f490;  1 drivers
v000002a4f98ea7e0_0 .net *"_ivl_454", 0 0, L_000002a4f990ef50;  1 drivers
v000002a4f98eace0_0 .net *"_ivl_456", 0 0, L_000002a4f990de40;  1 drivers
v000002a4f98ea920_0 .net *"_ivl_458", 0 0, L_000002a4f990f650;  1 drivers
v000002a4f98e93e0_0 .net *"_ivl_46", 0 0, L_000002a4f98914f0;  1 drivers
v000002a4f98ea9c0_0 .net *"_ivl_462", 0 0, L_000002a4f990e0e0;  1 drivers
v000002a4f98eaa60_0 .net *"_ivl_464", 0 0, L_000002a4f990deb0;  1 drivers
v000002a4f98eaec0_0 .net *"_ivl_466", 0 0, L_000002a4f990dc10;  1 drivers
v000002a4f98eaf60_0 .net *"_ivl_468", 0 0, L_000002a4f990e2a0;  1 drivers
v000002a4f98e8da0_0 .net *"_ivl_470", 0 0, L_000002a4f990eb60;  1 drivers
v000002a4f98e8800_0 .net *"_ivl_472", 0 0, L_000002a4f990f110;  1 drivers
v000002a4f98e8940_0 .net *"_ivl_474", 0 0, L_000002a4f990e8c0;  1 drivers
v000002a4f98e8a80_0 .net *"_ivl_476", 0 0, L_000002a4f990e000;  1 drivers
v000002a4f98e8bc0_0 .net *"_ivl_478", 0 0, L_000002a4f990e310;  1 drivers
v000002a4f98e8e40_0 .net *"_ivl_48", 0 0, L_000002a4f98921a0;  1 drivers
v000002a4f98e9020_0 .net *"_ivl_480", 0 0, L_000002a4f990e070;  1 drivers
v000002a4f98e9200_0 .net *"_ivl_482", 0 0, L_000002a4f990ea80;  1 drivers
v000002a4f98e92a0_0 .net *"_ivl_484", 0 0, L_000002a4f990e380;  1 drivers
v000002a4f98eb0a0_0 .net *"_ivl_486", 0 0, L_000002a4f990f3b0;  1 drivers
v000002a4f98eb6e0_0 .net *"_ivl_488", 0 0, L_000002a4f990f2d0;  1 drivers
v000002a4f98eb960_0 .net *"_ivl_490", 0 0, L_000002a4f990f570;  1 drivers
v000002a4f98eb500_0 .net *"_ivl_492", 0 0, L_000002a4f990e1c0;  1 drivers
v000002a4f98eb3c0_0 .net *"_ivl_494", 0 0, L_000002a4f990ec40;  1 drivers
v000002a4f98ec2c0_0 .net *"_ivl_496", 0 0, L_000002a4f990e150;  1 drivers
v000002a4f98eb280_0 .net *"_ivl_498", 0 0, L_000002a4f990ebd0;  1 drivers
v000002a4f98ebc80_0 .net *"_ivl_50", 0 0, L_000002a4f98912c0;  1 drivers
v000002a4f98eb320_0 .net *"_ivl_500", 0 0, L_000002a4f990f5e0;  1 drivers
v000002a4f98eb460_0 .net *"_ivl_502", 0 0, L_000002a4f990e3f0;  1 drivers
v000002a4f98eb5a0_0 .net *"_ivl_504", 0 0, L_000002a4f990f6c0;  1 drivers
v000002a4f98eb640_0 .net *"_ivl_506", 0 0, L_000002a4f990e460;  1 drivers
v000002a4f98ec220_0 .net *"_ivl_508", 0 0, L_000002a4f990e230;  1 drivers
v000002a4f98eb140_0 .net *"_ivl_510", 0 0, L_000002a4f990ee70;  1 drivers
v000002a4f98eb780_0 .net *"_ivl_512", 0 0, L_000002a4f990e5b0;  1 drivers
v000002a4f98ebf00_0 .net *"_ivl_514", 0 0, L_000002a4f990e770;  1 drivers
v000002a4f98eb820_0 .net *"_ivl_516", 0 0, L_000002a4f990e850;  1 drivers
v000002a4f98ebb40_0 .net *"_ivl_518", 0 0, L_000002a4f990ed20;  1 drivers
v000002a4f98eb8c0_0 .net *"_ivl_52", 0 0, L_000002a4f9891950;  1 drivers
v000002a4f98ec5e0_0 .net *"_ivl_520", 0 0, L_000002a4f990f030;  1 drivers
v000002a4f98ec180_0 .net *"_ivl_522", 0 0, L_000002a4f990f730;  1 drivers
v000002a4f98ec400_0 .net *"_ivl_524", 0 0, L_000002a4f990dba0;  1 drivers
v000002a4f98eba00_0 .net *"_ivl_526", 0 0, L_000002a4f990e930;  1 drivers
v000002a4f98eb1e0_0 .net *"_ivl_528", 0 0, L_000002a4f990dc80;  1 drivers
v000002a4f98ec360_0 .net *"_ivl_530", 0 0, L_000002a4f990e9a0;  1 drivers
v000002a4f98ec4a0_0 .net *"_ivl_532", 0 0, L_000002a4f990dcf0;  1 drivers
v000002a4f98ebaa0_0 .net *"_ivl_534", 0 0, L_000002a4f990ea10;  1 drivers
v000002a4f98ec680_0 .net *"_ivl_536", 0 0, L_000002a4f990dd60;  1 drivers
v000002a4f98ec540_0 .net *"_ivl_538", 0 0, L_000002a4f990f0a0;  1 drivers
v000002a4f98eb000_0 .net *"_ivl_54", 0 0, L_000002a4f9891b10;  1 drivers
v000002a4f98ebbe0_0 .net *"_ivl_540", 0 0, L_000002a4f990ed90;  1 drivers
v000002a4f98ebd20_0 .net *"_ivl_542", 0 0, L_000002a4f990f180;  1 drivers
v000002a4f98ebdc0_0 .net *"_ivl_544", 0 0, L_000002a4f990f7a0;  1 drivers
v000002a4f98ebe60_0 .net *"_ivl_546", 0 0, L_000002a4f990fa40;  1 drivers
v000002a4f98ebfa0_0 .net *"_ivl_548", 0 0, L_000002a4f990f810;  1 drivers
v000002a4f98ec040_0 .net *"_ivl_550", 0 0, L_000002a4f990f880;  1 drivers
v000002a4f98ec0e0_0 .net *"_ivl_552", 0 0, L_000002a4f990f960;  1 drivers
v000002a4f98fd7c0_0 .net *"_ivl_554", 0 0, L_000002a4f990f9d0;  1 drivers
v000002a4f98fcdc0_0 .net *"_ivl_556", 0 0, L_000002a4f990fab0;  1 drivers
v000002a4f98fcf00_0 .net *"_ivl_558", 0 0, L_000002a4f990f8f0;  1 drivers
v000002a4f98fc460_0 .net *"_ivl_56", 0 0, L_000002a4f9891b80;  1 drivers
v000002a4f98fc500_0 .net *"_ivl_560", 0 0, L_000002a4f9917620;  1 drivers
v000002a4f98fd540_0 .net *"_ivl_562", 0 0, L_000002a4f99167b0;  1 drivers
v000002a4f98fc8c0_0 .net *"_ivl_564", 0 0, L_000002a4f99169e0;  1 drivers
v000002a4f98fc820_0 .net *"_ivl_566", 0 0, L_000002a4f9916c80;  1 drivers
v000002a4f98fd040_0 .net *"_ivl_568", 0 0, L_000002a4f9916ac0;  1 drivers
v000002a4f98fd5e0_0 .net *"_ivl_570", 0 0, L_000002a4f9917b60;  1 drivers
v000002a4f98fc5a0_0 .net *"_ivl_572", 0 0, L_000002a4f9915fd0;  1 drivers
v000002a4f98fc640_0 .net *"_ivl_574", 0 0, L_000002a4f9916e40;  1 drivers
v000002a4f98fd0e0_0 .net *"_ivl_576", 0 0, L_000002a4f9916190;  1 drivers
v000002a4f98fd180_0 .net *"_ivl_578", 0 0, L_000002a4f99177e0;  1 drivers
v000002a4f98fcaa0_0 .net *"_ivl_58", 0 0, L_000002a4f99037f0;  1 drivers
v000002a4f98fc6e0_0 .net *"_ivl_580", 0 0, L_000002a4f9917850;  1 drivers
v000002a4f98fd220_0 .net *"_ivl_582", 0 0, L_000002a4f9917150;  1 drivers
v000002a4f98fcfa0_0 .net *"_ivl_584", 0 0, L_000002a4f99173f0;  1 drivers
v000002a4f98fd9a0_0 .net *"_ivl_586", 0 0, L_000002a4f99172a0;  1 drivers
v000002a4f98fc780_0 .net *"_ivl_588", 0 0, L_000002a4f9917690;  1 drivers
v000002a4f98fc960_0 .net *"_ivl_590", 0 0, L_000002a4f99175b0;  1 drivers
v000002a4f98fcc80_0 .net *"_ivl_592", 0 0, L_000002a4f9917380;  1 drivers
v000002a4f98fcb40_0 .net *"_ivl_594", 0 0, L_000002a4f9917070;  1 drivers
v000002a4f98fd2c0_0 .net *"_ivl_596", 0 0, L_000002a4f9916d60;  1 drivers
v000002a4f98fd400_0 .net *"_ivl_598", 0 0, L_000002a4f9916040;  1 drivers
v000002a4f98fd360_0 .net *"_ivl_6", 0 0, L_000002a4f9891410;  1 drivers
v000002a4f98fd4a0_0 .net *"_ivl_60", 0 0, L_000002a4f9903400;  1 drivers
v000002a4f98fd680_0 .net *"_ivl_600", 0 0, L_000002a4f99160b0;  1 drivers
v000002a4f98fd720_0 .net *"_ivl_602", 0 0, L_000002a4f9916120;  1 drivers
v000002a4f98fd860_0 .net *"_ivl_604", 0 0, L_000002a4f99163c0;  1 drivers
v000002a4f98fd900_0 .net *"_ivl_606", 0 0, L_000002a4f9916200;  1 drivers
v000002a4f98fc320_0 .net *"_ivl_610", 0 0, L_000002a4f9917a80;  1 drivers
v000002a4f98fcd20_0 .net *"_ivl_612", 0 0, L_000002a4f9916890;  1 drivers
v000002a4f98fc3c0_0 .net *"_ivl_614", 0 0, L_000002a4f9916270;  1 drivers
v000002a4f98fca00_0 .net *"_ivl_616", 0 0, L_000002a4f9917700;  1 drivers
v000002a4f98fcbe0_0 .net *"_ivl_618", 0 0, L_000002a4f9917000;  1 drivers
v000002a4f98fce60_0 .net *"_ivl_62", 0 0, L_000002a4f9903160;  1 drivers
v000002a4f98fa660_0 .net *"_ivl_620", 0 0, L_000002a4f9916350;  1 drivers
v000002a4f98fade0_0 .net *"_ivl_622", 0 0, L_000002a4f9916580;  1 drivers
v000002a4f98fad40_0 .net *"_ivl_624", 0 0, L_000002a4f9917310;  1 drivers
v000002a4f98fbb00_0 .net *"_ivl_626", 0 0, L_000002a4f9916430;  1 drivers
v000002a4f98fb2e0_0 .net *"_ivl_628", 0 0, L_000002a4f9917460;  1 drivers
v000002a4f98fa020_0 .net *"_ivl_630", 0 0, L_000002a4f99164a0;  1 drivers
v000002a4f98fa8e0_0 .net *"_ivl_632", 0 0, L_000002a4f9916970;  1 drivers
v000002a4f98fb060_0 .net *"_ivl_634", 0 0, L_000002a4f99166d0;  1 drivers
v000002a4f98fb880_0 .net *"_ivl_636", 0 0, L_000002a4f9916510;  1 drivers
v000002a4f98fbec0_0 .net *"_ivl_638", 0 0, L_000002a4f9916eb0;  1 drivers
v000002a4f98fafc0_0 .net *"_ivl_64", 0 0, L_000002a4f9903240;  1 drivers
v000002a4f98fa0c0_0 .net *"_ivl_640", 0 0, L_000002a4f9917770;  1 drivers
v000002a4f98fbc40_0 .net *"_ivl_642", 0 0, L_000002a4f99178c0;  1 drivers
v000002a4f98fbd80_0 .net *"_ivl_644", 0 0, L_000002a4f99162e0;  1 drivers
v000002a4f98f9d00_0 .net *"_ivl_646", 0 0, L_000002a4f9917930;  1 drivers
v000002a4f98fa7a0_0 .net *"_ivl_648", 0 0, L_000002a4f99179a0;  1 drivers
v000002a4f98fac00_0 .net *"_ivl_650", 0 0, L_000002a4f99170e0;  1 drivers
v000002a4f98fa3e0_0 .net *"_ivl_652", 0 0, L_000002a4f99165f0;  1 drivers
v000002a4f98fa200_0 .net *"_ivl_654", 0 0, L_000002a4f9916f90;  1 drivers
v000002a4f98fbba0_0 .net *"_ivl_656", 0 0, L_000002a4f9917540;  1 drivers
v000002a4f98fa160_0 .net *"_ivl_658", 0 0, L_000002a4f9916820;  1 drivers
v000002a4f98fb1a0_0 .net *"_ivl_66", 0 0, L_000002a4f9903320;  1 drivers
v000002a4f98fa2a0_0 .net *"_ivl_660", 0 0, L_000002a4f9916900;  1 drivers
v000002a4f98f9f80_0 .net *"_ivl_662", 0 0, L_000002a4f9916a50;  1 drivers
v000002a4f98fa520_0 .net *"_ivl_664", 0 0, L_000002a4f9916b30;  1 drivers
v000002a4f98fb420_0 .net *"_ivl_666", 0 0, L_000002a4f9917230;  1 drivers
v000002a4f98fa840_0 .net *"_ivl_668", 0 0, L_000002a4f9916660;  1 drivers
v000002a4f98fa980_0 .net *"_ivl_670", 0 0, L_000002a4f9916740;  1 drivers
v000002a4f98fa700_0 .net *"_ivl_672", 0 0, L_000002a4f9916ba0;  1 drivers
v000002a4f98fc140_0 .net *"_ivl_674", 0 0, L_000002a4f99171c0;  1 drivers
v000002a4f98faa20_0 .net *"_ivl_676", 0 0, L_000002a4f99174d0;  1 drivers
v000002a4f98fbe20_0 .net *"_ivl_678", 0 0, L_000002a4f9916c10;  1 drivers
v000002a4f98fa340_0 .net *"_ivl_68", 0 0, L_000002a4f99031d0;  1 drivers
v000002a4f98faac0_0 .net *"_ivl_680", 0 0, L_000002a4f9917af0;  1 drivers
v000002a4f98fb4c0_0 .net *"_ivl_682", 0 0, L_000002a4f9916cf0;  1 drivers
v000002a4f98fb920_0 .net *"_ivl_684", 0 0, L_000002a4f9916dd0;  1 drivers
v000002a4f98fab60_0 .net *"_ivl_686", 0 0, L_000002a4f9916f20;  1 drivers
v000002a4f98fb560_0 .net *"_ivl_688", 0 0, L_000002a4f9917d90;  1 drivers
v000002a4f98fae80_0 .net *"_ivl_690", 0 0, L_000002a4f9917bd0;  1 drivers
v000002a4f98fb9c0_0 .net *"_ivl_692", 0 0, L_000002a4f9917c40;  1 drivers
v000002a4f98fba60_0 .net *"_ivl_694", 0 0, L_000002a4f9917e00;  1 drivers
v000002a4f98faf20_0 .net *"_ivl_698", 0 0, L_000002a4f9917ee0;  1 drivers
v000002a4f98faca0_0 .net *"_ivl_70", 0 0, L_000002a4f99032b0;  1 drivers
v000002a4f98fb100_0 .net *"_ivl_700", 0 0, L_000002a4f9917cb0;  1 drivers
v000002a4f98fb380_0 .net *"_ivl_702", 0 0, L_000002a4f9917d20;  1 drivers
v000002a4f98f9da0_0 .net *"_ivl_704", 0 0, L_000002a4f991d100;  1 drivers
v000002a4f98f9c60_0 .net *"_ivl_706", 0 0, L_000002a4f991cae0;  1 drivers
v000002a4f98fa480_0 .net *"_ivl_708", 0 0, L_000002a4f991d4f0;  1 drivers
v000002a4f98fc000_0 .net *"_ivl_710", 0 0, L_000002a4f991bc00;  1 drivers
v000002a4f98fb600_0 .net *"_ivl_712", 0 0, L_000002a4f991cd80;  1 drivers
v000002a4f98fbce0_0 .net *"_ivl_714", 0 0, L_000002a4f991cd10;  1 drivers
v000002a4f98fbf60_0 .net *"_ivl_716", 0 0, L_000002a4f991cca0;  1 drivers
v000002a4f98fb240_0 .net *"_ivl_718", 0 0, L_000002a4f991cb50;  1 drivers
v000002a4f98fb6a0_0 .net *"_ivl_72", 0 0, L_000002a4f9902d00;  1 drivers
v000002a4f98f9e40_0 .net *"_ivl_720", 0 0, L_000002a4f991d6b0;  1 drivers
v000002a4f98f9ee0_0 .net *"_ivl_722", 0 0, L_000002a4f991bc70;  1 drivers
v000002a4f98fc0a0_0 .net *"_ivl_724", 0 0, L_000002a4f991d790;  1 drivers
v000002a4f98fa5c0_0 .net *"_ivl_726", 0 0, L_000002a4f991d560;  1 drivers
v000002a4f98fb740_0 .net *"_ivl_728", 0 0, L_000002a4f991c840;  1 drivers
v000002a4f98fb7e0_0 .net *"_ivl_730", 0 0, L_000002a4f991c530;  1 drivers
v000002a4f98fc1e0_0 .net *"_ivl_732", 0 0, L_000002a4f991d3a0;  1 drivers
v000002a4f98fc280_0 .net *"_ivl_734", 0 0, L_000002a4f991d250;  1 drivers
v000002a4f98f9b20_0 .net *"_ivl_736", 0 0, L_000002a4f991c8b0;  1 drivers
v000002a4f98f9bc0_0 .net *"_ivl_738", 0 0, L_000002a4f991d020;  1 drivers
v000002a4f99021a0_0 .net *"_ivl_74", 0 0, L_000002a4f9902d70;  1 drivers
v000002a4f9902100_0 .net *"_ivl_740", 0 0, L_000002a4f991c6f0;  1 drivers
v000002a4f9902060_0 .net *"_ivl_742", 0 0, L_000002a4f991ce60;  1 drivers
v000002a4f9901de0_0 .net *"_ivl_744", 0 0, L_000002a4f991d330;  1 drivers
v000002a4f99017a0_0 .net *"_ivl_746", 0 0, L_000002a4f991cbc0;  1 drivers
v000002a4f9901ac0_0 .net *"_ivl_748", 0 0, L_000002a4f991d720;  1 drivers
v000002a4f9901c00_0 .net *"_ivl_750", 0 0, L_000002a4f991d480;  1 drivers
v000002a4f99027e0_0 .net *"_ivl_752", 0 0, L_000002a4f991c5a0;  1 drivers
v000002a4f9901480_0 .net *"_ivl_754", 0 0, L_000002a4f991cc30;  1 drivers
v000002a4f9902880_0 .net *"_ivl_756", 0 0, L_000002a4f991d090;  1 drivers
v000002a4f9901520_0 .net *"_ivl_758", 0 0, L_000002a4f991bd50;  1 drivers
v000002a4f9901980_0 .net *"_ivl_76", 0 0, L_000002a4f9903390;  1 drivers
v000002a4f9902740_0 .net *"_ivl_760", 0 0, L_000002a4f991c4c0;  1 drivers
v000002a4f9901a20_0 .net *"_ivl_762", 0 0, L_000002a4f991c920;  1 drivers
v000002a4f9901840_0 .net *"_ivl_764", 0 0, L_000002a4f991c610;  1 drivers
v000002a4f9902600_0 .net *"_ivl_766", 0 0, L_000002a4f991c680;  1 drivers
v000002a4f9902380_0 .net *"_ivl_768", 0 0, L_000002a4f991d410;  1 drivers
v000002a4f9902420_0 .net *"_ivl_770", 0 0, L_000002a4f991c7d0;  1 drivers
v000002a4f99024c0_0 .net *"_ivl_772", 0 0, L_000002a4f991bf80;  1 drivers
v000002a4f9901340_0 .net *"_ivl_78", 0 0, L_000002a4f99036a0;  1 drivers
v000002a4f9902240_0 .net *"_ivl_8", 0 0, L_000002a4f9891c60;  1 drivers
v000002a4f9902560_0 .net *"_ivl_80", 0 0, L_000002a4f9902ec0;  1 drivers
v000002a4f99022e0_0 .net *"_ivl_82", 0 0, L_000002a4f99038d0;  1 drivers
v000002a4f99026a0_0 .net *"_ivl_84", 0 0, L_000002a4f99035c0;  1 drivers
v000002a4f9901ca0_0 .net *"_ivl_86", 0 0, L_000002a4f9902c90;  1 drivers
v000002a4f9902920_0 .net *"_ivl_88", 0 0, L_000002a4f99039b0;  1 drivers
v000002a4f99029c0_0 .net *"_ivl_90", 0 0, L_000002a4f9903080;  1 drivers
v000002a4f99013e0_0 .net *"_ivl_92", 0 0, L_000002a4f9902f30;  1 drivers
v000002a4f99015c0_0 .net *"_ivl_94", 0 0, L_000002a4f9902de0;  1 drivers
v000002a4f9901660_0 .net *"_ivl_96", 0 0, L_000002a4f9903470;  1 drivers
v000002a4f9901700_0 .net *"_ivl_98", 0 0, L_000002a4f9902fa0;  1 drivers
v000002a4f9901b60_0 .net "a", 0 0, L_000002a4f9906ab0;  1 drivers
v000002a4f99018e0_0 .net "b", 0 0, L_000002a4f9907450;  1 drivers
v000002a4f9901d40_0 .net "c", 0 0, L_000002a4f990c220;  1 drivers
v000002a4f9901f20_0 .net "c1", 0 0, o000002a4f9898a98;  0 drivers
v000002a4f9901e80_0 .net "c2", 0 0, o000002a4f9898ac8;  0 drivers
v000002a4f9901fc0_0 .net "c3", 0 0, o000002a4f9898af8;  0 drivers
v000002a4f99010c0_0 .net "c4", 0 0, o000002a4f9898b28;  0 drivers
v000002a4f9900260_0 .net "c5", 0 0, o000002a4f9898b58;  0 drivers
v000002a4f98ffb80_0 .net "d", 0 0, L_000002a4f990f500;  1 drivers
v000002a4f98ff2c0_0 .net "e", 0 0, L_000002a4f9917a10;  1 drivers
v000002a4f9900800_0 .net "f", 0 0, L_000002a4f9917e70;  1 drivers
v000002a4f9900300_0 .net "g", 0 0, L_000002a4f991c760;  1 drivers
# The file index is used to find the file name in the following table.
:file_names 3;
    "N/A";
    "<interactive>";
    "display.v";
