#! /c/Source/iverilog-install/bin/vvp
:ivl_version "12.0 (devel)" "(s20150603-1110-g18392a46)";
:ivl_delay_selection "TYPICAL";
:vpi_time_precision + 0;
:vpi_module "C:\iverilog\lib\ivl\system.vpi";
:vpi_module "C:\iverilog\lib\ivl\vhdl_sys.vpi";
:vpi_module "C:\iverilog\lib\ivl\vhdl_textio.vpi";
:vpi_module "C:\iverilog\lib\ivl\v2005_math.vpi";
:vpi_module "C:\iverilog\lib\ivl\va_math.vpi";
S_00000291aed54ab0 .scope module, "display" "display" 2 1;
 .timescale 0 0;
    .port_info 0 /INPUT 1 "c1";
    .port_info 1 /INPUT 1 "c2";
    .port_info 2 /INPUT 1 "c3";
    .port_info 3 /INPUT 1 "c4";
    .port_info 4 /INPUT 1 "c6";
    .port_info 5 /OUTPUT 1 "A";
    .port_info 6 /OUTPUT 1 "B";
    .port_info 7 /OUTPUT 1 "C";
    .port_info 8 /OUTPUT 1 "D";
    .port_info 9 /OUTPUT 1 "E";
    .port_info 10 /OUTPUT 1 "F";
    .port_info 11 /OUTPUT 1 "G";
o00000291aedc5898 .functor BUFZ 1, C4<z>; HiZ drive
L_00000291aedb3140 .functor NOT 1, o00000291aedc5898, C4<0>, C4<0>, C4<0>;
o00000291aedc58c8 .functor BUFZ 1, C4<z>; HiZ drive
L_00000291aedb2ce0 .functor NOT 1, o00000291aedc58c8, C4<0>, C4<0>, C4<0>;
L_00000291aedb31b0 .functor AND 1, L_00000291aedb3140, L_00000291aedb2ce0, C4<1>, C4<1>;
o00000291aedc58f8 .functor BUFZ 1, C4<z>; HiZ drive
L_00000291aedb3990 .functor NOT 1, o00000291aedc58f8, C4<0>, C4<0>, C4<0>;
L_00000291aedb3840 .functor AND 1, L_00000291aedb31b0, L_00000291aedb3990, C4<1>, C4<1>;
o00000291aedc5928 .functor BUFZ 1, C4<z>; HiZ drive
L_00000291aedb2d50 .functor NOT 1, o00000291aedc5928, C4<0>, C4<0>, C4<0>;
L_00000291aedb3300 .functor AND 1, L_00000291aedb3840, L_00000291aedb2d50, C4<1>, C4<1>;
o00000291aedc5958 .functor BUFZ 1, C4<z>; HiZ drive
L_00000291aee2f310 .functor NOT 1, o00000291aedc5958, C4<0>, C4<0>, C4<0>;
L_00000291aee2f540 .functor AND 1, L_00000291aedb3300, L_00000291aee2f310, C4<1>, C4<1>;
L_00000291aee2f9a0 .functor AND 1, o00000291aedc5898, o00000291aedc58c8, C4<1>, C4<1>;
L_00000291aee2f690 .functor AND 1, L_00000291aee2f9a0, o00000291aedc58f8, C4<1>, C4<1>;
L_00000291aee2faf0 .functor AND 1, L_00000291aee2f690, o00000291aedc5928, C4<1>, C4<1>;
L_00000291aee2fcb0 .functor AND 1, L_00000291aee2faf0, o00000291aedc5958, C4<1>, C4<1>;
L_00000291aee2f2a0 .functor OR 1, L_00000291aee2f540, L_00000291aee2fcb0, C4<0>, C4<0>;
L_00000291aee2f230 .functor AND 1, o00000291aedc58c8, o00000291aedc58f8, C4<1>, C4<1>;
L_00000291aee2f5b0 .functor NOT 1, o00000291aedc5928, C4<0>, C4<0>, C4<0>;
L_00000291aee2fa10 .functor AND 1, L_00000291aee2f230, L_00000291aee2f5b0, C4<1>, C4<1>;
L_00000291aee2fc40 .functor NOT 1, o00000291aedc5958, C4<0>, C4<0>, C4<0>;
L_00000291aee2fee0 .functor AND 1, L_00000291aee2fa10, L_00000291aee2fc40, C4<1>, C4<1>;
L_00000291aee2f150 .functor OR 1, L_00000291aee2f2a0, L_00000291aee2fee0, C4<0>, C4<0>;
L_00000291aee2fd20 .functor NOT 1, o00000291aedc5898, C4<0>, C4<0>, C4<0>;
L_00000291aee2f460 .functor NOT 1, o00000291aedc58c8, C4<0>, C4<0>, C4<0>;
L_00000291aee30030 .functor AND 1, L_00000291aee2fd20, L_00000291aee2f460, C4<1>, C4<1>;
L_00000291aee2f380 .functor AND 1, L_00000291aee30030, o00000291aedc5928, C4<1>, C4<1>;
L_00000291aee2ff50 .functor AND 1, L_00000291aee2f380, o00000291aedc5958, C4<1>, C4<1>;
L_00000291aee2fa80 .functor OR 1, L_00000291aee2f150, L_00000291aee2ff50, C4<0>, C4<0>;
L_00000291aee2f850 .functor NOT 1, o00000291aedc5898, C4<0>, C4<0>, C4<0>;
L_00000291aee2ffc0 .functor AND 1, L_00000291aee2f850, o00000291aedc58f8, C4<1>, C4<1>;
L_00000291aee2f4d0 .functor NOT 1, o00000291aedc5928, C4<0>, C4<0>, C4<0>;
L_00000291aee2fe00 .functor AND 1, L_00000291aee2ffc0, L_00000291aee2f4d0, C4<1>, C4<1>;
L_00000291aee2f1c0 .functor AND 1, L_00000291aee2fe00, o00000291aedc5958, C4<1>, C4<1>;
L_00000291aee2fd90 .functor OR 1, L_00000291aee2fa80, L_00000291aee2f1c0, C4<0>, C4<0>;
L_00000291aee2f620 .functor NOT 1, o00000291aedc5898, C4<0>, C4<0>, C4<0>;
L_00000291aee2f700 .functor AND 1, L_00000291aee2f620, o00000291aedc58f8, C4<1>, C4<1>;
L_00000291aee2fe70 .functor AND 1, L_00000291aee2f700, o00000291aedc5928, C4<1>, C4<1>;
L_00000291aee2f3f0 .functor NOT 1, o00000291aedc5958, C4<0>, C4<0>, C4<0>;
L_00000291aee2f770 .functor AND 1, L_00000291aee2fe70, L_00000291aee2f3f0, C4<1>, C4<1>;
L_00000291aee2f7e0 .functor OR 1, L_00000291aee2fd90, L_00000291aee2f770, C4<0>, C4<0>;
L_00000291aee2f8c0 .functor AND 1, o00000291aedc5898, o00000291aedc58c8, C4<1>, C4<1>;
L_00000291aee2f930 .functor NOT 1, o00000291aedc58f8, C4<0>, C4<0>, C4<0>;
L_00000291aee2fb60 .functor AND 1, L_00000291aee2f8c0, L_00000291aee2f930, C4<1>, C4<1>;
L_00000291aee2fbd0 .functor NOT 1, o00000291aedc5928, C4<0>, C4<0>, C4<0>;
L_00000291aee30320 .functor AND 1, L_00000291aee2fb60, L_00000291aee2fbd0, C4<1>, C4<1>;
L_00000291aee30d30 .functor OR 1, L_00000291aee2f7e0, L_00000291aee30320, C4<0>, C4<0>;
L_00000291aee301d0 .functor NOT 1, o00000291aedc58c8, C4<0>, C4<0>, C4<0>;
L_00000291aee315f0 .functor AND 1, o00000291aedc5898, L_00000291aee301d0, C4<1>, C4<1>;
L_00000291aee30860 .functor AND 1, L_00000291aee315f0, o00000291aedc58f8, C4<1>, C4<1>;
L_00000291aee30390 .functor NOT 1, o00000291aedc5928, C4<0>, C4<0>, C4<0>;
L_00000291aee307f0 .functor AND 1, L_00000291aee30860, L_00000291aee30390, C4<1>, C4<1>;
L_00000291aee30400 .functor OR 1, L_00000291aee30d30, L_00000291aee307f0, C4<0>, C4<0>;
L_00000291aee30630 .functor NOT 1, o00000291aedc58c8, C4<0>, C4<0>, C4<0>;
L_00000291aee310b0 .functor AND 1, o00000291aedc5898, L_00000291aee30630, C4<1>, C4<1>;
L_00000291aee31580 .functor NOT 1, o00000291aedc58f8, C4<0>, C4<0>, C4<0>;
L_00000291aee31ac0 .functor AND 1, L_00000291aee310b0, L_00000291aee31580, C4<1>, C4<1>;
L_00000291aee30da0 .functor AND 1, L_00000291aee31ac0, o00000291aedc5958, C4<1>, C4<1>;
L_00000291aee30710 .functor OR 1, L_00000291aee30400, L_00000291aee30da0, C4<0>, C4<0>;
L_00000291aee31820 .functor NOT 1, o00000291aedc58c8, C4<0>, C4<0>, C4<0>;
L_00000291aee30470 .functor AND 1, o00000291aedc5898, L_00000291aee31820, C4<1>, C4<1>;
L_00000291aee31120 .functor AND 1, L_00000291aee30470, o00000291aedc5928, C4<1>, C4<1>;
L_00000291aee30e80 .functor NOT 1, o00000291aedc5958, C4<0>, C4<0>, C4<0>;
L_00000291aee31190 .functor AND 1, L_00000291aee31120, L_00000291aee30e80, C4<1>, C4<1>;
L_00000291aee319e0 .functor OR 1, L_00000291aee30710, L_00000291aee31190, C4<0>, C4<0>;
L_00000291aee304e0 .functor NOT 1, o00000291aedc58f8, C4<0>, C4<0>, C4<0>;
L_00000291aee30a90 .functor AND 1, o00000291aedc58c8, L_00000291aee304e0, C4<1>, C4<1>;
L_00000291aee30b00 .functor AND 1, L_00000291aee30a90, o00000291aedc5928, C4<1>, C4<1>;
L_00000291aee306a0 .functor NOT 1, o00000291aedc5958, C4<0>, C4<0>, C4<0>;
L_00000291aee308d0 .functor AND 1, L_00000291aee30b00, L_00000291aee306a0, C4<1>, C4<1>;
L_00000291aee30550 .functor OR 1, L_00000291aee319e0, L_00000291aee308d0, C4<0>, C4<0>;
L_00000291aee316d0 .functor NOT 1, o00000291aedc58c8, C4<0>, C4<0>, C4<0>;
L_00000291aee30940 .functor AND 1, L_00000291aee316d0, o00000291aedc58f8, C4<1>, C4<1>;
L_00000291aee30ef0 .functor OR 1, o00000291aedc58c8, L_00000291aee30940, C4<0>, C4<0>;
L_00000291aee31660 .functor NOT 1, o00000291aedc58c8, C4<0>, C4<0>, C4<0>;
L_00000291aee31a50 .functor NOT 1, o00000291aedc58f8, C4<0>, C4<0>, C4<0>;
L_00000291aee317b0 .functor AND 1, L_00000291aee31660, L_00000291aee31a50, C4<1>, C4<1>;
L_00000291aee30f60 .functor AND 1, L_00000291aee317b0, o00000291aedc5928, C4<1>, C4<1>;
L_00000291aee30780 .functor AND 1, L_00000291aee30f60, o00000291aedc5958, C4<1>, C4<1>;
L_00000291aee31c10 .functor OR 1, L_00000291aee30ef0, L_00000291aee30780, C4<0>, C4<0>;
L_00000291aee302b0 .functor NOT 1, o00000291aedc58c8, C4<0>, C4<0>, C4<0>;
L_00000291aee31890 .functor NOT 1, o00000291aedc58f8, C4<0>, C4<0>, C4<0>;
L_00000291aee305c0 .functor AND 1, L_00000291aee302b0, L_00000291aee31890, C4<1>, C4<1>;
L_00000291aee31900 .functor AND 1, L_00000291aee305c0, o00000291aedc5928, C4<1>, C4<1>;
L_00000291aee30240 .functor OR 1, L_00000291aee31c10, L_00000291aee31900, C4<0>, C4<0>;
L_00000291aee309b0 .functor NOT 1, o00000291aedc58c8, C4<0>, C4<0>, C4<0>;
L_00000291aee31970 .functor AND 1, o00000291aedc5898, L_00000291aee309b0, C4<1>, C4<1>;
L_00000291aee31b30 .functor NOT 1, o00000291aedc58f8, C4<0>, C4<0>, C4<0>;
L_00000291aee30b70 .functor AND 1, L_00000291aee31970, L_00000291aee31b30, C4<1>, C4<1>;
L_00000291aee31740 .functor NOT 1, o00000291aedc5928, C4<0>, C4<0>, C4<0>;
L_00000291aee31510 .functor AND 1, L_00000291aee30b70, L_00000291aee31740, C4<1>, C4<1>;
L_00000291aee31200 .functor NOT 1, o00000291aedc5958, C4<0>, C4<0>, C4<0>;
L_00000291aee30a20 .functor AND 1, L_00000291aee31510, L_00000291aee31200, C4<1>, C4<1>;
L_00000291aee30160 .functor OR 1, L_00000291aee30240, L_00000291aee30a20, C4<0>, C4<0>;
L_00000291aee31430 .functor NOT 1, o00000291aedc58c8, C4<0>, C4<0>, C4<0>;
L_00000291aee30be0 .functor NOT 1, o00000291aedc5928, C4<0>, C4<0>, C4<0>;
L_00000291aee30fd0 .functor AND 1, L_00000291aee31430, L_00000291aee30be0, C4<1>, C4<1>;
L_00000291aee31040 .functor NOT 1, o00000291aedc5958, C4<0>, C4<0>, C4<0>;
L_00000291aee30c50 .functor AND 1, L_00000291aee30fd0, L_00000291aee31040, C4<1>, C4<1>;
L_00000291aee30cc0 .functor NOT 1, o00000291aedc5898, C4<0>, C4<0>, C4<0>;
L_00000291aee31ba0 .functor NOT 1, o00000291aedc5928, C4<0>, C4<0>, C4<0>;
L_00000291aee30e10 .functor AND 1, L_00000291aee30cc0, L_00000291aee31ba0, C4<1>, C4<1>;
L_00000291aee31270 .functor NOT 1, o00000291aedc5958, C4<0>, C4<0>, C4<0>;
L_00000291aee31c80 .functor AND 1, L_00000291aee30e10, L_00000291aee31270, C4<1>, C4<1>;
L_00000291aee312e0 .functor OR 1, L_00000291aee30c50, L_00000291aee31c80, C4<0>, C4<0>;
L_00000291aee31350 .functor NOT 1, o00000291aedc58c8, C4<0>, C4<0>, C4<0>;
L_00000291aee313c0 .functor NOT 1, o00000291aedc58f8, C4<0>, C4<0>, C4<0>;
L_00000291aee314a0 .functor AND 1, L_00000291aee31350, L_00000291aee313c0, C4<1>, C4<1>;
L_00000291aee31cf0 .functor NOT 1, o00000291aedc5928, C4<0>, C4<0>, C4<0>;
L_00000291aee31f20 .functor AND 1, L_00000291aee314a0, L_00000291aee31cf0, C4<1>, C4<1>;
L_00000291aee31dd0 .functor AND 1, L_00000291aee31f20, o00000291aedc5958, C4<1>, C4<1>;
L_00000291aee31e40 .functor OR 1, L_00000291aee312e0, L_00000291aee31dd0, C4<0>, C4<0>;
L_00000291aee31f90 .functor NOT 1, o00000291aedc5898, C4<0>, C4<0>, C4<0>;
L_00000291aee31eb0 .functor NOT 1, o00000291aedc58c8, C4<0>, C4<0>, C4<0>;
L_00000291aee32000 .functor AND 1, L_00000291aee31f90, L_00000291aee31eb0, C4<1>, C4<1>;
L_00000291aee32070 .functor NOT 1, o00000291aedc58f8, C4<0>, C4<0>, C4<0>;
L_00000291aee31d60 .functor AND 1, L_00000291aee32000, L_00000291aee32070, C4<1>, C4<1>;
L_00000291aee34d50 .functor AND 1, L_00000291aee31d60, o00000291aedc5958, C4<1>, C4<1>;
L_00000291aee34f10 .functor OR 1, L_00000291aee31e40, L_00000291aee34d50, C4<0>, C4<0>;
L_00000291aee362c0 .functor NOT 1, o00000291aedc5898, C4<0>, C4<0>, C4<0>;
L_00000291aee35c30 .functor NOT 1, o00000291aedc58c8, C4<0>, C4<0>, C4<0>;
L_00000291aee34960 .functor AND 1, L_00000291aee362c0, L_00000291aee35c30, C4<1>, C4<1>;
L_00000291aee35370 .functor AND 1, L_00000291aee34960, o00000291aedc5928, C4<1>, C4<1>;
L_00000291aee34f80 .functor NOT 1, o00000291aedc5958, C4<0>, C4<0>, C4<0>;
L_00000291aee35450 .functor AND 1, L_00000291aee35370, L_00000291aee34f80, C4<1>, C4<1>;
L_00000291aee35140 .functor OR 1, L_00000291aee34f10, L_00000291aee35450, C4<0>, C4<0>;
L_00000291aee354c0 .functor NOT 1, o00000291aedc58c8, C4<0>, C4<0>, C4<0>;
L_00000291aee35bc0 .functor AND 1, o00000291aedc5898, L_00000291aee354c0, C4<1>, C4<1>;
L_00000291aee357d0 .functor NOT 1, o00000291aedc58f8, C4<0>, C4<0>, C4<0>;
L_00000291aee353e0 .functor AND 1, L_00000291aee35bc0, L_00000291aee357d0, C4<1>, C4<1>;
L_00000291aee348f0 .functor NOT 1, o00000291aedc5928, C4<0>, C4<0>, C4<0>;
L_00000291aee35ca0 .functor AND 1, L_00000291aee353e0, L_00000291aee348f0, C4<1>, C4<1>;
L_00000291aee35220 .functor OR 1, L_00000291aee35140, L_00000291aee35ca0, C4<0>, C4<0>;
L_00000291aee35a00 .functor NOT 1, o00000291aedc58f8, C4<0>, C4<0>, C4<0>;
L_00000291aee34ab0 .functor AND 1, o00000291aedc58c8, L_00000291aee35a00, C4<1>, C4<1>;
L_00000291aee35920 .functor NOT 1, o00000291aedc5928, C4<0>, C4<0>, C4<0>;
L_00000291aee35530 .functor AND 1, L_00000291aee34ab0, L_00000291aee35920, C4<1>, C4<1>;
L_00000291aee35fb0 .functor NOT 1, o00000291aedc5958, C4<0>, C4<0>, C4<0>;
L_00000291aee35290 .functor AND 1, L_00000291aee35530, L_00000291aee35fb0, C4<1>, C4<1>;
L_00000291aee34dc0 .functor OR 1, L_00000291aee35220, L_00000291aee35290, C4<0>, C4<0>;
L_00000291aee36250 .functor NOT 1, o00000291aedc5898, C4<0>, C4<0>, C4<0>;
L_00000291aee34a40 .functor NOT 1, o00000291aedc58c8, C4<0>, C4<0>, C4<0>;
L_00000291aee355a0 .functor AND 1, L_00000291aee36250, L_00000291aee34a40, C4<1>, C4<1>;
L_00000291aee34b20 .functor NOT 1, o00000291aedc5928, C4<0>, C4<0>, C4<0>;
L_00000291aee34880 .functor AND 1, L_00000291aee355a0, L_00000291aee34b20, C4<1>, C4<1>;
L_00000291aee35ae0 .functor AND 1, L_00000291aee34880, o00000291aedc5958, C4<1>, C4<1>;
L_00000291aee35990 .functor OR 1, L_00000291aee34dc0, L_00000291aee35ae0, C4<0>, C4<0>;
L_00000291aee36090 .functor NOT 1, o00000291aedc5898, C4<0>, C4<0>, C4<0>;
L_00000291aee35060 .functor NOT 1, o00000291aedc58f8, C4<0>, C4<0>, C4<0>;
L_00000291aee35610 .functor AND 1, L_00000291aee36090, L_00000291aee35060, C4<1>, C4<1>;
L_00000291aee34ce0 .functor NOT 1, o00000291aedc5928, C4<0>, C4<0>, C4<0>;
L_00000291aee36020 .functor AND 1, L_00000291aee35610, L_00000291aee34ce0, C4<1>, C4<1>;
L_00000291aee361e0 .functor AND 1, L_00000291aee36020, o00000291aedc5958, C4<1>, C4<1>;
L_00000291aee35300 .functor OR 1, L_00000291aee35990, L_00000291aee361e0, C4<0>, C4<0>;
L_00000291aee34e30 .functor NOT 1, o00000291aedc5898, C4<0>, C4<0>, C4<0>;
L_00000291aee35840 .functor NOT 1, o00000291aedc58f8, C4<0>, C4<0>, C4<0>;
L_00000291aee349d0 .functor AND 1, L_00000291aee34e30, L_00000291aee35840, C4<1>, C4<1>;
L_00000291aee34ea0 .functor AND 1, L_00000291aee349d0, o00000291aedc5928, C4<1>, C4<1>;
L_00000291aee34ff0 .functor NOT 1, o00000291aedc5958, C4<0>, C4<0>, C4<0>;
L_00000291aee350d0 .functor AND 1, L_00000291aee34ea0, L_00000291aee34ff0, C4<1>, C4<1>;
L_00000291aee351b0 .functor OR 1, L_00000291aee35300, L_00000291aee350d0, C4<0>, C4<0>;
L_00000291aee36330 .functor AND 1, o00000291aedc58c8, o00000291aedc58f8, C4<1>, C4<1>;
L_00000291aee35d10 .functor AND 1, L_00000291aee36330, o00000291aedc5928, C4<1>, C4<1>;
L_00000291aee35d80 .functor AND 1, L_00000291aee35d10, o00000291aedc5958, C4<1>, C4<1>;
L_00000291aee35680 .functor OR 1, L_00000291aee351b0, L_00000291aee35d80, C4<0>, C4<0>;
L_00000291aee35e60 .functor AND 1, o00000291aedc5898, o00000291aedc58f8, C4<1>, C4<1>;
L_00000291aee34c00 .functor AND 1, L_00000291aee35e60, o00000291aedc5928, C4<1>, C4<1>;
L_00000291aee356f0 .functor AND 1, L_00000291aee34c00, o00000291aedc5958, C4<1>, C4<1>;
L_00000291aee35df0 .functor OR 1, L_00000291aee35680, L_00000291aee356f0, C4<0>, C4<0>;
L_00000291aee36100 .functor AND 1, o00000291aedc5898, o00000291aedc58c8, C4<1>, C4<1>;
L_00000291aee358b0 .functor AND 1, L_00000291aee36100, o00000291aedc58f8, C4<1>, C4<1>;
L_00000291aee35760 .functor AND 1, L_00000291aee358b0, o00000291aedc5958, C4<1>, C4<1>;
L_00000291aee34b90 .functor OR 1, L_00000291aee35df0, L_00000291aee35760, C4<0>, C4<0>;
L_00000291aee34c70 .functor AND 1, o00000291aedc5898, o00000291aedc58c8, C4<1>, C4<1>;
L_00000291aee35a70 .functor AND 1, L_00000291aee34c70, o00000291aedc58f8, C4<1>, C4<1>;
L_00000291aee363a0 .functor AND 1, L_00000291aee35a70, o00000291aedc5928, C4<1>, C4<1>;
L_00000291aee35b50 .functor OR 1, L_00000291aee34b90, L_00000291aee363a0, C4<0>, C4<0>;
L_00000291aee35ed0 .functor AND 1, o00000291aedc5898, o00000291aedc58c8, C4<1>, C4<1>;
L_00000291aee35f40 .functor AND 1, L_00000291aee35ed0, o00000291aedc5928, C4<1>, C4<1>;
L_00000291aee36170 .functor AND 1, L_00000291aee35f40, o00000291aedc5958, C4<1>, C4<1>;
L_00000291aee36410 .functor OR 1, L_00000291aee35b50, L_00000291aee36170, C4<0>, C4<0>;
L_00000291aee36480 .functor NOT 1, o00000291aedc5898, C4<0>, C4<0>, C4<0>;
L_00000291aee364f0 .functor NOT 1, o00000291aedc58c8, C4<0>, C4<0>, C4<0>;
L_00000291aee36720 .functor AND 1, L_00000291aee36480, L_00000291aee364f0, C4<1>, C4<1>;
L_00000291aee365d0 .functor NOT 1, o00000291aedc58f8, C4<0>, C4<0>, C4<0>;
L_00000291aee36560 .functor AND 1, L_00000291aee36720, L_00000291aee365d0, C4<1>, C4<1>;
L_00000291aee36640 .functor NOT 1, o00000291aedc5928, C4<0>, C4<0>, C4<0>;
L_00000291aee366b0 .functor AND 1, L_00000291aee36560, L_00000291aee36640, C4<1>, C4<1>;
L_00000291aee36790 .functor NOT 1, o00000291aedc5958, C4<0>, C4<0>, C4<0>;
L_00000291aee38290 .functor AND 1, L_00000291aee366b0, L_00000291aee36790, C4<1>, C4<1>;
L_00000291aee38060 .functor AND 1, o00000291aedc5898, o00000291aedc58c8, C4<1>, C4<1>;
L_00000291aee373b0 .functor AND 1, L_00000291aee38060, o00000291aedc58f8, C4<1>, C4<1>;
L_00000291aee37180 .functor AND 1, L_00000291aee373b0, o00000291aedc5928, C4<1>, C4<1>;
L_00000291aee38760 .functor AND 1, L_00000291aee37180, o00000291aedc5958, C4<1>, C4<1>;
L_00000291aee37e30 .functor OR 1, L_00000291aee38290, L_00000291aee38760, C4<0>, C4<0>;
L_00000291aee371f0 .functor AND 1, o00000291aedc58c8, o00000291aedc58f8, C4<1>, C4<1>;
L_00000291aee37260 .functor NOT 1, o00000291aedc5928, C4<0>, C4<0>, C4<0>;
L_00000291aee37dc0 .functor AND 1, L_00000291aee371f0, L_00000291aee37260, C4<1>, C4<1>;
L_00000291aee38840 .functor NOT 1, o00000291aedc5958, C4<0>, C4<0>, C4<0>;
L_00000291aee36e70 .functor AND 1, L_00000291aee37dc0, L_00000291aee38840, C4<1>, C4<1>;
L_00000291aee372d0 .functor OR 1, L_00000291aee37e30, L_00000291aee36e70, C4<0>, C4<0>;
L_00000291aee38990 .functor NOT 1, o00000291aedc5898, C4<0>, C4<0>, C4<0>;
L_00000291aee37ea0 .functor NOT 1, o00000291aedc58c8, C4<0>, C4<0>, C4<0>;
L_00000291aee38300 .functor AND 1, L_00000291aee38990, L_00000291aee37ea0, C4<1>, C4<1>;
L_00000291aee37340 .functor AND 1, L_00000291aee38300, o00000291aedc5928, C4<1>, C4<1>;
L_00000291aee37ff0 .functor AND 1, L_00000291aee37340, o00000291aedc5958, C4<1>, C4<1>;
L_00000291aee388b0 .functor OR 1, L_00000291aee372d0, L_00000291aee37ff0, C4<0>, C4<0>;
L_00000291aee37ce0 .functor NOT 1, o00000291aedc5898, C4<0>, C4<0>, C4<0>;
L_00000291aee38140 .functor AND 1, L_00000291aee37ce0, o00000291aedc58f8, C4<1>, C4<1>;
L_00000291aee385a0 .functor NOT 1, o00000291aedc5928, C4<0>, C4<0>, C4<0>;
L_00000291aee37810 .functor AND 1, L_00000291aee38140, L_00000291aee385a0, C4<1>, C4<1>;
L_00000291aee37420 .functor AND 1, L_00000291aee37810, o00000291aedc5958, C4<1>, C4<1>;
L_00000291aee37880 .functor OR 1, L_00000291aee388b0, L_00000291aee37420, C4<0>, C4<0>;
L_00000291aee380d0 .functor NOT 1, o00000291aedc5898, C4<0>, C4<0>, C4<0>;
L_00000291aee37a40 .functor AND 1, L_00000291aee380d0, o00000291aedc58f8, C4<1>, C4<1>;
L_00000291aee37b20 .functor AND 1, L_00000291aee37a40, o00000291aedc5928, C4<1>, C4<1>;
L_00000291aee38370 .functor NOT 1, o00000291aedc5958, C4<0>, C4<0>, C4<0>;
L_00000291aee381b0 .functor AND 1, L_00000291aee37b20, L_00000291aee38370, C4<1>, C4<1>;
L_00000291aee37030 .functor OR 1, L_00000291aee37880, L_00000291aee381b0, C4<0>, C4<0>;
L_00000291aee37b90 .functor AND 1, o00000291aedc5898, o00000291aedc58c8, C4<1>, C4<1>;
L_00000291aee370a0 .functor NOT 1, o00000291aedc58f8, C4<0>, C4<0>, C4<0>;
L_00000291aee387d0 .functor AND 1, L_00000291aee37b90, L_00000291aee370a0, C4<1>, C4<1>;
L_00000291aee37d50 .functor NOT 1, o00000291aedc5928, C4<0>, C4<0>, C4<0>;
L_00000291aee37f10 .functor AND 1, L_00000291aee387d0, L_00000291aee37d50, C4<1>, C4<1>;
L_00000291aee37490 .functor OR 1, L_00000291aee37030, L_00000291aee37f10, C4<0>, C4<0>;
L_00000291aee37500 .functor NOT 1, o00000291aedc58c8, C4<0>, C4<0>, C4<0>;
L_00000291aee37570 .functor AND 1, o00000291aedc5898, L_00000291aee37500, C4<1>, C4<1>;
L_00000291aee38a00 .functor AND 1, L_00000291aee37570, o00000291aedc58f8, C4<1>, C4<1>;
L_00000291aee37110 .functor NOT 1, o00000291aedc5928, C4<0>, C4<0>, C4<0>;
L_00000291aee375e0 .functor AND 1, L_00000291aee38a00, L_00000291aee37110, C4<1>, C4<1>;
L_00000291aee376c0 .functor OR 1, L_00000291aee37490, L_00000291aee375e0, C4<0>, C4<0>;
L_00000291aee37c00 .functor NOT 1, o00000291aedc58c8, C4<0>, C4<0>, C4<0>;
L_00000291aee38450 .functor AND 1, o00000291aedc5898, L_00000291aee37c00, C4<1>, C4<1>;
L_00000291aee38530 .functor NOT 1, o00000291aedc58f8, C4<0>, C4<0>, C4<0>;
L_00000291aee37650 .functor AND 1, L_00000291aee38450, L_00000291aee38530, C4<1>, C4<1>;
L_00000291aee379d0 .functor AND 1, L_00000291aee37650, o00000291aedc5958, C4<1>, C4<1>;
L_00000291aee383e0 .functor OR 1, L_00000291aee376c0, L_00000291aee379d0, C4<0>, C4<0>;
L_00000291aee37730 .functor NOT 1, o00000291aedc58c8, C4<0>, C4<0>, C4<0>;
L_00000291aee36ee0 .functor AND 1, o00000291aedc5898, L_00000291aee37730, C4<1>, C4<1>;
L_00000291aee384c0 .functor AND 1, L_00000291aee36ee0, o00000291aedc5928, C4<1>, C4<1>;
L_00000291aee38920 .functor NOT 1, o00000291aedc5958, C4<0>, C4<0>, C4<0>;
L_00000291aee38220 .functor AND 1, L_00000291aee384c0, L_00000291aee38920, C4<1>, C4<1>;
L_00000291aee378f0 .functor OR 1, L_00000291aee383e0, L_00000291aee38220, C4<0>, C4<0>;
L_00000291aee37c70 .functor NOT 1, o00000291aedc58f8, C4<0>, C4<0>, C4<0>;
L_00000291aee36fc0 .functor AND 1, o00000291aedc58c8, L_00000291aee37c70, C4<1>, C4<1>;
L_00000291aee36f50 .functor AND 1, L_00000291aee36fc0, o00000291aedc5928, C4<1>, C4<1>;
L_00000291aee38610 .functor NOT 1, o00000291aedc5958, C4<0>, C4<0>, C4<0>;
L_00000291aee377a0 .functor AND 1, L_00000291aee36f50, L_00000291aee38610, C4<1>, C4<1>;
L_00000291aee37960 .functor OR 1, L_00000291aee378f0, L_00000291aee377a0, C4<0>, C4<0>;
L_00000291aee37ab0 .functor NOT 1, o00000291aedc5898, C4<0>, C4<0>, C4<0>;
L_00000291aee37f80 .functor AND 1, L_00000291aee37ab0, o00000291aedc58c8, C4<1>, C4<1>;
L_00000291aee38680 .functor NOT 1, o00000291aedc58f8, C4<0>, C4<0>, C4<0>;
L_00000291aee386f0 .functor AND 1, L_00000291aee37f80, L_00000291aee38680, C4<1>, C4<1>;
L_00000291aee38bc0 .functor AND 1, L_00000291aee386f0, o00000291aedc5928, C4<1>, C4<1>;
L_00000291aee38ca0 .functor AND 1, L_00000291aee38bc0, o00000291aedc5958, C4<1>, C4<1>;
L_00000291aee38d10 .functor NOT 1, o00000291aedc5898, C4<0>, C4<0>, C4<0>;
L_00000291aee38d80 .functor AND 1, L_00000291aee38d10, o00000291aedc58c8, C4<1>, C4<1>;
L_00000291aee38a70 .functor AND 1, L_00000291aee38d80, o00000291aedc58f8, C4<1>, C4<1>;
L_00000291aee38b50 .functor NOT 1, o00000291aedc5928, C4<0>, C4<0>, C4<0>;
L_00000291aee38c30 .functor AND 1, L_00000291aee38a70, L_00000291aee38b50, C4<1>, C4<1>;
L_00000291aee38ae0 .functor AND 1, L_00000291aee38c30, o00000291aedc5958, C4<1>, C4<1>;
L_00000291aee41440 .functor OR 1, L_00000291aee38ca0, L_00000291aee38ae0, C4<0>, C4<0>;
L_00000291aee40480 .functor NOT 1, o00000291aedc5898, C4<0>, C4<0>, C4<0>;
L_00000291aee40e20 .functor NOT 1, o00000291aedc58c8, C4<0>, C4<0>, C4<0>;
L_00000291aee40790 .functor AND 1, L_00000291aee40480, L_00000291aee40e20, C4<1>, C4<1>;
L_00000291aee41ad0 .functor AND 1, L_00000291aee40790, o00000291aedc58f8, C4<1>, C4<1>;
L_00000291aee40b80 .functor AND 1, L_00000291aee41ad0, o00000291aedc5928, C4<1>, C4<1>;
L_00000291aee413d0 .functor AND 1, L_00000291aee40b80, o00000291aedc5958, C4<1>, C4<1>;
L_00000291aee41b40 .functor OR 1, L_00000291aee41440, L_00000291aee413d0, C4<0>, C4<0>;
L_00000291aee40bf0 .functor NOT 1, o00000291aedc5898, C4<0>, C4<0>, C4<0>;
L_00000291aee41210 .functor AND 1, L_00000291aee40bf0, o00000291aedc58c8, C4<1>, C4<1>;
L_00000291aee40870 .functor AND 1, L_00000291aee41210, o00000291aedc58f8, C4<1>, C4<1>;
L_00000291aee40cd0 .functor AND 1, L_00000291aee40870, o00000291aedc5928, C4<1>, C4<1>;
L_00000291aee40c60 .functor NOT 1, o00000291aedc5958, C4<0>, C4<0>, C4<0>;
L_00000291aee40e90 .functor AND 1, L_00000291aee40cd0, L_00000291aee40c60, C4<1>, C4<1>;
L_00000291aee40640 .functor OR 1, L_00000291aee41b40, L_00000291aee40e90, C4<0>, C4<0>;
L_00000291aee404f0 .functor AND 1, o00000291aedc5898, o00000291aedc58c8, C4<1>, C4<1>;
L_00000291aee41910 .functor AND 1, L_00000291aee404f0, o00000291aedc58f8, C4<1>, C4<1>;
L_00000291aee40d40 .functor NOT 1, o00000291aedc5928, C4<0>, C4<0>, C4<0>;
L_00000291aee406b0 .functor AND 1, L_00000291aee41910, L_00000291aee40d40, C4<1>, C4<1>;
L_00000291aee411a0 .functor NOT 1, o00000291aedc5958, C4<0>, C4<0>, C4<0>;
L_00000291aee40720 .functor AND 1, L_00000291aee406b0, L_00000291aee411a0, C4<1>, C4<1>;
L_00000291aee40950 .functor OR 1, L_00000291aee40640, L_00000291aee40720, C4<0>, C4<0>;
L_00000291aee41c20 .functor AND 1, o00000291aedc5898, o00000291aedc58c8, C4<1>, C4<1>;
L_00000291aee414b0 .functor NOT 1, o00000291aedc58f8, C4<0>, C4<0>, C4<0>;
L_00000291aee409c0 .functor AND 1, L_00000291aee41c20, L_00000291aee414b0, C4<1>, C4<1>;
L_00000291aee40a30 .functor NOT 1, o00000291aedc5928, C4<0>, C4<0>, C4<0>;
L_00000291aee40aa0 .functor AND 1, L_00000291aee409c0, L_00000291aee40a30, C4<1>, C4<1>;
L_00000291aee41bb0 .functor AND 1, L_00000291aee40aa0, o00000291aedc5958, C4<1>, C4<1>;
L_00000291aee41c90 .functor OR 1, L_00000291aee40950, L_00000291aee41bb0, C4<0>, C4<0>;
L_00000291aee40b10 .functor NOT 1, o00000291aedc58c8, C4<0>, C4<0>, C4<0>;
L_00000291aee41e50 .functor AND 1, o00000291aedc5898, L_00000291aee40b10, C4<1>, C4<1>;
L_00000291aee41280 .functor AND 1, L_00000291aee41e50, o00000291aedc58f8, C4<1>, C4<1>;
L_00000291aee40db0 .functor NOT 1, o00000291aedc5928, C4<0>, C4<0>, C4<0>;
L_00000291aee40f00 .functor AND 1, L_00000291aee41280, L_00000291aee40db0, C4<1>, C4<1>;
L_00000291aee40f70 .functor AND 1, L_00000291aee40f00, o00000291aedc5958, C4<1>, C4<1>;
L_00000291aee408e0 .functor OR 1, L_00000291aee41c90, L_00000291aee40f70, C4<0>, C4<0>;
L_00000291aee41980 .functor NOT 1, o00000291aedc58c8, C4<0>, C4<0>, C4<0>;
L_00000291aee40fe0 .functor AND 1, o00000291aedc5898, L_00000291aee41980, C4<1>, C4<1>;
L_00000291aee40800 .functor NOT 1, o00000291aedc58f8, C4<0>, C4<0>, C4<0>;
L_00000291aee41050 .functor AND 1, L_00000291aee40fe0, L_00000291aee40800, C4<1>, C4<1>;
L_00000291aee410c0 .functor AND 1, L_00000291aee41050, o00000291aedc5928, C4<1>, C4<1>;
L_00000291aee41d00 .functor AND 1, L_00000291aee410c0, o00000291aedc5958, C4<1>, C4<1>;
L_00000291aee41130 .functor OR 1, L_00000291aee408e0, L_00000291aee41d00, C4<0>, C4<0>;
L_00000291aee405d0 .functor AND 1, o00000291aedc5898, o00000291aedc58c8, C4<1>, C4<1>;
L_00000291aee41520 .functor AND 1, L_00000291aee405d0, o00000291aedc58f8, C4<1>, C4<1>;
L_00000291aee412f0 .functor NOT 1, o00000291aedc5928, C4<0>, C4<0>, C4<0>;
L_00000291aee41ec0 .functor AND 1, L_00000291aee41520, L_00000291aee412f0, C4<1>, C4<1>;
L_00000291aee41a60 .functor AND 1, L_00000291aee41ec0, o00000291aedc5958, C4<1>, C4<1>;
L_00000291aee41830 .functor OR 1, L_00000291aee41130, L_00000291aee41a60, C4<0>, C4<0>;
L_00000291aee41360 .functor NOT 1, o00000291aedc58c8, C4<0>, C4<0>, C4<0>;
L_00000291aee41f30 .functor AND 1, o00000291aedc5898, L_00000291aee41360, C4<1>, C4<1>;
L_00000291aee416e0 .functor AND 1, L_00000291aee41f30, o00000291aedc58f8, C4<1>, C4<1>;
L_00000291aee41d70 .functor AND 1, L_00000291aee416e0, o00000291aedc5928, C4<1>, C4<1>;
L_00000291aee41de0 .functor NOT 1, o00000291aedc5958, C4<0>, C4<0>, C4<0>;
L_00000291aee419f0 .functor AND 1, L_00000291aee41d70, L_00000291aee41de0, C4<1>, C4<1>;
L_00000291aee41590 .functor OR 1, L_00000291aee41830, L_00000291aee419f0, C4<0>, C4<0>;
L_00000291aee41fa0 .functor AND 1, o00000291aedc5898, o00000291aedc58c8, C4<1>, C4<1>;
L_00000291aee41600 .functor NOT 1, o00000291aedc58f8, C4<0>, C4<0>, C4<0>;
L_00000291aee42010 .functor AND 1, L_00000291aee41fa0, L_00000291aee41600, C4<1>, C4<1>;
L_00000291aee40560 .functor AND 1, L_00000291aee42010, o00000291aedc5928, C4<1>, C4<1>;
L_00000291aee41670 .functor NOT 1, o00000291aedc5958, C4<0>, C4<0>, C4<0>;
L_00000291aee41750 .functor AND 1, L_00000291aee40560, L_00000291aee41670, C4<1>, C4<1>;
L_00000291aee417c0 .functor OR 1, L_00000291aee41590, L_00000291aee41750, C4<0>, C4<0>;
L_00000291aee418a0 .functor AND 1, o00000291aedc5898, o00000291aedc58c8, C4<1>, C4<1>;
L_00000291aee42390 .functor AND 1, L_00000291aee418a0, o00000291aedc58f8, C4<1>, C4<1>;
L_00000291aee422b0 .functor AND 1, L_00000291aee42390, o00000291aedc5928, C4<1>, C4<1>;
L_00000291aee42160 .functor AND 1, L_00000291aee422b0, o00000291aedc5958, C4<1>, C4<1>;
L_00000291aee42320 .functor NOT 1, o00000291aedc58c8, C4<0>, C4<0>, C4<0>;
L_00000291aee421d0 .functor NOT 1, o00000291aedc58f8, C4<0>, C4<0>, C4<0>;
L_00000291aee42080 .functor AND 1, L_00000291aee42320, L_00000291aee421d0, C4<1>, C4<1>;
L_00000291aee420f0 .functor NOT 1, o00000291aedc5928, C4<0>, C4<0>, C4<0>;
L_00000291aee42240 .functor AND 1, L_00000291aee42080, L_00000291aee420f0, C4<1>, C4<1>;
L_00000291aee45630 .functor NOT 1, o00000291aedc5958, C4<0>, C4<0>, C4<0>;
L_00000291aee44ad0 .functor AND 1, L_00000291aee42240, L_00000291aee45630, C4<1>, C4<1>;
L_00000291aee44d00 .functor OR 1, L_00000291aee42160, L_00000291aee44ad0, C4<0>, C4<0>;
L_00000291aee44600 .functor NOT 1, o00000291aedc5898, C4<0>, C4<0>, C4<0>;
L_00000291aee45470 .functor NOT 1, o00000291aedc58c8, C4<0>, C4<0>, C4<0>;
L_00000291aee45d30 .functor AND 1, L_00000291aee44600, L_00000291aee45470, C4<1>, C4<1>;
L_00000291aee44b40 .functor NOT 1, o00000291aedc58f8, C4<0>, C4<0>, C4<0>;
L_00000291aee45fd0 .functor AND 1, L_00000291aee45d30, L_00000291aee44b40, C4<1>, C4<1>;
L_00000291aee44e50 .functor NOT 1, o00000291aedc5928, C4<0>, C4<0>, C4<0>;
L_00000291aee447c0 .functor AND 1, L_00000291aee45fd0, L_00000291aee44e50, C4<1>, C4<1>;
L_00000291aee45b00 .functor OR 1, L_00000291aee44d00, L_00000291aee447c0, C4<0>, C4<0>;
L_00000291aee45e80 .functor NOT 1, o00000291aedc5898, C4<0>, C4<0>, C4<0>;
L_00000291aee45400 .functor NOT 1, o00000291aedc58c8, C4<0>, C4<0>, C4<0>;
L_00000291aee45320 .functor AND 1, L_00000291aee45e80, L_00000291aee45400, C4<1>, C4<1>;
L_00000291aee45550 .functor NOT 1, o00000291aedc5928, C4<0>, C4<0>, C4<0>;
L_00000291aee454e0 .functor AND 1, L_00000291aee45320, L_00000291aee45550, C4<1>, C4<1>;
L_00000291aee448a0 .functor NOT 1, o00000291aedc5958, C4<0>, C4<0>, C4<0>;
L_00000291aee45240 .functor AND 1, L_00000291aee454e0, L_00000291aee448a0, C4<1>, C4<1>;
L_00000291aee44c90 .functor OR 1, L_00000291aee45b00, L_00000291aee45240, C4<0>, C4<0>;
L_00000291aee45ef0 .functor NOT 1, o00000291aedc5898, C4<0>, C4<0>, C4<0>;
L_00000291aee44670 .functor NOT 1, o00000291aedc58c8, C4<0>, C4<0>, C4<0>;
L_00000291aee45160 .functor AND 1, L_00000291aee45ef0, L_00000291aee44670, C4<1>, C4<1>;
L_00000291aee45940 .functor NOT 1, o00000291aedc58f8, C4<0>, C4<0>, C4<0>;
L_00000291aee44bb0 .functor AND 1, L_00000291aee45160, L_00000291aee45940, C4<1>, C4<1>;
L_00000291aee459b0 .functor AND 1, L_00000291aee44bb0, o00000291aedc5958, C4<1>, C4<1>;
L_00000291aee451d0 .functor OR 1, L_00000291aee44c90, L_00000291aee459b0, C4<0>, C4<0>;
L_00000291aee452b0 .functor NOT 1, o00000291aedc5898, C4<0>, C4<0>, C4<0>;
L_00000291aee44980 .functor NOT 1, o00000291aedc58f8, C4<0>, C4<0>, C4<0>;
L_00000291aee45390 .functor AND 1, L_00000291aee452b0, L_00000291aee44980, C4<1>, C4<1>;
L_00000291aee455c0 .functor NOT 1, o00000291aedc5928, C4<0>, C4<0>, C4<0>;
L_00000291aee449f0 .functor AND 1, L_00000291aee45390, L_00000291aee455c0, C4<1>, C4<1>;
L_00000291aee44a60 .functor NOT 1, o00000291aedc5958, C4<0>, C4<0>, C4<0>;
L_00000291aee44c20 .functor AND 1, L_00000291aee449f0, L_00000291aee44a60, C4<1>, C4<1>;
L_00000291aee45b70 .functor OR 1, L_00000291aee451d0, L_00000291aee44c20, C4<0>, C4<0>;
L_00000291aee456a0 .functor NOT 1, o00000291aedc58c8, C4<0>, C4<0>, C4<0>;
L_00000291aee44ec0 .functor NOT 1, o00000291aedc58f8, C4<0>, C4<0>, C4<0>;
L_00000291aee44d70 .functor AND 1, L_00000291aee456a0, L_00000291aee44ec0, C4<1>, C4<1>;
L_00000291aee45710 .functor NOT 1, o00000291aedc58c8, C4<0>, C4<0>, C4<0>;
L_00000291aee44750 .functor AND 1, L_00000291aee45710, o00000291aedc58f8, C4<1>, C4<1>;
L_00000291aee44de0 .functor NOT 1, o00000291aedc5928, C4<0>, C4<0>, C4<0>;
L_00000291aee45860 .functor AND 1, L_00000291aee44750, L_00000291aee44de0, C4<1>, C4<1>;
L_00000291aee44f30 .functor OR 1, L_00000291aee44d70, L_00000291aee45860, C4<0>, C4<0>;
L_00000291aee45da0 .functor NOT 1, o00000291aedc5898, C4<0>, C4<0>, C4<0>;
L_00000291aee45a90 .functor AND 1, L_00000291aee45da0, o00000291aedc58c8, C4<1>, C4<1>;
L_00000291aee446e0 .functor NOT 1, o00000291aedc58f8, C4<0>, C4<0>, C4<0>;
L_00000291aee44fa0 .functor AND 1, L_00000291aee45a90, L_00000291aee446e0, C4<1>, C4<1>;
L_00000291aee450f0 .functor OR 1, L_00000291aee44f30, L_00000291aee44fa0, C4<0>, C4<0>;
L_00000291aee45e10 .functor NOT 1, o00000291aedc58f8, C4<0>, C4<0>, C4<0>;
L_00000291aee45010 .functor AND 1, o00000291aedc58c8, L_00000291aee45e10, C4<1>, C4<1>;
L_00000291aee45be0 .functor NOT 1, o00000291aedc5928, C4<0>, C4<0>, C4<0>;
L_00000291aee44520 .functor AND 1, L_00000291aee45010, L_00000291aee45be0, C4<1>, C4<1>;
L_00000291aee44830 .functor OR 1, L_00000291aee450f0, L_00000291aee44520, C4<0>, C4<0>;
L_00000291aee45a20 .functor AND 1, o00000291aedc58c8, o00000291aedc58f8, C4<1>, C4<1>;
L_00000291aee45780 .functor NOT 1, o00000291aedc5928, C4<0>, C4<0>, C4<0>;
L_00000291aee44910 .functor AND 1, L_00000291aee45a20, L_00000291aee45780, C4<1>, C4<1>;
L_00000291aee45080 .functor NOT 1, o00000291aedc5958, C4<0>, C4<0>, C4<0>;
L_00000291aee457f0 .functor AND 1, L_00000291aee44910, L_00000291aee45080, C4<1>, C4<1>;
L_00000291aee458d0 .functor OR 1, L_00000291aee44830, L_00000291aee457f0, C4<0>, C4<0>;
L_00000291aee45c50 .functor NOT 1, o00000291aedc5898, C4<0>, C4<0>, C4<0>;
L_00000291aee45f60 .functor AND 1, L_00000291aee45c50, o00000291aedc58c8, C4<1>, C4<1>;
L_00000291aee45cc0 .functor NOT 1, o00000291aedc5928, C4<0>, C4<0>, C4<0>;
L_00000291aee46040 .functor AND 1, L_00000291aee45f60, L_00000291aee45cc0, C4<1>, C4<1>;
L_00000291aee444b0 .functor AND 1, L_00000291aee46040, o00000291aedc5958, C4<1>, C4<1>;
L_00000291aee44590 .functor OR 1, L_00000291aee458d0, L_00000291aee444b0, C4<0>, C4<0>;
L_00000291aee475b0 .functor NOT 1, o00000291aedc5898, C4<0>, C4<0>, C4<0>;
L_00000291aee47230 .functor NOT 1, o00000291aedc58c8, C4<0>, C4<0>, C4<0>;
L_00000291aee462e0 .functor AND 1, L_00000291aee475b0, L_00000291aee47230, C4<1>, C4<1>;
L_00000291aee46270 .functor AND 1, L_00000291aee462e0, o00000291aedc5928, C4<1>, C4<1>;
L_00000291aee477e0 .functor OR 1, L_00000291aee44590, L_00000291aee46270, C4<0>, C4<0>;
L_00000291aee47310 .functor NOT 1, o00000291aedc58f8, C4<0>, C4<0>, C4<0>;
L_00000291aee471c0 .functor AND 1, o00000291aedc58c8, L_00000291aee47310, C4<1>, C4<1>;
L_00000291aee47850 .functor AND 1, L_00000291aee471c0, o00000291aedc5928, C4<1>, C4<1>;
L_00000291aee46e40 .functor NOT 1, o00000291aedc5958, C4<0>, C4<0>, C4<0>;
L_00000291aee46190 .functor AND 1, L_00000291aee47850, L_00000291aee46e40, C4<1>, C4<1>;
L_00000291aee472a0 .functor OR 1, L_00000291aee477e0, L_00000291aee46190, C4<0>, C4<0>;
L_00000291aee47150 .functor NOT 1, o00000291aedc58c8, C4<0>, C4<0>, C4<0>;
L_00000291aee47380 .functor AND 1, L_00000291aee47150, o00000291aedc5928, C4<1>, C4<1>;
L_00000291aee466d0 .functor NOT 1, o00000291aedc5958, C4<0>, C4<0>, C4<0>;
L_00000291aee464a0 .functor AND 1, L_00000291aee47380, L_00000291aee466d0, C4<1>, C4<1>;
L_00000291aee46350 .functor OR 1, L_00000291aee472a0, L_00000291aee464a0, C4<0>, C4<0>;
L_00000291aee47070 .functor NOT 1, o00000291aedc5898, C4<0>, C4<0>, C4<0>;
L_00000291aee47930 .functor AND 1, L_00000291aee47070, o00000291aedc5928, C4<1>, C4<1>;
L_00000291aee46ac0 .functor NOT 1, o00000291aedc5958, C4<0>, C4<0>, C4<0>;
L_00000291aee479a0 .functor AND 1, L_00000291aee47930, L_00000291aee46ac0, C4<1>, C4<1>;
L_00000291aee47000 .functor OR 1, L_00000291aee46350, L_00000291aee479a0, C4<0>, C4<0>;
v00000291aedb7cb0_0 .net "A", 0 0, L_00000291aee30550;  1 drivers
v00000291aedb7f30_0 .net "B", 0 0, L_00000291aee30160;  1 drivers
v00000291aedb9830_0 .net "C", 0 0, L_00000291aee36410;  1 drivers
v00000291aedb8ed0_0 .net "D", 0 0, L_00000291aee37960;  1 drivers
v00000291aedb8750_0 .net "E", 0 0, L_00000291aee417c0;  1 drivers
v00000291aedb8d90_0 .net "F", 0 0, L_00000291aee45b70;  1 drivers
v00000291aedb9470_0 .net "G", 0 0, L_00000291aee47000;  1 drivers
v00000291aedb9790_0 .net *"_ivl_0", 0 0, L_00000291aedb3140;  1 drivers
v00000291aedb9510_0 .net *"_ivl_10", 0 0, L_00000291aedb2d50;  1 drivers
v00000291aedb95b0_0 .net *"_ivl_100", 0 0, L_00000291aee30630;  1 drivers
v00000291aedb9650_0 .net *"_ivl_102", 0 0, L_00000291aee310b0;  1 drivers
v00000291aedb96f0_0 .net *"_ivl_104", 0 0, L_00000291aee31580;  1 drivers
v00000291aedb98d0_0 .net *"_ivl_106", 0 0, L_00000291aee31ac0;  1 drivers
v00000291aedb8070_0 .net *"_ivl_108", 0 0, L_00000291aee30da0;  1 drivers
v00000291aedb9970_0 .net *"_ivl_110", 0 0, L_00000291aee30710;  1 drivers
v00000291aedb7df0_0 .net *"_ivl_112", 0 0, L_00000291aee31820;  1 drivers
v00000291aedb8110_0 .net *"_ivl_114", 0 0, L_00000291aee30470;  1 drivers
v00000291aedb82f0_0 .net *"_ivl_116", 0 0, L_00000291aee31120;  1 drivers
v00000291aedb8250_0 .net *"_ivl_118", 0 0, L_00000291aee30e80;  1 drivers
v00000291aedb8390_0 .net *"_ivl_12", 0 0, L_00000291aedb3300;  1 drivers
v00000291aee1e680_0 .net *"_ivl_120", 0 0, L_00000291aee31190;  1 drivers
v00000291aee1dd20_0 .net *"_ivl_122", 0 0, L_00000291aee319e0;  1 drivers
v00000291aee1c240_0 .net *"_ivl_124", 0 0, L_00000291aee304e0;  1 drivers
v00000291aee1c6a0_0 .net *"_ivl_126", 0 0, L_00000291aee30a90;  1 drivers
v00000291aee1c7e0_0 .net *"_ivl_128", 0 0, L_00000291aee30b00;  1 drivers
v00000291aee1cb00_0 .net *"_ivl_130", 0 0, L_00000291aee306a0;  1 drivers
v00000291aee1d1e0_0 .net *"_ivl_132", 0 0, L_00000291aee308d0;  1 drivers
v00000291aee1c560_0 .net *"_ivl_136", 0 0, L_00000291aee316d0;  1 drivers
v00000291aee1c880_0 .net *"_ivl_138", 0 0, L_00000291aee30940;  1 drivers
v00000291aee1cba0_0 .net *"_ivl_14", 0 0, L_00000291aee2f310;  1 drivers
v00000291aee1e720_0 .net *"_ivl_140", 0 0, L_00000291aee30ef0;  1 drivers
v00000291aee1e4a0_0 .net *"_ivl_142", 0 0, L_00000291aee31660;  1 drivers
v00000291aee1c920_0 .net *"_ivl_144", 0 0, L_00000291aee31a50;  1 drivers
v00000291aee1cf60_0 .net *"_ivl_146", 0 0, L_00000291aee317b0;  1 drivers
v00000291aee1c2e0_0 .net *"_ivl_148", 0 0, L_00000291aee30f60;  1 drivers
v00000291aee1d780_0 .net *"_ivl_150", 0 0, L_00000291aee30780;  1 drivers
v00000291aee1c380_0 .net *"_ivl_152", 0 0, L_00000291aee31c10;  1 drivers
v00000291aee1cec0_0 .net *"_ivl_154", 0 0, L_00000291aee302b0;  1 drivers
v00000291aee1d3c0_0 .net *"_ivl_156", 0 0, L_00000291aee31890;  1 drivers
v00000291aee1e040_0 .net *"_ivl_158", 0 0, L_00000291aee305c0;  1 drivers
v00000291aee1c1a0_0 .net *"_ivl_16", 0 0, L_00000291aee2f540;  1 drivers
v00000291aee1d8c0_0 .net *"_ivl_160", 0 0, L_00000291aee31900;  1 drivers
v00000291aee1c9c0_0 .net *"_ivl_162", 0 0, L_00000291aee30240;  1 drivers
v00000291aee1d640_0 .net *"_ivl_164", 0 0, L_00000291aee309b0;  1 drivers
v00000291aee1d460_0 .net *"_ivl_166", 0 0, L_00000291aee31970;  1 drivers
v00000291aee1e2c0_0 .net *"_ivl_168", 0 0, L_00000291aee31b30;  1 drivers
v00000291aee1dc80_0 .net *"_ivl_170", 0 0, L_00000291aee30b70;  1 drivers
v00000291aee1dfa0_0 .net *"_ivl_172", 0 0, L_00000291aee31740;  1 drivers
v00000291aee1d500_0 .net *"_ivl_174", 0 0, L_00000291aee31510;  1 drivers
v00000291aee1c420_0 .net *"_ivl_176", 0 0, L_00000291aee31200;  1 drivers
v00000291aee1ca60_0 .net *"_ivl_178", 0 0, L_00000291aee30a20;  1 drivers
v00000291aee1d280_0 .net *"_ivl_18", 0 0, L_00000291aee2f9a0;  1 drivers
v00000291aee1e180_0 .net *"_ivl_182", 0 0, L_00000291aee31430;  1 drivers
v00000291aee1df00_0 .net *"_ivl_184", 0 0, L_00000291aee30be0;  1 drivers
v00000291aee1cd80_0 .net *"_ivl_186", 0 0, L_00000291aee30fd0;  1 drivers
v00000291aee1d320_0 .net *"_ivl_188", 0 0, L_00000291aee31040;  1 drivers
v00000291aee1c4c0_0 .net *"_ivl_190", 0 0, L_00000291aee30c50;  1 drivers
v00000291aee1d5a0_0 .net *"_ivl_192", 0 0, L_00000291aee30cc0;  1 drivers
v00000291aee1c600_0 .net *"_ivl_194", 0 0, L_00000291aee31ba0;  1 drivers
v00000291aee1daa0_0 .net *"_ivl_196", 0 0, L_00000291aee30e10;  1 drivers
v00000291aee1d6e0_0 .net *"_ivl_198", 0 0, L_00000291aee31270;  1 drivers
v00000291aee1c740_0 .net *"_ivl_2", 0 0, L_00000291aedb2ce0;  1 drivers
v00000291aee1e400_0 .net *"_ivl_20", 0 0, L_00000291aee2f690;  1 drivers
v00000291aee1ce20_0 .net *"_ivl_200", 0 0, L_00000291aee31c80;  1 drivers
v00000291aee1e540_0 .net *"_ivl_202", 0 0, L_00000291aee312e0;  1 drivers
v00000291aee1e860_0 .net *"_ivl_204", 0 0, L_00000291aee31350;  1 drivers
v00000291aee1cce0_0 .net *"_ivl_206", 0 0, L_00000291aee313c0;  1 drivers
v00000291aee1e0e0_0 .net *"_ivl_208", 0 0, L_00000291aee314a0;  1 drivers
v00000291aee1d960_0 .net *"_ivl_210", 0 0, L_00000291aee31cf0;  1 drivers
v00000291aee1e5e0_0 .net *"_ivl_212", 0 0, L_00000291aee31f20;  1 drivers
v00000291aee1c100_0 .net *"_ivl_214", 0 0, L_00000291aee31dd0;  1 drivers
v00000291aee1e220_0 .net *"_ivl_216", 0 0, L_00000291aee31e40;  1 drivers
v00000291aee1cc40_0 .net *"_ivl_218", 0 0, L_00000291aee31f90;  1 drivers
v00000291aee1e360_0 .net *"_ivl_22", 0 0, L_00000291aee2faf0;  1 drivers
v00000291aee1d000_0 .net *"_ivl_220", 0 0, L_00000291aee31eb0;  1 drivers
v00000291aee1d0a0_0 .net *"_ivl_222", 0 0, L_00000291aee32000;  1 drivers
v00000291aee1d820_0 .net *"_ivl_224", 0 0, L_00000291aee32070;  1 drivers
v00000291aee1d140_0 .net *"_ivl_226", 0 0, L_00000291aee31d60;  1 drivers
v00000291aee1da00_0 .net *"_ivl_228", 0 0, L_00000291aee34d50;  1 drivers
v00000291aee1db40_0 .net *"_ivl_230", 0 0, L_00000291aee34f10;  1 drivers
v00000291aee1dbe0_0 .net *"_ivl_232", 0 0, L_00000291aee362c0;  1 drivers
v00000291aee1ddc0_0 .net *"_ivl_234", 0 0, L_00000291aee35c30;  1 drivers
v00000291aee1de60_0 .net *"_ivl_236", 0 0, L_00000291aee34960;  1 drivers
v00000291aee1e7c0_0 .net *"_ivl_238", 0 0, L_00000291aee35370;  1 drivers
v00000291aee1eea0_0 .net *"_ivl_24", 0 0, L_00000291aee2fcb0;  1 drivers
v00000291aee1f6c0_0 .net *"_ivl_240", 0 0, L_00000291aee34f80;  1 drivers
v00000291aee1f1c0_0 .net *"_ivl_242", 0 0, L_00000291aee35450;  1 drivers
v00000291aee1f3a0_0 .net *"_ivl_244", 0 0, L_00000291aee35140;  1 drivers
v00000291aee1eae0_0 .net *"_ivl_246", 0 0, L_00000291aee354c0;  1 drivers
v00000291aee1fda0_0 .net *"_ivl_248", 0 0, L_00000291aee35bc0;  1 drivers
v00000291aee1f760_0 .net *"_ivl_250", 0 0, L_00000291aee357d0;  1 drivers
v00000291aee1e9a0_0 .net *"_ivl_252", 0 0, L_00000291aee353e0;  1 drivers
v00000291aee1f940_0 .net *"_ivl_254", 0 0, L_00000291aee348f0;  1 drivers
v00000291aee1fe40_0 .net *"_ivl_256", 0 0, L_00000291aee35ca0;  1 drivers
v00000291aee1eb80_0 .net *"_ivl_258", 0 0, L_00000291aee35220;  1 drivers
v00000291aee1ed60_0 .net *"_ivl_26", 0 0, L_00000291aee2f2a0;  1 drivers
v00000291aee1ee00_0 .net *"_ivl_260", 0 0, L_00000291aee35a00;  1 drivers
v00000291aee1ea40_0 .net *"_ivl_262", 0 0, L_00000291aee34ab0;  1 drivers
v00000291aee1f9e0_0 .net *"_ivl_264", 0 0, L_00000291aee35920;  1 drivers
v00000291aee1fee0_0 .net *"_ivl_266", 0 0, L_00000291aee35530;  1 drivers
v00000291aee1ec20_0 .net *"_ivl_268", 0 0, L_00000291aee35fb0;  1 drivers
v00000291aee1ef40_0 .net *"_ivl_270", 0 0, L_00000291aee35290;  1 drivers
v00000291aee1efe0_0 .net *"_ivl_272", 0 0, L_00000291aee34dc0;  1 drivers
v00000291aee1f580_0 .net *"_ivl_274", 0 0, L_00000291aee36250;  1 drivers
v00000291aee1e900_0 .net *"_ivl_276", 0 0, L_00000291aee34a40;  1 drivers
v00000291aee1ecc0_0 .net *"_ivl_278", 0 0, L_00000291aee355a0;  1 drivers
v00000291aee1fd00_0 .net *"_ivl_28", 0 0, L_00000291aee2f230;  1 drivers
v00000291aee1f080_0 .net *"_ivl_280", 0 0, L_00000291aee34b20;  1 drivers
v00000291aee1f120_0 .net *"_ivl_282", 0 0, L_00000291aee34880;  1 drivers
v00000291aee1f260_0 .net *"_ivl_284", 0 0, L_00000291aee35ae0;  1 drivers
v00000291aee1f300_0 .net *"_ivl_286", 0 0, L_00000291aee35990;  1 drivers
v00000291aee1f440_0 .net *"_ivl_288", 0 0, L_00000291aee36090;  1 drivers
v00000291aee1f4e0_0 .net *"_ivl_290", 0 0, L_00000291aee35060;  1 drivers
v00000291aee1fc60_0 .net *"_ivl_292", 0 0, L_00000291aee35610;  1 drivers
v00000291aee1ff80_0 .net *"_ivl_294", 0 0, L_00000291aee34ce0;  1 drivers
v00000291aee1f620_0 .net *"_ivl_296", 0 0, L_00000291aee36020;  1 drivers
v00000291aee1f800_0 .net *"_ivl_298", 0 0, L_00000291aee361e0;  1 drivers
v00000291aee1f8a0_0 .net *"_ivl_30", 0 0, L_00000291aee2f5b0;  1 drivers
v00000291aee1fa80_0 .net *"_ivl_300", 0 0, L_00000291aee35300;  1 drivers
v00000291aee1fb20_0 .net *"_ivl_302", 0 0, L_00000291aee34e30;  1 drivers
v00000291aee1fbc0_0 .net *"_ivl_304", 0 0, L_00000291aee35840;  1 drivers
v00000291aee22a50_0 .net *"_ivl_306", 0 0, L_00000291aee349d0;  1 drivers
v00000291aee23770_0 .net *"_ivl_308", 0 0, L_00000291aee34ea0;  1 drivers
v00000291aee22cd0_0 .net *"_ivl_310", 0 0, L_00000291aee34ff0;  1 drivers
v00000291aee23130_0 .net *"_ivl_312", 0 0, L_00000291aee350d0;  1 drivers
v00000291aee22af0_0 .net *"_ivl_314", 0 0, L_00000291aee351b0;  1 drivers
v00000291aee23590_0 .net *"_ivl_316", 0 0, L_00000291aee36330;  1 drivers
v00000291aee229b0_0 .net *"_ivl_318", 0 0, L_00000291aee35d10;  1 drivers
v00000291aee231d0_0 .net *"_ivl_32", 0 0, L_00000291aee2fa10;  1 drivers
v00000291aee233b0_0 .net *"_ivl_320", 0 0, L_00000291aee35d80;  1 drivers
v00000291aee23a90_0 .net *"_ivl_322", 0 0, L_00000291aee35680;  1 drivers
v00000291aee22910_0 .net *"_ivl_324", 0 0, L_00000291aee35e60;  1 drivers
v00000291aee23950_0 .net *"_ivl_326", 0 0, L_00000291aee34c00;  1 drivers
v00000291aee23090_0 .net *"_ivl_328", 0 0, L_00000291aee356f0;  1 drivers
v00000291aee23810_0 .net *"_ivl_330", 0 0, L_00000291aee35df0;  1 drivers
v00000291aee236d0_0 .net *"_ivl_332", 0 0, L_00000291aee36100;  1 drivers
v00000291aee23ef0_0 .net *"_ivl_334", 0 0, L_00000291aee358b0;  1 drivers
v00000291aee23b30_0 .net *"_ivl_336", 0 0, L_00000291aee35760;  1 drivers
v00000291aee23d10_0 .net *"_ivl_338", 0 0, L_00000291aee34b90;  1 drivers
v00000291aee23630_0 .net *"_ivl_34", 0 0, L_00000291aee2fc40;  1 drivers
v00000291aee22c30_0 .net *"_ivl_340", 0 0, L_00000291aee34c70;  1 drivers
v00000291aee22f50_0 .net *"_ivl_342", 0 0, L_00000291aee35a70;  1 drivers
v00000291aee234f0_0 .net *"_ivl_344", 0 0, L_00000291aee363a0;  1 drivers
v00000291aee23e50_0 .net *"_ivl_346", 0 0, L_00000291aee35b50;  1 drivers
v00000291aee23c70_0 .net *"_ivl_348", 0 0, L_00000291aee35ed0;  1 drivers
v00000291aee23270_0 .net *"_ivl_350", 0 0, L_00000291aee35f40;  1 drivers
v00000291aee238b0_0 .net *"_ivl_352", 0 0, L_00000291aee36170;  1 drivers
v00000291aee22d70_0 .net *"_ivl_356", 0 0, L_00000291aee36480;  1 drivers
v00000291aee239f0_0 .net *"_ivl_358", 0 0, L_00000291aee364f0;  1 drivers
v00000291aee22b90_0 .net *"_ivl_36", 0 0, L_00000291aee2fee0;  1 drivers
v00000291aee23db0_0 .net *"_ivl_360", 0 0, L_00000291aee36720;  1 drivers
v00000291aee23bd0_0 .net *"_ivl_362", 0 0, L_00000291aee365d0;  1 drivers
v00000291aee23310_0 .net *"_ivl_364", 0 0, L_00000291aee36560;  1 drivers
v00000291aee22e10_0 .net *"_ivl_366", 0 0, L_00000291aee36640;  1 drivers
v00000291aee23f90_0 .net *"_ivl_368", 0 0, L_00000291aee366b0;  1 drivers
v00000291aee22eb0_0 .net *"_ivl_370", 0 0, L_00000291aee36790;  1 drivers
v00000291aee22ff0_0 .net *"_ivl_372", 0 0, L_00000291aee38290;  1 drivers
v00000291aee23450_0 .net *"_ivl_374", 0 0, L_00000291aee38060;  1 drivers
v00000291aee220f0_0 .net *"_ivl_376", 0 0, L_00000291aee373b0;  1 drivers
v00000291aee21970_0 .net *"_ivl_378", 0 0, L_00000291aee37180;  1 drivers
v00000291aee225f0_0 .net *"_ivl_38", 0 0, L_00000291aee2f150;  1 drivers
v00000291aee20110_0 .net *"_ivl_380", 0 0, L_00000291aee38760;  1 drivers
v00000291aee22190_0 .net *"_ivl_382", 0 0, L_00000291aee37e30;  1 drivers
v00000291aee20430_0 .net *"_ivl_384", 0 0, L_00000291aee371f0;  1 drivers
v00000291aee22230_0 .net *"_ivl_386", 0 0, L_00000291aee37260;  1 drivers
v00000291aee20ed0_0 .net *"_ivl_388", 0 0, L_00000291aee37dc0;  1 drivers
v00000291aee206b0_0 .net *"_ivl_390", 0 0, L_00000291aee38840;  1 drivers
v00000291aee21470_0 .net *"_ivl_392", 0 0, L_00000291aee36e70;  1 drivers
v00000291aee20e30_0 .net *"_ivl_394", 0 0, L_00000291aee372d0;  1 drivers
v00000291aee21a10_0 .net *"_ivl_396", 0 0, L_00000291aee38990;  1 drivers
v00000291aee21330_0 .net *"_ivl_398", 0 0, L_00000291aee37ea0;  1 drivers
v00000291aee211f0_0 .net *"_ivl_4", 0 0, L_00000291aedb31b0;  1 drivers
v00000291aee204d0_0 .net *"_ivl_40", 0 0, L_00000291aee2fd20;  1 drivers
v00000291aee201b0_0 .net *"_ivl_400", 0 0, L_00000291aee38300;  1 drivers
v00000291aee21e70_0 .net *"_ivl_402", 0 0, L_00000291aee37340;  1 drivers
v00000291aee20b10_0 .net *"_ivl_404", 0 0, L_00000291aee37ff0;  1 drivers
v00000291aee21ab0_0 .net *"_ivl_406", 0 0, L_00000291aee388b0;  1 drivers
v00000291aee210b0_0 .net *"_ivl_408", 0 0, L_00000291aee37ce0;  1 drivers
v00000291aee213d0_0 .net *"_ivl_410", 0 0, L_00000291aee38140;  1 drivers
v00000291aee20570_0 .net *"_ivl_412", 0 0, L_00000291aee385a0;  1 drivers
v00000291aee22550_0 .net *"_ivl_414", 0 0, L_00000291aee37810;  1 drivers
v00000291aee21b50_0 .net *"_ivl_416", 0 0, L_00000291aee37420;  1 drivers
v00000291aee20610_0 .net *"_ivl_418", 0 0, L_00000291aee37880;  1 drivers
v00000291aee22410_0 .net *"_ivl_42", 0 0, L_00000291aee2f460;  1 drivers
v00000291aee20f70_0 .net *"_ivl_420", 0 0, L_00000291aee380d0;  1 drivers
v00000291aee22690_0 .net *"_ivl_422", 0 0, L_00000291aee37a40;  1 drivers
v00000291aee22870_0 .net *"_ivl_424", 0 0, L_00000291aee37b20;  1 drivers
v00000291aee20cf0_0 .net *"_ivl_426", 0 0, L_00000291aee38370;  1 drivers
v00000291aee222d0_0 .net *"_ivl_428", 0 0, L_00000291aee381b0;  1 drivers
v00000291aee21bf0_0 .net *"_ivl_430", 0 0, L_00000291aee37030;  1 drivers
v00000291aee22730_0 .net *"_ivl_432", 0 0, L_00000291aee37b90;  1 drivers
v00000291aee20250_0 .net *"_ivl_434", 0 0, L_00000291aee370a0;  1 drivers
v00000291aee22370_0 .net *"_ivl_436", 0 0, L_00000291aee387d0;  1 drivers
v00000291aee20750_0 .net *"_ivl_438", 0 0, L_00000291aee37d50;  1 drivers
v00000291aee224b0_0 .net *"_ivl_44", 0 0, L_00000291aee30030;  1 drivers
v00000291aee21010_0 .net *"_ivl_440", 0 0, L_00000291aee37f10;  1 drivers
v00000291aee207f0_0 .net *"_ivl_442", 0 0, L_00000291aee37490;  1 drivers
v00000291aee21510_0 .net *"_ivl_444", 0 0, L_00000291aee37500;  1 drivers
v00000291aee21150_0 .net *"_ivl_446", 0 0, L_00000291aee37570;  1 drivers
v00000291aee21c90_0 .net *"_ivl_448", 0 0, L_00000291aee38a00;  1 drivers
v00000291aee215b0_0 .net *"_ivl_450", 0 0, L_00000291aee37110;  1 drivers
v00000291aee21290_0 .net *"_ivl_452", 0 0, L_00000291aee375e0;  1 drivers
v00000291aee20890_0 .net *"_ivl_454", 0 0, L_00000291aee376c0;  1 drivers
v00000291aee202f0_0 .net *"_ivl_456", 0 0, L_00000291aee37c00;  1 drivers
v00000291aee21f10_0 .net *"_ivl_458", 0 0, L_00000291aee38450;  1 drivers
v00000291aee20bb0_0 .net *"_ivl_46", 0 0, L_00000291aee2f380;  1 drivers
v00000291aee21d30_0 .net *"_ivl_460", 0 0, L_00000291aee38530;  1 drivers
v00000291aee21650_0 .net *"_ivl_462", 0 0, L_00000291aee37650;  1 drivers
v00000291aee216f0_0 .net *"_ivl_464", 0 0, L_00000291aee379d0;  1 drivers
v00000291aee20930_0 .net *"_ivl_466", 0 0, L_00000291aee383e0;  1 drivers
v00000291aee227d0_0 .net *"_ivl_468", 0 0, L_00000291aee37730;  1 drivers
v00000291aee21dd0_0 .net *"_ivl_470", 0 0, L_00000291aee36ee0;  1 drivers
v00000291aee20390_0 .net *"_ivl_472", 0 0, L_00000291aee384c0;  1 drivers
v00000291aee21fb0_0 .net *"_ivl_474", 0 0, L_00000291aee38920;  1 drivers
v00000291aee209d0_0 .net *"_ivl_476", 0 0, L_00000291aee38220;  1 drivers
v00000291aee20a70_0 .net *"_ivl_478", 0 0, L_00000291aee378f0;  1 drivers
v00000291aee20c50_0 .net *"_ivl_48", 0 0, L_00000291aee2ff50;  1 drivers
v00000291aee20d90_0 .net *"_ivl_480", 0 0, L_00000291aee37c70;  1 drivers
v00000291aee21790_0 .net *"_ivl_482", 0 0, L_00000291aee36fc0;  1 drivers
v00000291aee21830_0 .net *"_ivl_484", 0 0, L_00000291aee36f50;  1 drivers
v00000291aee218d0_0 .net *"_ivl_486", 0 0, L_00000291aee38610;  1 drivers
v00000291aee22050_0 .net *"_ivl_488", 0 0, L_00000291aee377a0;  1 drivers
v00000291aee253e0_0 .net *"_ivl_492", 0 0, L_00000291aee37ab0;  1 drivers
v00000291aee25700_0 .net *"_ivl_494", 0 0, L_00000291aee37f80;  1 drivers
v00000291aee25520_0 .net *"_ivl_496", 0 0, L_00000291aee38680;  1 drivers
v00000291aee25200_0 .net *"_ivl_498", 0 0, L_00000291aee386f0;  1 drivers
v00000291aee266a0_0 .net *"_ivl_50", 0 0, L_00000291aee2fa80;  1 drivers
v00000291aee25d40_0 .net *"_ivl_500", 0 0, L_00000291aee38bc0;  1 drivers
v00000291aee24260_0 .net *"_ivl_502", 0 0, L_00000291aee38ca0;  1 drivers
v00000291aee246c0_0 .net *"_ivl_504", 0 0, L_00000291aee38d10;  1 drivers
v00000291aee24800_0 .net *"_ivl_506", 0 0, L_00000291aee38d80;  1 drivers
v00000291aee24b20_0 .net *"_ivl_508", 0 0, L_00000291aee38a70;  1 drivers
v00000291aee252a0_0 .net *"_ivl_510", 0 0, L_00000291aee38b50;  1 drivers
v00000291aee24580_0 .net *"_ivl_512", 0 0, L_00000291aee38c30;  1 drivers
v00000291aee248a0_0 .net *"_ivl_514", 0 0, L_00000291aee38ae0;  1 drivers
v00000291aee25340_0 .net *"_ivl_516", 0 0, L_00000291aee41440;  1 drivers
v00000291aee243a0_0 .net *"_ivl_518", 0 0, L_00000291aee40480;  1 drivers
v00000291aee25de0_0 .net *"_ivl_52", 0 0, L_00000291aee2f850;  1 drivers
v00000291aee24bc0_0 .net *"_ivl_520", 0 0, L_00000291aee40e20;  1 drivers
v00000291aee26240_0 .net *"_ivl_522", 0 0, L_00000291aee40790;  1 drivers
v00000291aee241c0_0 .net *"_ivl_524", 0 0, L_00000291aee41ad0;  1 drivers
v00000291aee25e80_0 .net *"_ivl_526", 0 0, L_00000291aee40b80;  1 drivers
v00000291aee24f80_0 .net *"_ivl_528", 0 0, L_00000291aee413d0;  1 drivers
v00000291aee26740_0 .net *"_ivl_530", 0 0, L_00000291aee41b40;  1 drivers
v00000291aee267e0_0 .net *"_ivl_532", 0 0, L_00000291aee40bf0;  1 drivers
v00000291aee25c00_0 .net *"_ivl_534", 0 0, L_00000291aee41210;  1 drivers
v00000291aee25f20_0 .net *"_ivl_536", 0 0, L_00000291aee40870;  1 drivers
v00000291aee24440_0 .net *"_ivl_538", 0 0, L_00000291aee40cd0;  1 drivers
v00000291aee24620_0 .net *"_ivl_54", 0 0, L_00000291aee2ffc0;  1 drivers
v00000291aee24300_0 .net *"_ivl_540", 0 0, L_00000291aee40c60;  1 drivers
v00000291aee24da0_0 .net *"_ivl_542", 0 0, L_00000291aee40e90;  1 drivers
v00000291aee244e0_0 .net *"_ivl_544", 0 0, L_00000291aee40640;  1 drivers
v00000291aee249e0_0 .net *"_ivl_546", 0 0, L_00000291aee404f0;  1 drivers
v00000291aee25480_0 .net *"_ivl_548", 0 0, L_00000291aee41910;  1 drivers
v00000291aee25fc0_0 .net *"_ivl_550", 0 0, L_00000291aee40d40;  1 drivers
v00000291aee26060_0 .net *"_ivl_552", 0 0, L_00000291aee406b0;  1 drivers
v00000291aee24940_0 .net *"_ivl_554", 0 0, L_00000291aee411a0;  1 drivers
v00000291aee26880_0 .net *"_ivl_556", 0 0, L_00000291aee40720;  1 drivers
v00000291aee258e0_0 .net *"_ivl_558", 0 0, L_00000291aee40950;  1 drivers
v00000291aee25a20_0 .net *"_ivl_56", 0 0, L_00000291aee2f4d0;  1 drivers
v00000291aee24a80_0 .net *"_ivl_560", 0 0, L_00000291aee41c20;  1 drivers
v00000291aee24760_0 .net *"_ivl_562", 0 0, L_00000291aee414b0;  1 drivers
v00000291aee26380_0 .net *"_ivl_564", 0 0, L_00000291aee409c0;  1 drivers
v00000291aee255c0_0 .net *"_ivl_566", 0 0, L_00000291aee40a30;  1 drivers
v00000291aee26420_0 .net *"_ivl_568", 0 0, L_00000291aee40aa0;  1 drivers
v00000291aee24c60_0 .net *"_ivl_570", 0 0, L_00000291aee41bb0;  1 drivers
v00000291aee24d00_0 .net *"_ivl_572", 0 0, L_00000291aee41c90;  1 drivers
v00000291aee25660_0 .net *"_ivl_574", 0 0, L_00000291aee40b10;  1 drivers
v00000291aee25980_0 .net *"_ivl_576", 0 0, L_00000291aee41e50;  1 drivers
v00000291aee257a0_0 .net *"_ivl_578", 0 0, L_00000291aee41280;  1 drivers
v00000291aee26100_0 .net *"_ivl_58", 0 0, L_00000291aee2fe00;  1 drivers
v00000291aee25840_0 .net *"_ivl_580", 0 0, L_00000291aee40db0;  1 drivers
v00000291aee24e40_0 .net *"_ivl_582", 0 0, L_00000291aee40f00;  1 drivers
v00000291aee24ee0_0 .net *"_ivl_584", 0 0, L_00000291aee40f70;  1 drivers
v00000291aee25ca0_0 .net *"_ivl_586", 0 0, L_00000291aee408e0;  1 drivers
v00000291aee261a0_0 .net *"_ivl_588", 0 0, L_00000291aee41980;  1 drivers
v00000291aee25020_0 .net *"_ivl_590", 0 0, L_00000291aee40fe0;  1 drivers
v00000291aee25ac0_0 .net *"_ivl_592", 0 0, L_00000291aee40800;  1 drivers
v00000291aee250c0_0 .net *"_ivl_594", 0 0, L_00000291aee41050;  1 drivers
v00000291aee25b60_0 .net *"_ivl_596", 0 0, L_00000291aee410c0;  1 drivers
v00000291aee25160_0 .net *"_ivl_598", 0 0, L_00000291aee41d00;  1 drivers
v00000291aee262e0_0 .net *"_ivl_6", 0 0, L_00000291aedb3990;  1 drivers
v00000291aee264c0_0 .net *"_ivl_60", 0 0, L_00000291aee2f1c0;  1 drivers
v00000291aee26560_0 .net *"_ivl_600", 0 0, L_00000291aee41130;  1 drivers
v00000291aee26600_0 .net *"_ivl_602", 0 0, L_00000291aee405d0;  1 drivers
v00000291aee24120_0 .net *"_ivl_604", 0 0, L_00000291aee41520;  1 drivers
v00000291aee26ce0_0 .net *"_ivl_606", 0 0, L_00000291aee412f0;  1 drivers
v00000291aee27a00_0 .net *"_ivl_608", 0 0, L_00000291aee41ec0;  1 drivers
v00000291aee26c40_0 .net *"_ivl_610", 0 0, L_00000291aee41a60;  1 drivers
v00000291aee26d80_0 .net *"_ivl_612", 0 0, L_00000291aee41830;  1 drivers
v00000291aee27140_0 .net *"_ivl_614", 0 0, L_00000291aee41360;  1 drivers
v00000291aee26a60_0 .net *"_ivl_616", 0 0, L_00000291aee41f30;  1 drivers
v00000291aee27dc0_0 .net *"_ivl_618", 0 0, L_00000291aee416e0;  1 drivers
v00000291aee27fa0_0 .net *"_ivl_62", 0 0, L_00000291aee2fd90;  1 drivers
v00000291aee27460_0 .net *"_ivl_620", 0 0, L_00000291aee41d70;  1 drivers
v00000291aee27500_0 .net *"_ivl_622", 0 0, L_00000291aee41de0;  1 drivers
v00000291aee271e0_0 .net *"_ivl_624", 0 0, L_00000291aee419f0;  1 drivers
v00000291aee273c0_0 .net *"_ivl_626", 0 0, L_00000291aee41590;  1 drivers
v00000291aee275a0_0 .net *"_ivl_628", 0 0, L_00000291aee41fa0;  1 drivers
v00000291aee27640_0 .net *"_ivl_630", 0 0, L_00000291aee41600;  1 drivers
v00000291aee27280_0 .net *"_ivl_632", 0 0, L_00000291aee42010;  1 drivers
v00000291aee27e60_0 .net *"_ivl_634", 0 0, L_00000291aee40560;  1 drivers
v00000291aee27960_0 .net *"_ivl_636", 0 0, L_00000291aee41670;  1 drivers
v00000291aee269c0_0 .net *"_ivl_638", 0 0, L_00000291aee41750;  1 drivers
v00000291aee26e20_0 .net *"_ivl_64", 0 0, L_00000291aee2f620;  1 drivers
v00000291aee26ec0_0 .net *"_ivl_642", 0 0, L_00000291aee418a0;  1 drivers
v00000291aee26f60_0 .net *"_ivl_644", 0 0, L_00000291aee42390;  1 drivers
v00000291aee27320_0 .net *"_ivl_646", 0 0, L_00000291aee422b0;  1 drivers
v00000291aee26ba0_0 .net *"_ivl_648", 0 0, L_00000291aee42160;  1 drivers
v00000291aee27000_0 .net *"_ivl_650", 0 0, L_00000291aee42320;  1 drivers
v00000291aee27aa0_0 .net *"_ivl_652", 0 0, L_00000291aee421d0;  1 drivers
v00000291aee27f00_0 .net *"_ivl_654", 0 0, L_00000291aee42080;  1 drivers
v00000291aee27d20_0 .net *"_ivl_656", 0 0, L_00000291aee420f0;  1 drivers
v00000291aee270a0_0 .net *"_ivl_658", 0 0, L_00000291aee42240;  1 drivers
v00000291aee276e0_0 .net *"_ivl_66", 0 0, L_00000291aee2f700;  1 drivers
v00000291aee26b00_0 .net *"_ivl_660", 0 0, L_00000291aee45630;  1 drivers
v00000291aee27780_0 .net *"_ivl_662", 0 0, L_00000291aee44ad0;  1 drivers
v00000291aee27820_0 .net *"_ivl_664", 0 0, L_00000291aee44d00;  1 drivers
v00000291aee278c0_0 .net *"_ivl_666", 0 0, L_00000291aee44600;  1 drivers
v00000291aee27b40_0 .net *"_ivl_668", 0 0, L_00000291aee45470;  1 drivers
v00000291aee27be0_0 .net *"_ivl_670", 0 0, L_00000291aee45d30;  1 drivers
v00000291aee26920_0 .net *"_ivl_672", 0 0, L_00000291aee44b40;  1 drivers
v00000291aee27c80_0 .net *"_ivl_674", 0 0, L_00000291aee45fd0;  1 drivers
v00000291aee29c80_0 .net *"_ivl_676", 0 0, L_00000291aee44e50;  1 drivers
v00000291aee2a7c0_0 .net *"_ivl_678", 0 0, L_00000291aee447c0;  1 drivers
v00000291aee2ab80_0 .net *"_ivl_68", 0 0, L_00000291aee2fe70;  1 drivers
v00000291aee29460_0 .net *"_ivl_680", 0 0, L_00000291aee45b00;  1 drivers
v00000291aee29a00_0 .net *"_ivl_682", 0 0, L_00000291aee45e80;  1 drivers
v00000291aee2a4a0_0 .net *"_ivl_684", 0 0, L_00000291aee45400;  1 drivers
v00000291aee2afe0_0 .net *"_ivl_686", 0 0, L_00000291aee45320;  1 drivers
v00000291aee2ad60_0 .net *"_ivl_688", 0 0, L_00000291aee45550;  1 drivers
v00000291aee298c0_0 .net *"_ivl_690", 0 0, L_00000291aee454e0;  1 drivers
v00000291aee2b760_0 .net *"_ivl_692", 0 0, L_00000291aee448a0;  1 drivers
v00000291aee2a900_0 .net *"_ivl_694", 0 0, L_00000291aee45240;  1 drivers
v00000291aee2aa40_0 .net *"_ivl_696", 0 0, L_00000291aee44c90;  1 drivers
v00000291aee29820_0 .net *"_ivl_698", 0 0, L_00000291aee45ef0;  1 drivers
v00000291aee29320_0 .net *"_ivl_70", 0 0, L_00000291aee2f3f0;  1 drivers
v00000291aee2b3a0_0 .net *"_ivl_700", 0 0, L_00000291aee44670;  1 drivers
v00000291aee2a220_0 .net *"_ivl_702", 0 0, L_00000291aee45160;  1 drivers
v00000291aee2b440_0 .net *"_ivl_704", 0 0, L_00000291aee45940;  1 drivers
v00000291aee29d20_0 .net *"_ivl_706", 0 0, L_00000291aee44bb0;  1 drivers
v00000291aee29780_0 .net *"_ivl_708", 0 0, L_00000291aee459b0;  1 drivers
v00000291aee29fa0_0 .net *"_ivl_710", 0 0, L_00000291aee451d0;  1 drivers
v00000291aee2b4e0_0 .net *"_ivl_712", 0 0, L_00000291aee452b0;  1 drivers
v00000291aee29140_0 .net *"_ivl_714", 0 0, L_00000291aee44980;  1 drivers
v00000291aee29f00_0 .net *"_ivl_716", 0 0, L_00000291aee45390;  1 drivers
v00000291aee295a0_0 .net *"_ivl_718", 0 0, L_00000291aee455c0;  1 drivers
v00000291aee296e0_0 .net *"_ivl_72", 0 0, L_00000291aee2f770;  1 drivers
v00000291aee2a720_0 .net *"_ivl_720", 0 0, L_00000291aee449f0;  1 drivers
v00000291aee29b40_0 .net *"_ivl_722", 0 0, L_00000291aee44a60;  1 drivers
v00000291aee2b580_0 .net *"_ivl_724", 0 0, L_00000291aee44c20;  1 drivers
v00000291aee2a540_0 .net *"_ivl_728", 0 0, L_00000291aee456a0;  1 drivers
v00000291aee29500_0 .net *"_ivl_730", 0 0, L_00000291aee44ec0;  1 drivers
v00000291aee2a400_0 .net *"_ivl_732", 0 0, L_00000291aee44d70;  1 drivers
v00000291aee291e0_0 .net *"_ivl_734", 0 0, L_00000291aee45710;  1 drivers
v00000291aee2aae0_0 .net *"_ivl_736", 0 0, L_00000291aee44750;  1 drivers
v00000291aee2a860_0 .net *"_ivl_738", 0 0, L_00000291aee44de0;  1 drivers
v00000291aee29640_0 .net *"_ivl_74", 0 0, L_00000291aee2f7e0;  1 drivers
v00000291aee2b620_0 .net *"_ivl_740", 0 0, L_00000291aee45860;  1 drivers
v00000291aee29e60_0 .net *"_ivl_742", 0 0, L_00000291aee44f30;  1 drivers
v00000291aee2b6c0_0 .net *"_ivl_744", 0 0, L_00000291aee45da0;  1 drivers
v00000291aee2b8a0_0 .net *"_ivl_746", 0 0, L_00000291aee45a90;  1 drivers
v00000291aee29dc0_0 .net *"_ivl_748", 0 0, L_00000291aee446e0;  1 drivers
v00000291aee2b120_0 .net *"_ivl_750", 0 0, L_00000291aee44fa0;  1 drivers
v00000291aee2a9a0_0 .net *"_ivl_752", 0 0, L_00000291aee450f0;  1 drivers
v00000291aee2b800_0 .net *"_ivl_754", 0 0, L_00000291aee45e10;  1 drivers
v00000291aee29280_0 .net *"_ivl_756", 0 0, L_00000291aee45010;  1 drivers
v00000291aee2b1c0_0 .net *"_ivl_758", 0 0, L_00000291aee45be0;  1 drivers
v00000291aee29960_0 .net *"_ivl_76", 0 0, L_00000291aee2f8c0;  1 drivers
v00000291aee2b260_0 .net *"_ivl_760", 0 0, L_00000291aee44520;  1 drivers
v00000291aee2a040_0 .net *"_ivl_762", 0 0, L_00000291aee44830;  1 drivers
v00000291aee29aa0_0 .net *"_ivl_764", 0 0, L_00000291aee45a20;  1 drivers
v00000291aee2a5e0_0 .net *"_ivl_766", 0 0, L_00000291aee45780;  1 drivers
v00000291aee2a0e0_0 .net *"_ivl_768", 0 0, L_00000291aee44910;  1 drivers
v00000291aee2ac20_0 .net *"_ivl_770", 0 0, L_00000291aee45080;  1 drivers
v00000291aee2a360_0 .net *"_ivl_772", 0 0, L_00000291aee457f0;  1 drivers
v00000291aee2a2c0_0 .net *"_ivl_774", 0 0, L_00000291aee458d0;  1 drivers
v00000291aee29be0_0 .net *"_ivl_776", 0 0, L_00000291aee45c50;  1 drivers
v00000291aee293c0_0 .net *"_ivl_778", 0 0, L_00000291aee45f60;  1 drivers
v00000291aee2aea0_0 .net *"_ivl_78", 0 0, L_00000291aee2f930;  1 drivers
v00000291aee2a180_0 .net *"_ivl_780", 0 0, L_00000291aee45cc0;  1 drivers
v00000291aee2acc0_0 .net *"_ivl_782", 0 0, L_00000291aee46040;  1 drivers
v00000291aee2a680_0 .net *"_ivl_784", 0 0, L_00000291aee444b0;  1 drivers
v00000291aee2ae00_0 .net *"_ivl_786", 0 0, L_00000291aee44590;  1 drivers
v00000291aee2af40_0 .net *"_ivl_788", 0 0, L_00000291aee475b0;  1 drivers
v00000291aee2b080_0 .net *"_ivl_790", 0 0, L_00000291aee47230;  1 drivers
v00000291aee2b300_0 .net *"_ivl_792", 0 0, L_00000291aee462e0;  1 drivers
v00000291aee2b9e0_0 .net *"_ivl_794", 0 0, L_00000291aee46270;  1 drivers
v00000291aee2c980_0 .net *"_ivl_796", 0 0, L_00000291aee477e0;  1 drivers
v00000291aee2cde0_0 .net *"_ivl_798", 0 0, L_00000291aee47310;  1 drivers
v00000291aee2bbc0_0 .net *"_ivl_8", 0 0, L_00000291aedb3840;  1 drivers
v00000291aee2bda0_0 .net *"_ivl_80", 0 0, L_00000291aee2fb60;  1 drivers
v00000291aee2be40_0 .net *"_ivl_800", 0 0, L_00000291aee471c0;  1 drivers
v00000291aee2c5c0_0 .net *"_ivl_802", 0 0, L_00000291aee47850;  1 drivers
v00000291aee2b940_0 .net *"_ivl_804", 0 0, L_00000291aee46e40;  1 drivers
v00000291aee2ce80_0 .net *"_ivl_806", 0 0, L_00000291aee46190;  1 drivers
v00000291aee2c700_0 .net *"_ivl_808", 0 0, L_00000291aee472a0;  1 drivers
v00000291aee2cd40_0 .net *"_ivl_810", 0 0, L_00000291aee47150;  1 drivers
v00000291aee2cac0_0 .net *"_ivl_812", 0 0, L_00000291aee47380;  1 drivers
v00000291aee2c0c0_0 .net *"_ivl_814", 0 0, L_00000291aee466d0;  1 drivers
v00000291aee2cf20_0 .net *"_ivl_816", 0 0, L_00000291aee464a0;  1 drivers
v00000291aee2cb60_0 .net *"_ivl_818", 0 0, L_00000291aee46350;  1 drivers
v00000291aee2ba80_0 .net *"_ivl_82", 0 0, L_00000291aee2fbd0;  1 drivers
v00000291aee2c160_0 .net *"_ivl_820", 0 0, L_00000291aee47070;  1 drivers
v00000291aee2c2a0_0 .net *"_ivl_822", 0 0, L_00000291aee47930;  1 drivers
v00000291aee2c3e0_0 .net *"_ivl_824", 0 0, L_00000291aee46ac0;  1 drivers
v00000291aee2cc00_0 .net *"_ivl_826", 0 0, L_00000291aee479a0;  1 drivers
v00000291aee2bee0_0 .net *"_ivl_84", 0 0, L_00000291aee30320;  1 drivers
v00000291aee2bd00_0 .net *"_ivl_86", 0 0, L_00000291aee30d30;  1 drivers
v00000291aee2c200_0 .net *"_ivl_88", 0 0, L_00000291aee301d0;  1 drivers
v00000291aee2cfc0_0 .net *"_ivl_90", 0 0, L_00000291aee315f0;  1 drivers
v00000291aee2c340_0 .net *"_ivl_92", 0 0, L_00000291aee30860;  1 drivers
v00000291aee2bb20_0 .net *"_ivl_94", 0 0, L_00000291aee30390;  1 drivers
v00000291aee2c8e0_0 .net *"_ivl_96", 0 0, L_00000291aee307f0;  1 drivers
v00000291aee2c520_0 .net *"_ivl_98", 0 0, L_00000291aee30400;  1 drivers
v00000291aee2c480_0 .net "c1", 0 0, o00000291aedc5898;  0 drivers
v00000291aee2bc60_0 .net "c2", 0 0, o00000291aedc58c8;  0 drivers
v00000291aee2cca0_0 .net "c3", 0 0, o00000291aedc58f8;  0 drivers
v00000291aee2bf80_0 .net "c4", 0 0, o00000291aedc5928;  0 drivers
v00000291aee2c840_0 .net "c6", 0 0, o00000291aedc5958;  0 drivers
# The file index is used to find the file name in the following table.
:file_names 3;
    "N/A";
    "<interactive>";
    "display.v";
