#! /c/Source/iverilog-install/bin/vvp
:ivl_version "12.0 (devel)" "(s20150603-1110-g18392a46)";
:ivl_delay_selection "TYPICAL";
:vpi_time_precision + 0;
:vpi_module "C:\iverilog\lib\ivl\system.vpi";
:vpi_module "C:\iverilog\lib\ivl\vhdl_sys.vpi";
:vpi_module "C:\iverilog\lib\ivl\vhdl_textio.vpi";
:vpi_module "C:\iverilog\lib\ivl\v2005_math.vpi";
:vpi_module "C:\iverilog\lib\ivl\va_math.vpi";
S_0000018b15f86740 .scope module, "display" "display" 2 1;
 .timescale 0 0;
    .port_info 0 /INPUT 1 "c1";
    .port_info 1 /INPUT 1 "c2";
    .port_info 2 /INPUT 1 "c3";
    .port_info 3 /INPUT 1 "c4";
    .port_info 4 /INPUT 1 "c5";
    .port_info 5 /OUTPUT 1 "a";
    .port_info 6 /OUTPUT 1 "b";
    .port_info 7 /OUTPUT 1 "c";
    .port_info 8 /OUTPUT 1 "d";
    .port_info 9 /OUTPUT 1 "e";
    .port_info 10 /OUTPUT 1 "f";
    .port_info 11 /OUTPUT 1 "g";
o0000018b15f192a8 .functor BUFZ 1, C4<z>; HiZ drive
L_0000018b15f12940 .functor NOT 1, o0000018b15f192a8, C4<0>, C4<0>, C4<0>;
o0000018b15f192d8 .functor BUFZ 1, C4<z>; HiZ drive
L_0000018b15f11ad0 .functor NOT 1, o0000018b15f192d8, C4<0>, C4<0>, C4<0>;
L_0000018b15f12390 .functor AND 1, L_0000018b15f12940, L_0000018b15f11ad0, C4<1>, C4<1>;
o0000018b15f19308 .functor BUFZ 1, C4<z>; HiZ drive
L_0000018b15f12550 .functor AND 1, L_0000018b15f12390, o0000018b15f19308, C4<1>, C4<1>;
o0000018b15f19338 .functor BUFZ 1, C4<z>; HiZ drive
L_0000018b15f11d70 .functor AND 1, L_0000018b15f12550, o0000018b15f19338, C4<1>, C4<1>;
L_0000018b15f12320 .functor NOT 1, o0000018b15f192a8, C4<0>, C4<0>, C4<0>;
L_0000018b15f12010 .functor AND 1, L_0000018b15f12320, o0000018b15f192d8, C4<1>, C4<1>;
L_0000018b15f127f0 .functor AND 1, L_0000018b15f12010, o0000018b15f19338, C4<1>, C4<1>;
o0000018b15f19368 .functor BUFZ 1, C4<z>; HiZ drive
L_0000018b15f11b40 .functor NOT 1, o0000018b15f19368, C4<0>, C4<0>, C4<0>;
L_0000018b15f126a0 .functor AND 1, L_0000018b15f127f0, L_0000018b15f11b40, C4<1>, C4<1>;
L_0000018b15f11c20 .functor OR 1, L_0000018b15f11d70, L_0000018b15f126a0, C4<0>, C4<0>;
L_0000018b15f12400 .functor NOT 1, o0000018b15f192d8, C4<0>, C4<0>, C4<0>;
L_0000018b15f11c90 .functor AND 1, L_0000018b15f12400, o0000018b15f19308, C4<1>, C4<1>;
L_0000018b15f12240 .functor NOT 1, o0000018b15f19338, C4<0>, C4<0>, C4<0>;
L_0000018b15f12630 .functor AND 1, L_0000018b15f11c90, L_0000018b15f12240, C4<1>, C4<1>;
L_0000018b15f11d00 .functor AND 1, L_0000018b15f12630, o0000018b15f19368, C4<1>, C4<1>;
L_0000018b15f11de0 .functor OR 1, L_0000018b15f11c20, L_0000018b15f11d00, C4<0>, C4<0>;
L_0000018b15f11e50 .functor NOT 1, o0000018b15f192a8, C4<0>, C4<0>, C4<0>;
L_0000018b15f11f30 .functor AND 1, L_0000018b15f11e50, o0000018b15f192d8, C4<1>, C4<1>;
L_0000018b15f125c0 .functor NOT 1, o0000018b15f19308, C4<0>, C4<0>, C4<0>;
L_0000018b15f11ec0 .functor AND 1, L_0000018b15f11f30, L_0000018b15f125c0, C4<1>, C4<1>;
L_0000018b15f122b0 .functor AND 1, L_0000018b15f11ec0, o0000018b15f19368, C4<1>, C4<1>;
L_0000018b15f12710 .functor OR 1, L_0000018b15f11de0, L_0000018b15f122b0, C4<0>, C4<0>;
L_0000018b15f12780 .functor AND 1, o0000018b15f192a8, o0000018b15f19308, C4<1>, C4<1>;
L_0000018b15f12080 .functor NOT 1, o0000018b15f19338, C4<0>, C4<0>, C4<0>;
L_0000018b15f120f0 .functor AND 1, L_0000018b15f12780, L_0000018b15f12080, C4<1>, C4<1>;
L_0000018b15f12160 .functor NOT 1, o0000018b15f19368, C4<0>, C4<0>, C4<0>;
L_0000018b15f12470 .functor AND 1, L_0000018b15f120f0, L_0000018b15f12160, C4<1>, C4<1>;
L_0000018b15f124e0 .functor OR 1, L_0000018b15f12710, L_0000018b15f12470, C4<0>, C4<0>;
L_0000018b15fc3600 .functor NOT 1, o0000018b15f192d8, C4<0>, C4<0>, C4<0>;
L_0000018b15fc33d0 .functor AND 1, o0000018b15f192a8, L_0000018b15fc3600, C4<1>, C4<1>;
L_0000018b15fc3440 .functor AND 1, L_0000018b15fc33d0, o0000018b15f19338, C4<1>, C4<1>;
L_0000018b15fc34b0 .functor NOT 1, o0000018b15f19368, C4<0>, C4<0>, C4<0>;
L_0000018b15fc37c0 .functor AND 1, L_0000018b15fc3440, L_0000018b15fc34b0, C4<1>, C4<1>;
L_0000018b15fc39f0 .functor OR 1, L_0000018b15f124e0, L_0000018b15fc37c0, C4<0>, C4<0>;
L_0000018b15fc3980 .functor NOT 1, o0000018b15f19308, C4<0>, C4<0>, C4<0>;
L_0000018b15fc2db0 .functor AND 1, o0000018b15f192a8, L_0000018b15fc3980, C4<1>, C4<1>;
L_0000018b15fc2f00 .functor NOT 1, o0000018b15f19338, C4<0>, C4<0>, C4<0>;
L_0000018b15fc3ad0 .functor AND 1, L_0000018b15fc2db0, L_0000018b15fc2f00, C4<1>, C4<1>;
L_0000018b15fc3670 .functor AND 1, L_0000018b15fc3ad0, o0000018b15f19368, C4<1>, C4<1>;
L_0000018b15fc38a0 .functor OR 1, L_0000018b15fc39f0, L_0000018b15fc3670, C4<0>, C4<0>;
L_0000018b15fc3a60 .functor AND 1, o0000018b15f192a8, o0000018b15f192d8, C4<1>, C4<1>;
L_0000018b15fc3520 .functor NOT 1, o0000018b15f19308, C4<0>, C4<0>, C4<0>;
L_0000018b15fc3830 .functor AND 1, L_0000018b15fc3a60, L_0000018b15fc3520, C4<1>, C4<1>;
L_0000018b15fc3590 .functor NOT 1, o0000018b15f19368, C4<0>, C4<0>, C4<0>;
L_0000018b15fc2f70 .functor AND 1, L_0000018b15fc3830, L_0000018b15fc3590, C4<1>, C4<1>;
L_0000018b15fc36e0 .functor OR 1, L_0000018b15fc38a0, L_0000018b15fc2f70, C4<0>, C4<0>;
L_0000018b15fc3750 .functor NOT 1, o0000018b15f192a8, C4<0>, C4<0>, C4<0>;
L_0000018b15fc3910 .functor AND 1, L_0000018b15fc3750, o0000018b15f192d8, C4<1>, C4<1>;
L_0000018b15fc3b40 .functor AND 1, L_0000018b15fc3910, o0000018b15f19308, C4<1>, C4<1>;
L_0000018b15fc3bb0 .functor NOT 1, o0000018b15f19338, C4<0>, C4<0>, C4<0>;
L_0000018b15fc30c0 .functor AND 1, L_0000018b15fc3b40, L_0000018b15fc3bb0, C4<1>, C4<1>;
L_0000018b15fc3c20 .functor OR 1, L_0000018b15fc36e0, L_0000018b15fc30c0, C4<0>, C4<0>;
L_0000018b15fc2d40 .functor NOT 1, o0000018b15f192d8, C4<0>, C4<0>, C4<0>;
L_0000018b15fc2e20 .functor NOT 1, o0000018b15f19308, C4<0>, C4<0>, C4<0>;
L_0000018b15fc3050 .functor AND 1, L_0000018b15fc2d40, L_0000018b15fc2e20, C4<1>, C4<1>;
L_0000018b15fc2e90 .functor AND 1, L_0000018b15fc3050, o0000018b15f19338, C4<1>, C4<1>;
L_0000018b15fc32f0 .functor AND 1, L_0000018b15fc2e90, o0000018b15f19368, C4<1>, C4<1>;
L_0000018b15fc2fe0 .functor OR 1, L_0000018b15fc3c20, L_0000018b15fc32f0, C4<0>, C4<0>;
L_0000018b15fc3130 .functor AND 1, o0000018b15f192a8, o0000018b15f192d8, C4<1>, C4<1>;
L_0000018b15fc31a0 .functor AND 1, L_0000018b15fc3130, o0000018b15f19308, C4<1>, C4<1>;
L_0000018b15fc3360 .functor AND 1, L_0000018b15fc31a0, o0000018b15f19338, C4<1>, C4<1>;
L_0000018b15fc3210 .functor AND 1, L_0000018b15fc3360, o0000018b15f19368, C4<1>, C4<1>;
L_0000018b15fc3280 .functor OR 1, L_0000018b15fc2fe0, L_0000018b15fc3210, C4<0>, C4<0>;
L_0000018b15fc68c0 .functor NOT 1, o0000018b15f192a8, C4<0>, C4<0>, C4<0>;
L_0000018b15fc7810 .functor NOT 1, o0000018b15f192d8, C4<0>, C4<0>, C4<0>;
L_0000018b15fc6070 .functor AND 1, L_0000018b15fc68c0, L_0000018b15fc7810, C4<1>, C4<1>;
L_0000018b15fc6540 .functor NOT 1, o0000018b15f19308, C4<0>, C4<0>, C4<0>;
L_0000018b15fc76c0 .functor AND 1, L_0000018b15fc6070, L_0000018b15fc6540, C4<1>, C4<1>;
L_0000018b15fc5eb0 .functor NOT 1, o0000018b15f19338, C4<0>, C4<0>, C4<0>;
L_0000018b15fc7730 .functor AND 1, L_0000018b15fc76c0, L_0000018b15fc5eb0, C4<1>, C4<1>;
L_0000018b15fc64d0 .functor NOT 1, o0000018b15f19368, C4<0>, C4<0>, C4<0>;
L_0000018b15fc77a0 .functor AND 1, L_0000018b15fc7730, L_0000018b15fc64d0, C4<1>, C4<1>;
L_0000018b15fc7500 .functor OR 1, L_0000018b15fc3280, L_0000018b15fc77a0, C4<0>, C4<0>;
L_0000018b15fc6310 .functor OR 1, o0000018b15f19368, o0000018b15f19338, C4<0>, C4<0>;
L_0000018b15fc7650 .functor OR 1, L_0000018b15fc6310, o0000018b15f19308, C4<0>, C4<0>;
L_0000018b15fc5f20 .functor OR 1, L_0000018b15fc7650, o0000018b15f192d8, C4<0>, C4<0>;
L_0000018b15fc7570 .functor OR 1, L_0000018b15fc5f20, o0000018b15f192a8, C4<0>, C4<0>;
L_0000018b15fc7880 .functor NOT 1, o0000018b15f192a8, C4<0>, C4<0>, C4<0>;
L_0000018b15fc63f0 .functor NOT 1, o0000018b15f192d8, C4<0>, C4<0>, C4<0>;
L_0000018b15fc7180 .functor AND 1, L_0000018b15fc7880, L_0000018b15fc63f0, C4<1>, C4<1>;
L_0000018b15fc6d90 .functor NOT 1, o0000018b15f19308, C4<0>, C4<0>, C4<0>;
L_0000018b15fc5dd0 .functor AND 1, L_0000018b15fc7180, L_0000018b15fc6d90, C4<1>, C4<1>;
L_0000018b15fc60e0 .functor NOT 1, o0000018b15f192a8, C4<0>, C4<0>, C4<0>;
L_0000018b15fc6000 .functor NOT 1, o0000018b15f192d8, C4<0>, C4<0>, C4<0>;
L_0000018b15fc75e0 .functor AND 1, L_0000018b15fc60e0, L_0000018b15fc6000, C4<1>, C4<1>;
L_0000018b15fc6150 .functor NOT 1, o0000018b15f19338, C4<0>, C4<0>, C4<0>;
L_0000018b15fc78f0 .functor AND 1, L_0000018b15fc75e0, L_0000018b15fc6150, C4<1>, C4<1>;
L_0000018b15fc70a0 .functor OR 1, L_0000018b15fc5dd0, L_0000018b15fc78f0, C4<0>, C4<0>;
L_0000018b15fc7030 .functor NOT 1, o0000018b15f192a8, C4<0>, C4<0>, C4<0>;
L_0000018b15fc5d60 .functor NOT 1, o0000018b15f19308, C4<0>, C4<0>, C4<0>;
L_0000018b15fc5e40 .functor AND 1, L_0000018b15fc7030, L_0000018b15fc5d60, C4<1>, C4<1>;
L_0000018b15fc72d0 .functor NOT 1, o0000018b15f19338, C4<0>, C4<0>, C4<0>;
L_0000018b15fc6380 .functor AND 1, L_0000018b15fc5e40, L_0000018b15fc72d0, C4<1>, C4<1>;
L_0000018b15fc7340 .functor OR 1, L_0000018b15fc70a0, L_0000018b15fc6380, C4<0>, C4<0>;
L_0000018b15fc7490 .functor NOT 1, o0000018b15f192d8, C4<0>, C4<0>, C4<0>;
L_0000018b15fc7420 .functor NOT 1, o0000018b15f19308, C4<0>, C4<0>, C4<0>;
L_0000018b15fc5f90 .functor AND 1, L_0000018b15fc7490, L_0000018b15fc7420, C4<1>, C4<1>;
L_0000018b15fc71f0 .functor NOT 1, o0000018b15f19338, C4<0>, C4<0>, C4<0>;
L_0000018b15fc61c0 .functor AND 1, L_0000018b15fc5f90, L_0000018b15fc71f0, C4<1>, C4<1>;
L_0000018b15fc6460 .functor OR 1, L_0000018b15fc7340, L_0000018b15fc61c0, C4<0>, C4<0>;
L_0000018b15fc6e70 .functor NOT 1, o0000018b15f192a8, C4<0>, C4<0>, C4<0>;
L_0000018b15fc6620 .functor NOT 1, o0000018b15f192d8, C4<0>, C4<0>, C4<0>;
L_0000018b15fc6230 .functor AND 1, L_0000018b15fc6e70, L_0000018b15fc6620, C4<1>, C4<1>;
L_0000018b15fc62a0 .functor NOT 1, o0000018b15f19368, C4<0>, C4<0>, C4<0>;
L_0000018b15fc65b0 .functor AND 1, L_0000018b15fc6230, L_0000018b15fc62a0, C4<1>, C4<1>;
L_0000018b15fc73b0 .functor OR 1, L_0000018b15fc6460, L_0000018b15fc65b0, C4<0>, C4<0>;
L_0000018b15fc6690 .functor NOT 1, o0000018b15f192a8, C4<0>, C4<0>, C4<0>;
L_0000018b15fc67e0 .functor NOT 1, o0000018b15f19308, C4<0>, C4<0>, C4<0>;
L_0000018b15fc6fc0 .functor AND 1, L_0000018b15fc6690, L_0000018b15fc67e0, C4<1>, C4<1>;
L_0000018b15fc6700 .functor NOT 1, o0000018b15f19368, C4<0>, C4<0>, C4<0>;
L_0000018b15fc6770 .functor AND 1, L_0000018b15fc6fc0, L_0000018b15fc6700, C4<1>, C4<1>;
L_0000018b15fc6a10 .functor OR 1, L_0000018b15fc73b0, L_0000018b15fc6770, C4<0>, C4<0>;
L_0000018b15fc6850 .functor NOT 1, o0000018b15f192d8, C4<0>, C4<0>, C4<0>;
L_0000018b15fc6930 .functor NOT 1, o0000018b15f19308, C4<0>, C4<0>, C4<0>;
L_0000018b15fc6d20 .functor AND 1, L_0000018b15fc6850, L_0000018b15fc6930, C4<1>, C4<1>;
L_0000018b15fc69a0 .functor NOT 1, o0000018b15f19368, C4<0>, C4<0>, C4<0>;
L_0000018b15fc6af0 .functor AND 1, L_0000018b15fc6d20, L_0000018b15fc69a0, C4<1>, C4<1>;
L_0000018b15fc6ee0 .functor OR 1, L_0000018b15fc6a10, L_0000018b15fc6af0, C4<0>, C4<0>;
L_0000018b15fc6a80 .functor NOT 1, o0000018b15f192a8, C4<0>, C4<0>, C4<0>;
L_0000018b15fc6b60 .functor NOT 1, o0000018b15f19338, C4<0>, C4<0>, C4<0>;
L_0000018b15fc6bd0 .functor AND 1, L_0000018b15fc6a80, L_0000018b15fc6b60, C4<1>, C4<1>;
L_0000018b15fc6c40 .functor NOT 1, o0000018b15f19368, C4<0>, C4<0>, C4<0>;
L_0000018b15fc6cb0 .functor AND 1, L_0000018b15fc6bd0, L_0000018b15fc6c40, C4<1>, C4<1>;
L_0000018b15fc6e00 .functor OR 1, L_0000018b15fc6ee0, L_0000018b15fc6cb0, C4<0>, C4<0>;
L_0000018b15fc7110 .functor NOT 1, o0000018b15f192d8, C4<0>, C4<0>, C4<0>;
L_0000018b15fc6f50 .functor NOT 1, o0000018b15f19338, C4<0>, C4<0>, C4<0>;
L_0000018b15fc7260 .functor AND 1, L_0000018b15fc7110, L_0000018b15fc6f50, C4<1>, C4<1>;
L_0000018b15fc7c00 .functor NOT 1, o0000018b15f19368, C4<0>, C4<0>, C4<0>;
L_0000018b15fc7c70 .functor AND 1, L_0000018b15fc7260, L_0000018b15fc7c00, C4<1>, C4<1>;
L_0000018b15fc7b90 .functor OR 1, L_0000018b15fc6e00, L_0000018b15fc7c70, C4<0>, C4<0>;
L_0000018b15fc7b20 .functor NOT 1, o0000018b15f19308, C4<0>, C4<0>, C4<0>;
L_0000018b15fc7960 .functor NOT 1, o0000018b15f19338, C4<0>, C4<0>, C4<0>;
L_0000018b15fc79d0 .functor AND 1, L_0000018b15fc7b20, L_0000018b15fc7960, C4<1>, C4<1>;
L_0000018b15fc7a40 .functor NOT 1, o0000018b15f19368, C4<0>, C4<0>, C4<0>;
L_0000018b15fc7ab0 .functor AND 1, L_0000018b15fc79d0, L_0000018b15fc7a40, C4<1>, C4<1>;
L_0000018b15fca950 .functor OR 1, L_0000018b15fc7b90, L_0000018b15fc7ab0, C4<0>, C4<0>;
L_0000018b15fcae90 .functor AND 1, o0000018b15f192d8, o0000018b15f19308, C4<1>, C4<1>;
L_0000018b15fcacd0 .functor AND 1, L_0000018b15fcae90, o0000018b15f19338, C4<1>, C4<1>;
L_0000018b15fcb4b0 .functor AND 1, L_0000018b15fcacd0, o0000018b15f19368, C4<1>, C4<1>;
L_0000018b15fc9e60 .functor OR 1, L_0000018b15fca950, L_0000018b15fcb4b0, C4<0>, C4<0>;
L_0000018b15fcae20 .functor AND 1, o0000018b15f192a8, o0000018b15f19308, C4<1>, C4<1>;
L_0000018b15fcac60 .functor AND 1, L_0000018b15fcae20, o0000018b15f19338, C4<1>, C4<1>;
L_0000018b15fcb050 .functor AND 1, L_0000018b15fcac60, o0000018b15f19368, C4<1>, C4<1>;
L_0000018b15fca1e0 .functor OR 1, L_0000018b15fc9e60, L_0000018b15fcb050, C4<0>, C4<0>;
L_0000018b15fca410 .functor AND 1, o0000018b15f192a8, o0000018b15f192d8, C4<1>, C4<1>;
L_0000018b15fcafe0 .functor AND 1, L_0000018b15fca410, o0000018b15f19338, C4<1>, C4<1>;
L_0000018b15fca2c0 .functor AND 1, L_0000018b15fcafe0, o0000018b15f19368, C4<1>, C4<1>;
L_0000018b15fcaf00 .functor OR 1, L_0000018b15fca1e0, L_0000018b15fca2c0, C4<0>, C4<0>;
L_0000018b15fcb670 .functor AND 1, o0000018b15f192a8, o0000018b15f192d8, C4<1>, C4<1>;
L_0000018b15fc9d80 .functor AND 1, L_0000018b15fcb670, o0000018b15f19308, C4<1>, C4<1>;
L_0000018b15fcad40 .functor AND 1, L_0000018b15fc9d80, o0000018b15f19368, C4<1>, C4<1>;
L_0000018b15fca9c0 .functor OR 1, L_0000018b15fcaf00, L_0000018b15fcad40, C4<0>, C4<0>;
L_0000018b15fcb440 .functor AND 1, o0000018b15f192a8, o0000018b15f192d8, C4<1>, C4<1>;
L_0000018b15fc9ed0 .functor AND 1, L_0000018b15fcb440, o0000018b15f19308, C4<1>, C4<1>;
L_0000018b15fca170 .functor AND 1, L_0000018b15fc9ed0, o0000018b15f19338, C4<1>, C4<1>;
L_0000018b15fca6b0 .functor OR 1, L_0000018b15fca9c0, L_0000018b15fca170, C4<0>, C4<0>;
L_0000018b15fca640 .functor NOT 1, o0000018b15f192a8, C4<0>, C4<0>, C4<0>;
L_0000018b15fcb280 .functor NOT 1, o0000018b15f192d8, C4<0>, C4<0>, C4<0>;
L_0000018b15fcb1a0 .functor AND 1, L_0000018b15fca640, L_0000018b15fcb280, C4<1>, C4<1>;
L_0000018b15fcadb0 .functor AND 1, L_0000018b15fcb1a0, o0000018b15f19338, C4<1>, C4<1>;
L_0000018b15fc9f40 .functor AND 1, L_0000018b15fcadb0, o0000018b15f19368, C4<1>, C4<1>;
L_0000018b15fcaf70 .functor AND 1, o0000018b15f192a8, o0000018b15f192d8, C4<1>, C4<1>;
L_0000018b15fca250 .functor NOT 1, o0000018b15f19308, C4<0>, C4<0>, C4<0>;
L_0000018b15fcb520 .functor AND 1, L_0000018b15fcaf70, L_0000018b15fca250, C4<1>, C4<1>;
L_0000018b15fc9fb0 .functor NOT 1, o0000018b15f19338, C4<0>, C4<0>, C4<0>;
L_0000018b15fcb830 .functor AND 1, L_0000018b15fcb520, L_0000018b15fc9fb0, C4<1>, C4<1>;
L_0000018b15fcb0c0 .functor OR 1, L_0000018b15fc9f40, L_0000018b15fcb830, C4<0>, C4<0>;
L_0000018b15fca5d0 .functor NOT 1, o0000018b15f192d8, C4<0>, C4<0>, C4<0>;
L_0000018b15fcb910 .functor AND 1, o0000018b15f192a8, L_0000018b15fca5d0, C4<1>, C4<1>;
L_0000018b15fca480 .functor NOT 1, o0000018b15f19308, C4<0>, C4<0>, C4<0>;
L_0000018b15fcb130 .functor AND 1, L_0000018b15fcb910, L_0000018b15fca480, C4<1>, C4<1>;
L_0000018b15fca720 .functor AND 1, L_0000018b15fcb130, o0000018b15f19368, C4<1>, C4<1>;
L_0000018b15fcb360 .functor OR 1, L_0000018b15fcb0c0, L_0000018b15fca720, C4<0>, C4<0>;
L_0000018b15fcb210 .functor NOT 1, o0000018b15f192a8, C4<0>, C4<0>, C4<0>;
L_0000018b15fcab10 .functor AND 1, L_0000018b15fcb210, o0000018b15f19308, C4<1>, C4<1>;
L_0000018b15fcab80 .functor AND 1, L_0000018b15fcab10, o0000018b15f19338, C4<1>, C4<1>;
L_0000018b15fca330 .functor NOT 1, o0000018b15f19368, C4<0>, C4<0>, C4<0>;
L_0000018b15fcb2f0 .functor AND 1, L_0000018b15fcab80, L_0000018b15fca330, C4<1>, C4<1>;
L_0000018b15fcb7c0 .functor OR 1, L_0000018b15fcb360, L_0000018b15fcb2f0, C4<0>, C4<0>;
L_0000018b15fca100 .functor AND 1, o0000018b15f192d8, o0000018b15f19308, C4<1>, C4<1>;
L_0000018b15fca790 .functor NOT 1, o0000018b15f19338, C4<0>, C4<0>, C4<0>;
L_0000018b15fcb3d0 .functor AND 1, L_0000018b15fca100, L_0000018b15fca790, C4<1>, C4<1>;
L_0000018b15fcb590 .functor NOT 1, o0000018b15f19368, C4<0>, C4<0>, C4<0>;
L_0000018b15fcb8a0 .functor AND 1, L_0000018b15fcb3d0, L_0000018b15fcb590, C4<1>, C4<1>;
L_0000018b15fcaa30 .functor OR 1, L_0000018b15fcb7c0, L_0000018b15fcb8a0, C4<0>, C4<0>;
L_0000018b15fcaaa0 .functor NOT 1, o0000018b15f192a8, C4<0>, C4<0>, C4<0>;
L_0000018b15fcabf0 .functor AND 1, L_0000018b15fcaaa0, o0000018b15f19308, C4<1>, C4<1>;
L_0000018b15fcb600 .functor NOT 1, o0000018b15f19338, C4<0>, C4<0>, C4<0>;
L_0000018b15fcb6e0 .functor AND 1, L_0000018b15fcabf0, L_0000018b15fcb600, C4<1>, C4<1>;
L_0000018b15fcb750 .functor AND 1, L_0000018b15fcb6e0, o0000018b15f19368, C4<1>, C4<1>;
L_0000018b15fc9df0 .functor OR 1, L_0000018b15fcaa30, L_0000018b15fcb750, C4<0>, C4<0>;
L_0000018b15fca020 .functor NOT 1, o0000018b15f19308, C4<0>, C4<0>, C4<0>;
L_0000018b15fca090 .functor AND 1, o0000018b15f192d8, L_0000018b15fca020, C4<1>, C4<1>;
L_0000018b15fca3a0 .functor AND 1, L_0000018b15fca090, o0000018b15f19338, C4<1>, C4<1>;
L_0000018b15fca4f0 .functor NOT 1, o0000018b15f19368, C4<0>, C4<0>, C4<0>;
L_0000018b15fca560 .functor AND 1, L_0000018b15fca3a0, L_0000018b15fca4f0, C4<1>, C4<1>;
L_0000018b15fca800 .functor OR 1, L_0000018b15fc9df0, L_0000018b15fca560, C4<0>, C4<0>;
L_0000018b15fca870 .functor NOT 1, o0000018b15f192d8, C4<0>, C4<0>, C4<0>;
L_0000018b15fca8e0 .functor AND 1, o0000018b15f192a8, L_0000018b15fca870, C4<1>, C4<1>;
L_0000018b15fcb9f0 .functor AND 1, L_0000018b15fca8e0, o0000018b15f19338, C4<1>, C4<1>;
L_0000018b15fcbad0 .functor NOT 1, o0000018b15f19368, C4<0>, C4<0>, C4<0>;
L_0000018b15fcba60 .functor AND 1, L_0000018b15fcb9f0, L_0000018b15fcbad0, C4<1>, C4<1>;
L_0000018b15fcbb40 .functor OR 1, L_0000018b15fca800, L_0000018b15fcba60, C4<0>, C4<0>;
L_0000018b15fcbbb0 .functor NOT 1, o0000018b15f192a8, C4<0>, C4<0>, C4<0>;
L_0000018b15fcbc20 .functor AND 1, L_0000018b15fcbbb0, o0000018b15f192d8, C4<1>, C4<1>;
L_0000018b15fcbc90 .functor NOT 1, o0000018b15f19308, C4<0>, C4<0>, C4<0>;
L_0000018b15fcb980 .functor AND 1, L_0000018b15fcbc20, L_0000018b15fcbc90, C4<1>, C4<1>;
L_0000018b15fcd7d0 .functor AND 1, L_0000018b15fcb980, o0000018b15f19368, C4<1>, C4<1>;
L_0000018b15fccb90 .functor OR 1, L_0000018b15fcbb40, L_0000018b15fcd7d0, C4<0>, C4<0>;
L_0000018b15fcd1b0 .functor NOT 1, o0000018b15f192d8, C4<0>, C4<0>, C4<0>;
L_0000018b15fcca40 .functor AND 1, o0000018b15f192a8, L_0000018b15fcd1b0, C4<1>, C4<1>;
L_0000018b15fccab0 .functor AND 1, L_0000018b15fcca40, o0000018b15f19308, C4<1>, C4<1>;
L_0000018b15fcd6f0 .functor NOT 1, o0000018b15f19338, C4<0>, C4<0>, C4<0>;
L_0000018b15fcc500 .functor AND 1, L_0000018b15fccab0, L_0000018b15fcd6f0, C4<1>, C4<1>;
L_0000018b15fcd840 .functor OR 1, L_0000018b15fccb90, L_0000018b15fcc500, C4<0>, C4<0>;
L_0000018b15fccb20 .functor AND 1, o0000018b15f192a8, o0000018b15f192d8, C4<1>, C4<1>;
L_0000018b15fcc340 .functor AND 1, L_0000018b15fccb20, o0000018b15f19308, C4<1>, C4<1>;
L_0000018b15fccf80 .functor AND 1, L_0000018b15fcc340, o0000018b15f19338, C4<1>, C4<1>;
L_0000018b15fcd8b0 .functor AND 1, L_0000018b15fccf80, o0000018b15f19368, C4<1>, C4<1>;
L_0000018b15fcd140 .functor OR 1, L_0000018b15fcd840, L_0000018b15fcd8b0, C4<0>, C4<0>;
L_0000018b15fcc960 .functor NOT 1, o0000018b15f192a8, C4<0>, C4<0>, C4<0>;
L_0000018b15fcd5a0 .functor NOT 1, o0000018b15f192d8, C4<0>, C4<0>, C4<0>;
L_0000018b15fcc3b0 .functor AND 1, L_0000018b15fcc960, L_0000018b15fcd5a0, C4<1>, C4<1>;
L_0000018b15fcc030 .functor NOT 1, o0000018b15f19308, C4<0>, C4<0>, C4<0>;
L_0000018b15fcc570 .functor AND 1, L_0000018b15fcc3b0, L_0000018b15fcc030, C4<1>, C4<1>;
L_0000018b15fcc650 .functor NOT 1, o0000018b15f19338, C4<0>, C4<0>, C4<0>;
L_0000018b15fcc420 .functor AND 1, L_0000018b15fcc570, L_0000018b15fcc650, C4<1>, C4<1>;
L_0000018b15fcc1f0 .functor NOT 1, o0000018b15f19368, C4<0>, C4<0>, C4<0>;
L_0000018b15fcc490 .functor AND 1, L_0000018b15fcc420, L_0000018b15fcc1f0, C4<1>, C4<1>;
L_0000018b15fccea0 .functor OR 1, L_0000018b15fcd140, L_0000018b15fcc490, C4<0>, C4<0>;
L_0000018b15fccc00 .functor NOT 1, o0000018b15f192a8, C4<0>, C4<0>, C4<0>;
L_0000018b15fccc70 .functor NOT 1, o0000018b15f192d8, C4<0>, C4<0>, C4<0>;
L_0000018b15fcbe70 .functor AND 1, L_0000018b15fccc00, L_0000018b15fccc70, C4<1>, C4<1>;
L_0000018b15fcc5e0 .functor AND 1, L_0000018b15fcbe70, o0000018b15f19308, C4<1>, C4<1>;
L_0000018b15fcc0a0 .functor AND 1, L_0000018b15fcc5e0, o0000018b15f19338, C4<1>, C4<1>;
L_0000018b15fccce0 .functor AND 1, L_0000018b15fcc0a0, o0000018b15f19368, C4<1>, C4<1>;
L_0000018b15fcd290 .functor NOT 1, o0000018b15f192a8, C4<0>, C4<0>, C4<0>;
L_0000018b15fcc110 .functor AND 1, L_0000018b15fcd290, o0000018b15f192d8, C4<1>, C4<1>;
L_0000018b15fcc9d0 .functor NOT 1, o0000018b15f19308, C4<0>, C4<0>, C4<0>;
L_0000018b15fccff0 .functor AND 1, L_0000018b15fcc110, L_0000018b15fcc9d0, C4<1>, C4<1>;
L_0000018b15fcc180 .functor AND 1, L_0000018b15fccff0, o0000018b15f19338, C4<1>, C4<1>;
L_0000018b15fcd680 .functor AND 1, L_0000018b15fcc180, o0000018b15f19368, C4<1>, C4<1>;
L_0000018b15fcc6c0 .functor OR 1, L_0000018b15fccce0, L_0000018b15fcd680, C4<0>, C4<0>;
L_0000018b15fcbfc0 .functor NOT 1, o0000018b15f192a8, C4<0>, C4<0>, C4<0>;
L_0000018b15fccd50 .functor AND 1, L_0000018b15fcbfc0, o0000018b15f192d8, C4<1>, C4<1>;
L_0000018b15fcd610 .functor AND 1, L_0000018b15fccd50, o0000018b15f19308, C4<1>, C4<1>;
L_0000018b15fcc8f0 .functor NOT 1, o0000018b15f19338, C4<0>, C4<0>, C4<0>;
L_0000018b15fcc730 .functor AND 1, L_0000018b15fcd610, L_0000018b15fcc8f0, C4<1>, C4<1>;
L_0000018b15fcd220 .functor AND 1, L_0000018b15fcc730, o0000018b15f19368, C4<1>, C4<1>;
L_0000018b15fccf10 .functor OR 1, L_0000018b15fcc6c0, L_0000018b15fcd220, C4<0>, C4<0>;
L_0000018b15fcd760 .functor NOT 1, o0000018b15f192a8, C4<0>, C4<0>, C4<0>;
L_0000018b15fccdc0 .functor AND 1, L_0000018b15fcd760, o0000018b15f192d8, C4<1>, C4<1>;
L_0000018b15fcd060 .functor AND 1, L_0000018b15fccdc0, o0000018b15f19308, C4<1>, C4<1>;
L_0000018b15fcd0d0 .functor AND 1, L_0000018b15fcd060, o0000018b15f19338, C4<1>, C4<1>;
L_0000018b15fcd370 .functor NOT 1, o0000018b15f19368, C4<0>, C4<0>, C4<0>;
L_0000018b15fcd920 .functor AND 1, L_0000018b15fcd0d0, L_0000018b15fcd370, C4<1>, C4<1>;
L_0000018b15fcce30 .functor OR 1, L_0000018b15fccf10, L_0000018b15fcd920, C4<0>, C4<0>;
L_0000018b15fcd300 .functor NOT 1, o0000018b15f192d8, C4<0>, C4<0>, C4<0>;
L_0000018b15fcc260 .functor AND 1, o0000018b15f192a8, L_0000018b15fcd300, C4<1>, C4<1>;
L_0000018b15fcd3e0 .functor NOT 1, o0000018b15f19308, C4<0>, C4<0>, C4<0>;
L_0000018b15fcd450 .functor AND 1, L_0000018b15fcc260, L_0000018b15fcd3e0, C4<1>, C4<1>;
L_0000018b15fcd4c0 .functor AND 1, L_0000018b15fcd450, o0000018b15f19338, C4<1>, C4<1>;
L_0000018b15fcd530 .functor AND 1, L_0000018b15fcd4c0, o0000018b15f19368, C4<1>, C4<1>;
L_0000018b15fcc7a0 .functor OR 1, L_0000018b15fcce30, L_0000018b15fcd530, C4<0>, C4<0>;
L_0000018b15fcbd90 .functor NOT 1, o0000018b15f192d8, C4<0>, C4<0>, C4<0>;
L_0000018b15fcbe00 .functor AND 1, o0000018b15f192a8, L_0000018b15fcbd90, C4<1>, C4<1>;
L_0000018b15fcc2d0 .functor AND 1, L_0000018b15fcbe00, o0000018b15f19308, C4<1>, C4<1>;
L_0000018b15fcbee0 .functor NOT 1, o0000018b15f19338, C4<0>, C4<0>, C4<0>;
L_0000018b15fcbf50 .functor AND 1, L_0000018b15fcc2d0, L_0000018b15fcbee0, C4<1>, C4<1>;
L_0000018b15fcc810 .functor AND 1, L_0000018b15fcbf50, o0000018b15f19368, C4<1>, C4<1>;
L_0000018b15fcc880 .functor OR 1, L_0000018b15fcc7a0, L_0000018b15fcc810, C4<0>, C4<0>;
L_0000018b15fcdbc0 .functor NOT 1, o0000018b15f192d8, C4<0>, C4<0>, C4<0>;
L_0000018b15fcd990 .functor AND 1, o0000018b15f192a8, L_0000018b15fcdbc0, C4<1>, C4<1>;
L_0000018b15fcdb50 .functor AND 1, L_0000018b15fcd990, o0000018b15f19308, C4<1>, C4<1>;
L_0000018b15fcdca0 .functor AND 1, L_0000018b15fcdb50, o0000018b15f19338, C4<1>, C4<1>;
L_0000018b15fcdae0 .functor NOT 1, o0000018b15f19368, C4<0>, C4<0>, C4<0>;
L_0000018b15fcda00 .functor AND 1, L_0000018b15fcdca0, L_0000018b15fcdae0, C4<1>, C4<1>;
L_0000018b15fcdc30 .functor OR 1, L_0000018b15fcc880, L_0000018b15fcda00, C4<0>, C4<0>;
L_0000018b15fcda70 .functor AND 1, o0000018b15f192a8, o0000018b15f192d8, C4<1>, C4<1>;
L_0000018b15fd1e90 .functor NOT 1, o0000018b15f19308, C4<0>, C4<0>, C4<0>;
L_0000018b15fd26e0 .functor AND 1, L_0000018b15fcda70, L_0000018b15fd1e90, C4<1>, C4<1>;
L_0000018b15fd1f00 .functor NOT 1, o0000018b15f19338, C4<0>, C4<0>, C4<0>;
L_0000018b15fd1cd0 .functor AND 1, L_0000018b15fd26e0, L_0000018b15fd1f00, C4<1>, C4<1>;
L_0000018b15fd11e0 .functor AND 1, L_0000018b15fd1cd0, o0000018b15f19368, C4<1>, C4<1>;
L_0000018b15fd1720 .functor OR 1, L_0000018b15fcdc30, L_0000018b15fd11e0, C4<0>, C4<0>;
L_0000018b15fd16b0 .functor AND 1, o0000018b15f192a8, o0000018b15f192d8, C4<1>, C4<1>;
L_0000018b15fd22f0 .functor NOT 1, o0000018b15f19308, C4<0>, C4<0>, C4<0>;
L_0000018b15fd2210 .functor AND 1, L_0000018b15fd16b0, L_0000018b15fd22f0, C4<1>, C4<1>;
L_0000018b15fd1d40 .functor AND 1, L_0000018b15fd2210, o0000018b15f19338, C4<1>, C4<1>;
L_0000018b15fd0f40 .functor NOT 1, o0000018b15f19368, C4<0>, C4<0>, C4<0>;
L_0000018b15fd0fb0 .functor AND 1, L_0000018b15fd1d40, L_0000018b15fd0f40, C4<1>, C4<1>;
L_0000018b15fd1020 .functor OR 1, L_0000018b15fd1720, L_0000018b15fd0fb0, C4<0>, C4<0>;
L_0000018b15fd2830 .functor AND 1, o0000018b15f192a8, o0000018b15f192d8, C4<1>, C4<1>;
L_0000018b15fd1480 .functor AND 1, L_0000018b15fd2830, o0000018b15f19308, C4<1>, C4<1>;
L_0000018b15fd15d0 .functor NOT 1, o0000018b15f19338, C4<0>, C4<0>, C4<0>;
L_0000018b15fd2750 .functor AND 1, L_0000018b15fd1480, L_0000018b15fd15d0, C4<1>, C4<1>;
L_0000018b15fd1090 .functor NOT 1, o0000018b15f19368, C4<0>, C4<0>, C4<0>;
L_0000018b15fd27c0 .functor AND 1, L_0000018b15fd2750, L_0000018b15fd1090, C4<1>, C4<1>;
L_0000018b15fd1560 .functor OR 1, L_0000018b15fd1020, L_0000018b15fd27c0, C4<0>, C4<0>;
L_0000018b15fd28a0 .functor AND 1, o0000018b15f192a8, o0000018b15f192d8, C4<1>, C4<1>;
L_0000018b15fd2590 .functor AND 1, L_0000018b15fd28a0, o0000018b15f19308, C4<1>, C4<1>;
L_0000018b15fd2910 .functor AND 1, L_0000018b15fd2590, o0000018b15f19338, C4<1>, C4<1>;
L_0000018b15fd2980 .functor AND 1, L_0000018b15fd2910, o0000018b15f19368, C4<1>, C4<1>;
L_0000018b15fd1100 .functor OR 1, L_0000018b15fd1560, L_0000018b15fd2980, C4<0>, C4<0>;
L_0000018b15fd21a0 .functor NOT 1, o0000018b15f192a8, C4<0>, C4<0>, C4<0>;
L_0000018b15fd0df0 .functor NOT 1, o0000018b15f192d8, C4<0>, C4<0>, C4<0>;
L_0000018b15fd2360 .functor AND 1, L_0000018b15fd21a0, L_0000018b15fd0df0, C4<1>, C4<1>;
L_0000018b15fd1410 .functor NOT 1, o0000018b15f19308, C4<0>, C4<0>, C4<0>;
L_0000018b15fd2600 .functor AND 1, L_0000018b15fd2360, L_0000018b15fd1410, C4<1>, C4<1>;
L_0000018b15fd1640 .functor NOT 1, o0000018b15f19338, C4<0>, C4<0>, C4<0>;
L_0000018b15fd1170 .functor AND 1, L_0000018b15fd2600, L_0000018b15fd1640, C4<1>, C4<1>;
L_0000018b15fd14f0 .functor NOT 1, o0000018b15f192a8, C4<0>, C4<0>, C4<0>;
L_0000018b15fd2520 .functor NOT 1, o0000018b15f192d8, C4<0>, C4<0>, C4<0>;
L_0000018b15fd1250 .functor AND 1, L_0000018b15fd14f0, L_0000018b15fd2520, C4<1>, C4<1>;
L_0000018b15fd0e60 .functor NOT 1, o0000018b15f19308, C4<0>, C4<0>, C4<0>;
L_0000018b15fd2130 .functor AND 1, L_0000018b15fd1250, L_0000018b15fd0e60, C4<1>, C4<1>;
L_0000018b15fd20c0 .functor NOT 1, o0000018b15f19368, C4<0>, C4<0>, C4<0>;
L_0000018b15fd0ed0 .functor AND 1, L_0000018b15fd2130, L_0000018b15fd20c0, C4<1>, C4<1>;
L_0000018b15fd1b10 .functor OR 1, L_0000018b15fd1170, L_0000018b15fd0ed0, C4<0>, C4<0>;
L_0000018b15fd2670 .functor NOT 1, o0000018b15f192a8, C4<0>, C4<0>, C4<0>;
L_0000018b15fd1330 .functor NOT 1, o0000018b15f192d8, C4<0>, C4<0>, C4<0>;
L_0000018b15fd23d0 .functor AND 1, L_0000018b15fd2670, L_0000018b15fd1330, C4<1>, C4<1>;
L_0000018b15fd12c0 .functor NOT 1, o0000018b15f19338, C4<0>, C4<0>, C4<0>;
L_0000018b15fd24b0 .functor AND 1, L_0000018b15fd23d0, L_0000018b15fd12c0, C4<1>, C4<1>;
L_0000018b15fd1f70 .functor NOT 1, o0000018b15f19368, C4<0>, C4<0>, C4<0>;
L_0000018b15fd13a0 .functor AND 1, L_0000018b15fd24b0, L_0000018b15fd1f70, C4<1>, C4<1>;
L_0000018b15fd1fe0 .functor OR 1, L_0000018b15fd1b10, L_0000018b15fd13a0, C4<0>, C4<0>;
L_0000018b15fd1790 .functor NOT 1, o0000018b15f192a8, C4<0>, C4<0>, C4<0>;
L_0000018b15fd1800 .functor NOT 1, o0000018b15f19308, C4<0>, C4<0>, C4<0>;
L_0000018b15fd1870 .functor AND 1, L_0000018b15fd1790, L_0000018b15fd1800, C4<1>, C4<1>;
L_0000018b15fd2050 .functor NOT 1, o0000018b15f19338, C4<0>, C4<0>, C4<0>;
L_0000018b15fd1b80 .functor AND 1, L_0000018b15fd1870, L_0000018b15fd2050, C4<1>, C4<1>;
L_0000018b15fd18e0 .functor NOT 1, o0000018b15f19368, C4<0>, C4<0>, C4<0>;
L_0000018b15fd2280 .functor AND 1, L_0000018b15fd1b80, L_0000018b15fd18e0, C4<1>, C4<1>;
L_0000018b15fd1950 .functor OR 1, L_0000018b15fd1fe0, L_0000018b15fd2280, C4<0>, C4<0>;
L_0000018b15fd1bf0 .functor NOT 1, o0000018b15f192d8, C4<0>, C4<0>, C4<0>;
L_0000018b15fd2440 .functor NOT 1, o0000018b15f19308, C4<0>, C4<0>, C4<0>;
L_0000018b15fd19c0 .functor AND 1, L_0000018b15fd1bf0, L_0000018b15fd2440, C4<1>, C4<1>;
L_0000018b15fd1a30 .functor NOT 1, o0000018b15f19338, C4<0>, C4<0>, C4<0>;
L_0000018b15fd1aa0 .functor AND 1, L_0000018b15fd19c0, L_0000018b15fd1a30, C4<1>, C4<1>;
L_0000018b15fd1c60 .functor NOT 1, o0000018b15f19368, C4<0>, C4<0>, C4<0>;
L_0000018b15fd1db0 .functor AND 1, L_0000018b15fd1aa0, L_0000018b15fd1c60, C4<1>, C4<1>;
L_0000018b15fd1e20 .functor OR 1, L_0000018b15fd1950, L_0000018b15fd1db0, C4<0>, C4<0>;
L_0000018b15fd2a60 .functor AND 1, o0000018b15f192a8, o0000018b15f192d8, C4<1>, C4<1>;
L_0000018b15fd29f0 .functor AND 1, L_0000018b15fd2a60, o0000018b15f19308, C4<1>, C4<1>;
L_0000018b15fd2ad0 .functor AND 1, L_0000018b15fd29f0, o0000018b15f19338, C4<1>, C4<1>;
L_0000018b15fd2d00 .functor AND 1, L_0000018b15fd2ad0, o0000018b15f19368, C4<1>, C4<1>;
L_0000018b15fd2b40 .functor OR 1, L_0000018b15fd1e20, L_0000018b15fd2d00, C4<0>, C4<0>;
L_0000018b15fd2bb0 .functor NOT 1, o0000018b15f192a8, C4<0>, C4<0>, C4<0>;
L_0000018b15fd2c20 .functor NOT 1, o0000018b15f192d8, C4<0>, C4<0>, C4<0>;
L_0000018b15fd2c90 .functor AND 1, L_0000018b15fd2bb0, L_0000018b15fd2c20, C4<1>, C4<1>;
L_0000018b15fd84f0 .functor NOT 1, o0000018b15f192a8, C4<0>, C4<0>, C4<0>;
L_0000018b15fd8870 .functor NOT 1, o0000018b15f19308, C4<0>, C4<0>, C4<0>;
L_0000018b15fd78b0 .functor AND 1, L_0000018b15fd84f0, L_0000018b15fd8870, C4<1>, C4<1>;
L_0000018b15fd7ed0 .functor OR 1, L_0000018b15fd2c90, L_0000018b15fd78b0, C4<0>, C4<0>;
L_0000018b15fd82c0 .functor NOT 1, o0000018b15f192d8, C4<0>, C4<0>, C4<0>;
L_0000018b15fd75a0 .functor NOT 1, o0000018b15f19308, C4<0>, C4<0>, C4<0>;
L_0000018b15fd8cd0 .functor AND 1, L_0000018b15fd82c0, L_0000018b15fd75a0, C4<1>, C4<1>;
L_0000018b15fd8a30 .functor OR 1, L_0000018b15fd7ed0, L_0000018b15fd8cd0, C4<0>, C4<0>;
L_0000018b15fd7b50 .functor NOT 1, o0000018b15f192a8, C4<0>, C4<0>, C4<0>;
L_0000018b15fd8480 .functor NOT 1, o0000018b15f19338, C4<0>, C4<0>, C4<0>;
L_0000018b15fd7530 .functor AND 1, L_0000018b15fd7b50, L_0000018b15fd8480, C4<1>, C4<1>;
L_0000018b15fd7d10 .functor OR 1, L_0000018b15fd8a30, L_0000018b15fd7530, C4<0>, C4<0>;
L_0000018b15fd7a70 .functor NOT 1, o0000018b15f192d8, C4<0>, C4<0>, C4<0>;
L_0000018b15fd8170 .functor NOT 1, o0000018b15f19338, C4<0>, C4<0>, C4<0>;
L_0000018b15fd8020 .functor AND 1, L_0000018b15fd7a70, L_0000018b15fd8170, C4<1>, C4<1>;
L_0000018b15fd7d80 .functor OR 1, L_0000018b15fd7d10, L_0000018b15fd8020, C4<0>, C4<0>;
L_0000018b15fd85d0 .functor NOT 1, o0000018b15f19308, C4<0>, C4<0>, C4<0>;
L_0000018b15fd88e0 .functor NOT 1, o0000018b15f19338, C4<0>, C4<0>, C4<0>;
L_0000018b15fd8fe0 .functor AND 1, L_0000018b15fd85d0, L_0000018b15fd88e0, C4<1>, C4<1>;
L_0000018b15fd8640 .functor OR 1, L_0000018b15fd7d80, L_0000018b15fd8fe0, C4<0>, C4<0>;
L_0000018b15fd7a00 .functor NOT 1, o0000018b15f192a8, C4<0>, C4<0>, C4<0>;
L_0000018b15fd8f00 .functor NOT 1, o0000018b15f19368, C4<0>, C4<0>, C4<0>;
L_0000018b15fd7bc0 .functor AND 1, L_0000018b15fd7a00, L_0000018b15fd8f00, C4<1>, C4<1>;
L_0000018b15fd7df0 .functor OR 1, L_0000018b15fd8640, L_0000018b15fd7bc0, C4<0>, C4<0>;
L_0000018b15fd8560 .functor NOT 1, o0000018b15f192d8, C4<0>, C4<0>, C4<0>;
L_0000018b15fd81e0 .functor NOT 1, o0000018b15f19368, C4<0>, C4<0>, C4<0>;
L_0000018b15fd7e60 .functor AND 1, L_0000018b15fd8560, L_0000018b15fd81e0, C4<1>, C4<1>;
L_0000018b15fd86b0 .functor OR 1, L_0000018b15fd7df0, L_0000018b15fd7e60, C4<0>, C4<0>;
L_0000018b15fd8950 .functor NOT 1, o0000018b15f19308, C4<0>, C4<0>, C4<0>;
L_0000018b15fd8aa0 .functor NOT 1, o0000018b15f19368, C4<0>, C4<0>, C4<0>;
L_0000018b15fd8f70 .functor AND 1, L_0000018b15fd8950, L_0000018b15fd8aa0, C4<1>, C4<1>;
L_0000018b15fd8720 .functor OR 1, L_0000018b15fd86b0, L_0000018b15fd8f70, C4<0>, C4<0>;
L_0000018b15fd8790 .functor NOT 1, o0000018b15f19338, C4<0>, C4<0>, C4<0>;
L_0000018b15fd89c0 .functor NOT 1, o0000018b15f19368, C4<0>, C4<0>, C4<0>;
L_0000018b15fd8e90 .functor AND 1, L_0000018b15fd8790, L_0000018b15fd89c0, C4<1>, C4<1>;
L_0000018b15fd8d40 .functor OR 1, L_0000018b15fd8720, L_0000018b15fd8e90, C4<0>, C4<0>;
v0000018b15f13b20_0 .net *"_ivl_0", 0 0, L_0000018b15f12940;  1 drivers
v0000018b15f14840_0 .net *"_ivl_10", 0 0, L_0000018b15f12320;  1 drivers
v0000018b15f13800_0 .net *"_ivl_100", 0 0, L_0000018b15fc3bb0;  1 drivers
v0000018b15f13300_0 .net *"_ivl_102", 0 0, L_0000018b15fc30c0;  1 drivers
v0000018b15f13120_0 .net *"_ivl_104", 0 0, L_0000018b15fc3c20;  1 drivers
v0000018b15f12fe0_0 .net *"_ivl_106", 0 0, L_0000018b15fc2d40;  1 drivers
v0000018b15f133a0_0 .net *"_ivl_108", 0 0, L_0000018b15fc2e20;  1 drivers
v0000018b15f148e0_0 .net *"_ivl_110", 0 0, L_0000018b15fc3050;  1 drivers
v0000018b15f12b80_0 .net *"_ivl_112", 0 0, L_0000018b15fc2e90;  1 drivers
v0000018b15f13d00_0 .net *"_ivl_114", 0 0, L_0000018b15fc32f0;  1 drivers
v0000018b15f12c20_0 .net *"_ivl_116", 0 0, L_0000018b15fc2fe0;  1 drivers
v0000018b15f13bc0_0 .net *"_ivl_118", 0 0, L_0000018b15fc3130;  1 drivers
v0000018b15f13da0_0 .net *"_ivl_12", 0 0, L_0000018b15f12010;  1 drivers
v0000018b15f13c60_0 .net *"_ivl_120", 0 0, L_0000018b15fc31a0;  1 drivers
v0000018b15f13e40_0 .net *"_ivl_122", 0 0, L_0000018b15fc3360;  1 drivers
v0000018b15f13760_0 .net *"_ivl_124", 0 0, L_0000018b15fc3210;  1 drivers
v0000018b15f12cc0_0 .net *"_ivl_126", 0 0, L_0000018b15fc3280;  1 drivers
v0000018b15f14980_0 .net *"_ivl_128", 0 0, L_0000018b15fc68c0;  1 drivers
v0000018b15f14020_0 .net *"_ivl_130", 0 0, L_0000018b15fc7810;  1 drivers
v0000018b15f13a80_0 .net *"_ivl_132", 0 0, L_0000018b15fc6070;  1 drivers
v0000018b15f14480_0 .net *"_ivl_134", 0 0, L_0000018b15fc6540;  1 drivers
v0000018b15f13080_0 .net *"_ivl_136", 0 0, L_0000018b15fc76c0;  1 drivers
v0000018b15f138a0_0 .net *"_ivl_138", 0 0, L_0000018b15fc5eb0;  1 drivers
v0000018b15f131c0_0 .net *"_ivl_14", 0 0, L_0000018b15f127f0;  1 drivers
v0000018b15f13f80_0 .net *"_ivl_140", 0 0, L_0000018b15fc7730;  1 drivers
v0000018b15f12d60_0 .net *"_ivl_142", 0 0, L_0000018b15fc64d0;  1 drivers
v0000018b15f12ae0_0 .net *"_ivl_144", 0 0, L_0000018b15fc77a0;  1 drivers
v0000018b15f12ea0_0 .net *"_ivl_148", 0 0, L_0000018b15fc6310;  1 drivers
v0000018b15f13440_0 .net *"_ivl_150", 0 0, L_0000018b15fc7650;  1 drivers
v0000018b15f136c0_0 .net *"_ivl_152", 0 0, L_0000018b15fc5f20;  1 drivers
v0000018b15f12e00_0 .net *"_ivl_156", 0 0, L_0000018b15fc7880;  1 drivers
v0000018b15f13580_0 .net *"_ivl_158", 0 0, L_0000018b15fc63f0;  1 drivers
v0000018b15f14160_0 .net *"_ivl_16", 0 0, L_0000018b15f11b40;  1 drivers
v0000018b15f13620_0 .net *"_ivl_160", 0 0, L_0000018b15fc7180;  1 drivers
v0000018b15f140c0_0 .net *"_ivl_162", 0 0, L_0000018b15fc6d90;  1 drivers
v0000018b15f14200_0 .net *"_ivl_164", 0 0, L_0000018b15fc5dd0;  1 drivers
v0000018b15f142a0_0 .net *"_ivl_166", 0 0, L_0000018b15fc60e0;  1 drivers
v0000018b15f14340_0 .net *"_ivl_168", 0 0, L_0000018b15fc6000;  1 drivers
v0000018b15f143e0_0 .net *"_ivl_170", 0 0, L_0000018b15fc75e0;  1 drivers
v0000018b15f13940_0 .net *"_ivl_172", 0 0, L_0000018b15fc6150;  1 drivers
v0000018b15f12f40_0 .net *"_ivl_174", 0 0, L_0000018b15fc78f0;  1 drivers
v0000018b15f139e0_0 .net *"_ivl_176", 0 0, L_0000018b15fc70a0;  1 drivers
v0000018b15f14520_0 .net *"_ivl_178", 0 0, L_0000018b15fc7030;  1 drivers
v0000018b15f145c0_0 .net *"_ivl_18", 0 0, L_0000018b15f126a0;  1 drivers
v0000018b15f14660_0 .net *"_ivl_180", 0 0, L_0000018b15fc5d60;  1 drivers
v0000018b15f14700_0 .net *"_ivl_182", 0 0, L_0000018b15fc5e40;  1 drivers
v0000018b15f147a0_0 .net *"_ivl_184", 0 0, L_0000018b15fc72d0;  1 drivers
v0000018b15f65820_0 .net *"_ivl_186", 0 0, L_0000018b15fc6380;  1 drivers
v0000018b15f65d20_0 .net *"_ivl_188", 0 0, L_0000018b15fc7340;  1 drivers
v0000018b15f66860_0 .net *"_ivl_190", 0 0, L_0000018b15fc7490;  1 drivers
v0000018b15f65500_0 .net *"_ivl_192", 0 0, L_0000018b15fc7420;  1 drivers
v0000018b15f66900_0 .net *"_ivl_194", 0 0, L_0000018b15fc5f90;  1 drivers
v0000018b15f66360_0 .net *"_ivl_196", 0 0, L_0000018b15fc71f0;  1 drivers
v0000018b15f665e0_0 .net *"_ivl_198", 0 0, L_0000018b15fc61c0;  1 drivers
v0000018b15f66d60_0 .net *"_ivl_2", 0 0, L_0000018b15f11ad0;  1 drivers
v0000018b15f65140_0 .net *"_ivl_20", 0 0, L_0000018b15f11c20;  1 drivers
v0000018b15f67080_0 .net *"_ivl_200", 0 0, L_0000018b15fc6460;  1 drivers
v0000018b15f651e0_0 .net *"_ivl_202", 0 0, L_0000018b15fc6e70;  1 drivers
v0000018b15f671c0_0 .net *"_ivl_204", 0 0, L_0000018b15fc6620;  1 drivers
v0000018b15f655a0_0 .net *"_ivl_206", 0 0, L_0000018b15fc6230;  1 drivers
v0000018b15f65be0_0 .net *"_ivl_208", 0 0, L_0000018b15fc62a0;  1 drivers
v0000018b15f67300_0 .net *"_ivl_210", 0 0, L_0000018b15fc65b0;  1 drivers
v0000018b15f66e00_0 .net *"_ivl_212", 0 0, L_0000018b15fc73b0;  1 drivers
v0000018b15f66cc0_0 .net *"_ivl_214", 0 0, L_0000018b15fc6690;  1 drivers
v0000018b15f65c80_0 .net *"_ivl_216", 0 0, L_0000018b15fc67e0;  1 drivers
v0000018b15f660e0_0 .net *"_ivl_218", 0 0, L_0000018b15fc6fc0;  1 drivers
v0000018b15f65280_0 .net *"_ivl_22", 0 0, L_0000018b15f12400;  1 drivers
v0000018b15f66ea0_0 .net *"_ivl_220", 0 0, L_0000018b15fc6700;  1 drivers
v0000018b15f66f40_0 .net *"_ivl_222", 0 0, L_0000018b15fc6770;  1 drivers
v0000018b15f65dc0_0 .net *"_ivl_224", 0 0, L_0000018b15fc6a10;  1 drivers
v0000018b15f66c20_0 .net *"_ivl_226", 0 0, L_0000018b15fc6850;  1 drivers
v0000018b15f66220_0 .net *"_ivl_228", 0 0, L_0000018b15fc6930;  1 drivers
v0000018b15f66fe0_0 .net *"_ivl_230", 0 0, L_0000018b15fc6d20;  1 drivers
v0000018b15f65000_0 .net *"_ivl_232", 0 0, L_0000018b15fc69a0;  1 drivers
v0000018b15f662c0_0 .net *"_ivl_234", 0 0, L_0000018b15fc6af0;  1 drivers
v0000018b15f67120_0 .net *"_ivl_236", 0 0, L_0000018b15fc6ee0;  1 drivers
v0000018b15f67760_0 .net *"_ivl_238", 0 0, L_0000018b15fc6a80;  1 drivers
v0000018b15f650a0_0 .net *"_ivl_24", 0 0, L_0000018b15f11c90;  1 drivers
v0000018b15f67260_0 .net *"_ivl_240", 0 0, L_0000018b15fc6b60;  1 drivers
v0000018b15f65320_0 .net *"_ivl_242", 0 0, L_0000018b15fc6bd0;  1 drivers
v0000018b15f65f00_0 .net *"_ivl_244", 0 0, L_0000018b15fc6c40;  1 drivers
v0000018b15f66a40_0 .net *"_ivl_246", 0 0, L_0000018b15fc6cb0;  1 drivers
v0000018b15f66ae0_0 .net *"_ivl_248", 0 0, L_0000018b15fc6e00;  1 drivers
v0000018b15f66180_0 .net *"_ivl_250", 0 0, L_0000018b15fc7110;  1 drivers
v0000018b15f669a0_0 .net *"_ivl_252", 0 0, L_0000018b15fc6f50;  1 drivers
v0000018b15f65640_0 .net *"_ivl_254", 0 0, L_0000018b15fc7260;  1 drivers
v0000018b15f673a0_0 .net *"_ivl_256", 0 0, L_0000018b15fc7c00;  1 drivers
v0000018b15f67440_0 .net *"_ivl_258", 0 0, L_0000018b15fc7c70;  1 drivers
v0000018b15f65e60_0 .net *"_ivl_26", 0 0, L_0000018b15f12240;  1 drivers
v0000018b15f66680_0 .net *"_ivl_260", 0 0, L_0000018b15fc7b90;  1 drivers
v0000018b15f653c0_0 .net *"_ivl_262", 0 0, L_0000018b15fc7b20;  1 drivers
v0000018b15f66400_0 .net *"_ivl_264", 0 0, L_0000018b15fc7960;  1 drivers
v0000018b15f65b40_0 .net *"_ivl_266", 0 0, L_0000018b15fc79d0;  1 drivers
v0000018b15f676c0_0 .net *"_ivl_268", 0 0, L_0000018b15fc7a40;  1 drivers
v0000018b15f656e0_0 .net *"_ivl_270", 0 0, L_0000018b15fc7ab0;  1 drivers
v0000018b15f674e0_0 .net *"_ivl_272", 0 0, L_0000018b15fca950;  1 drivers
v0000018b15f65460_0 .net *"_ivl_274", 0 0, L_0000018b15fcae90;  1 drivers
v0000018b15f664a0_0 .net *"_ivl_276", 0 0, L_0000018b15fcacd0;  1 drivers
v0000018b15f67580_0 .net *"_ivl_278", 0 0, L_0000018b15fcb4b0;  1 drivers
v0000018b15f67620_0 .net *"_ivl_28", 0 0, L_0000018b15f12630;  1 drivers
v0000018b15f66540_0 .net *"_ivl_280", 0 0, L_0000018b15fc9e60;  1 drivers
v0000018b15f65780_0 .net *"_ivl_282", 0 0, L_0000018b15fcae20;  1 drivers
v0000018b15f658c0_0 .net *"_ivl_284", 0 0, L_0000018b15fcac60;  1 drivers
v0000018b15f66b80_0 .net *"_ivl_286", 0 0, L_0000018b15fcb050;  1 drivers
v0000018b15f65960_0 .net *"_ivl_288", 0 0, L_0000018b15fca1e0;  1 drivers
v0000018b15f65a00_0 .net *"_ivl_290", 0 0, L_0000018b15fca410;  1 drivers
v0000018b15f65aa0_0 .net *"_ivl_292", 0 0, L_0000018b15fcafe0;  1 drivers
v0000018b15f66720_0 .net *"_ivl_294", 0 0, L_0000018b15fca2c0;  1 drivers
v0000018b15f667c0_0 .net *"_ivl_296", 0 0, L_0000018b15fcaf00;  1 drivers
v0000018b15f65fa0_0 .net *"_ivl_298", 0 0, L_0000018b15fcb670;  1 drivers
v0000018b15f66040_0 .net *"_ivl_30", 0 0, L_0000018b15f11d00;  1 drivers
v0000018b15f68340_0 .net *"_ivl_300", 0 0, L_0000018b15fc9d80;  1 drivers
v0000018b15f678a0_0 .net *"_ivl_302", 0 0, L_0000018b15fcad40;  1 drivers
v0000018b15f68c00_0 .net *"_ivl_304", 0 0, L_0000018b15fca9c0;  1 drivers
v0000018b15f68b60_0 .net *"_ivl_306", 0 0, L_0000018b15fcb440;  1 drivers
v0000018b15f679e0_0 .net *"_ivl_308", 0 0, L_0000018b15fc9ed0;  1 drivers
v0000018b15f685c0_0 .net *"_ivl_310", 0 0, L_0000018b15fca170;  1 drivers
v0000018b15f68a20_0 .net *"_ivl_314", 0 0, L_0000018b15fca640;  1 drivers
v0000018b15f68d40_0 .net *"_ivl_316", 0 0, L_0000018b15fcb280;  1 drivers
v0000018b15f67a80_0 .net *"_ivl_318", 0 0, L_0000018b15fcb1a0;  1 drivers
v0000018b15f67e40_0 .net *"_ivl_32", 0 0, L_0000018b15f11de0;  1 drivers
v0000018b15f68de0_0 .net *"_ivl_320", 0 0, L_0000018b15fcadb0;  1 drivers
v0000018b15f67c60_0 .net *"_ivl_322", 0 0, L_0000018b15fc9f40;  1 drivers
v0000018b15f67b20_0 .net *"_ivl_324", 0 0, L_0000018b15fcaf70;  1 drivers
v0000018b15f68660_0 .net *"_ivl_326", 0 0, L_0000018b15fca250;  1 drivers
v0000018b15f68e80_0 .net *"_ivl_328", 0 0, L_0000018b15fcb520;  1 drivers
v0000018b15f67ee0_0 .net *"_ivl_330", 0 0, L_0000018b15fc9fb0;  1 drivers
v0000018b15f68980_0 .net *"_ivl_332", 0 0, L_0000018b15fcb830;  1 drivers
v0000018b15f67bc0_0 .net *"_ivl_334", 0 0, L_0000018b15fcb0c0;  1 drivers
v0000018b15f682a0_0 .net *"_ivl_336", 0 0, L_0000018b15fca5d0;  1 drivers
v0000018b15f67940_0 .net *"_ivl_338", 0 0, L_0000018b15fcb910;  1 drivers
v0000018b15f68160_0 .net *"_ivl_34", 0 0, L_0000018b15f11e50;  1 drivers
v0000018b15f688e0_0 .net *"_ivl_340", 0 0, L_0000018b15fca480;  1 drivers
v0000018b15f67800_0 .net *"_ivl_342", 0 0, L_0000018b15fcb130;  1 drivers
v0000018b15f67d00_0 .net *"_ivl_344", 0 0, L_0000018b15fca720;  1 drivers
v0000018b15f68ca0_0 .net *"_ivl_346", 0 0, L_0000018b15fcb360;  1 drivers
v0000018b15f683e0_0 .net *"_ivl_348", 0 0, L_0000018b15fcb210;  1 drivers
v0000018b15f67da0_0 .net *"_ivl_350", 0 0, L_0000018b15fcab10;  1 drivers
v0000018b15f67f80_0 .net *"_ivl_352", 0 0, L_0000018b15fcab80;  1 drivers
v0000018b15f68020_0 .net *"_ivl_354", 0 0, L_0000018b15fca330;  1 drivers
v0000018b15f680c0_0 .net *"_ivl_356", 0 0, L_0000018b15fcb2f0;  1 drivers
v0000018b15f687a0_0 .net *"_ivl_358", 0 0, L_0000018b15fcb7c0;  1 drivers
v0000018b15f68200_0 .net *"_ivl_36", 0 0, L_0000018b15f11f30;  1 drivers
v0000018b15f68480_0 .net *"_ivl_360", 0 0, L_0000018b15fca100;  1 drivers
v0000018b15f68520_0 .net *"_ivl_362", 0 0, L_0000018b15fca790;  1 drivers
v0000018b15f68700_0 .net *"_ivl_364", 0 0, L_0000018b15fcb3d0;  1 drivers
v0000018b15f68840_0 .net *"_ivl_366", 0 0, L_0000018b15fcb590;  1 drivers
v0000018b15f68ac0_0 .net *"_ivl_368", 0 0, L_0000018b15fcb8a0;  1 drivers
v0000018b15f6a690_0 .net *"_ivl_370", 0 0, L_0000018b15fcaa30;  1 drivers
v0000018b15f6ac30_0 .net *"_ivl_372", 0 0, L_0000018b15fcaaa0;  1 drivers
v0000018b15f6b4f0_0 .net *"_ivl_374", 0 0, L_0000018b15fcabf0;  1 drivers
v0000018b15f6a370_0 .net *"_ivl_376", 0 0, L_0000018b15fcb600;  1 drivers
v0000018b15f69a10_0 .net *"_ivl_378", 0 0, L_0000018b15fcb6e0;  1 drivers
v0000018b15f69e70_0 .net *"_ivl_38", 0 0, L_0000018b15f125c0;  1 drivers
v0000018b15f6a230_0 .net *"_ivl_380", 0 0, L_0000018b15fcb750;  1 drivers
v0000018b15f69650_0 .net *"_ivl_382", 0 0, L_0000018b15fc9df0;  1 drivers
v0000018b15f6b310_0 .net *"_ivl_384", 0 0, L_0000018b15fca020;  1 drivers
v0000018b15f69c90_0 .net *"_ivl_386", 0 0, L_0000018b15fca090;  1 drivers
v0000018b15f69970_0 .net *"_ivl_388", 0 0, L_0000018b15fca3a0;  1 drivers
v0000018b15f6b130_0 .net *"_ivl_390", 0 0, L_0000018b15fca4f0;  1 drivers
v0000018b15f69510_0 .net *"_ivl_392", 0 0, L_0000018b15fca560;  1 drivers
v0000018b15f6b450_0 .net *"_ivl_394", 0 0, L_0000018b15fca800;  1 drivers
v0000018b15f6a7d0_0 .net *"_ivl_396", 0 0, L_0000018b15fca870;  1 drivers
v0000018b15f6a550_0 .net *"_ivl_398", 0 0, L_0000018b15fca8e0;  1 drivers
v0000018b15f6ab90_0 .net *"_ivl_4", 0 0, L_0000018b15f12390;  1 drivers
v0000018b15f69bf0_0 .net *"_ivl_40", 0 0, L_0000018b15f11ec0;  1 drivers
v0000018b15f6b770_0 .net *"_ivl_400", 0 0, L_0000018b15fcb9f0;  1 drivers
v0000018b15f6a2d0_0 .net *"_ivl_402", 0 0, L_0000018b15fcbad0;  1 drivers
v0000018b15f6aeb0_0 .net *"_ivl_404", 0 0, L_0000018b15fcba60;  1 drivers
v0000018b15f69830_0 .net *"_ivl_406", 0 0, L_0000018b15fcbb40;  1 drivers
v0000018b15f69d30_0 .net *"_ivl_408", 0 0, L_0000018b15fcbbb0;  1 drivers
v0000018b15f6a870_0 .net *"_ivl_410", 0 0, L_0000018b15fcbc20;  1 drivers
v0000018b15f695b0_0 .net *"_ivl_412", 0 0, L_0000018b15fcbc90;  1 drivers
v0000018b15f6a910_0 .net *"_ivl_414", 0 0, L_0000018b15fcb980;  1 drivers
v0000018b15f6a410_0 .net *"_ivl_416", 0 0, L_0000018b15fcd7d0;  1 drivers
v0000018b15f6a5f0_0 .net *"_ivl_418", 0 0, L_0000018b15fccb90;  1 drivers
v0000018b15f6ad70_0 .net *"_ivl_42", 0 0, L_0000018b15f122b0;  1 drivers
v0000018b15f69150_0 .net *"_ivl_420", 0 0, L_0000018b15fcd1b0;  1 drivers
v0000018b15f6b090_0 .net *"_ivl_422", 0 0, L_0000018b15fcca40;  1 drivers
v0000018b15f691f0_0 .net *"_ivl_424", 0 0, L_0000018b15fccab0;  1 drivers
v0000018b15f6b1d0_0 .net *"_ivl_426", 0 0, L_0000018b15fcd6f0;  1 drivers
v0000018b15f696f0_0 .net *"_ivl_428", 0 0, L_0000018b15fcc500;  1 drivers
v0000018b15f69dd0_0 .net *"_ivl_430", 0 0, L_0000018b15fcd840;  1 drivers
v0000018b15f6a9b0_0 .net *"_ivl_432", 0 0, L_0000018b15fccb20;  1 drivers
v0000018b15f6a4b0_0 .net *"_ivl_434", 0 0, L_0000018b15fcc340;  1 drivers
v0000018b15f6a050_0 .net *"_ivl_436", 0 0, L_0000018b15fccf80;  1 drivers
v0000018b15f6b270_0 .net *"_ivl_438", 0 0, L_0000018b15fcd8b0;  1 drivers
v0000018b15f6a730_0 .net *"_ivl_44", 0 0, L_0000018b15f12710;  1 drivers
v0000018b15f6acd0_0 .net *"_ivl_440", 0 0, L_0000018b15fcd140;  1 drivers
v0000018b15f6aa50_0 .net *"_ivl_442", 0 0, L_0000018b15fcc960;  1 drivers
v0000018b15f6aaf0_0 .net *"_ivl_444", 0 0, L_0000018b15fcd5a0;  1 drivers
v0000018b15f6b3b0_0 .net *"_ivl_446", 0 0, L_0000018b15fcc3b0;  1 drivers
v0000018b15f6ae10_0 .net *"_ivl_448", 0 0, L_0000018b15fcc030;  1 drivers
v0000018b15f69ab0_0 .net *"_ivl_450", 0 0, L_0000018b15fcc570;  1 drivers
v0000018b15f69f10_0 .net *"_ivl_452", 0 0, L_0000018b15fcc650;  1 drivers
v0000018b15f69b50_0 .net *"_ivl_454", 0 0, L_0000018b15fcc420;  1 drivers
v0000018b15f69790_0 .net *"_ivl_456", 0 0, L_0000018b15fcc1f0;  1 drivers
v0000018b15f6b590_0 .net *"_ivl_458", 0 0, L_0000018b15fcc490;  1 drivers
v0000018b15f6b630_0 .net *"_ivl_46", 0 0, L_0000018b15f12780;  1 drivers
v0000018b15f6af50_0 .net *"_ivl_462", 0 0, L_0000018b15fccc00;  1 drivers
v0000018b15f6aff0_0 .net *"_ivl_464", 0 0, L_0000018b15fccc70;  1 drivers
v0000018b15f6b6d0_0 .net *"_ivl_466", 0 0, L_0000018b15fcbe70;  1 drivers
v0000018b15f69010_0 .net *"_ivl_468", 0 0, L_0000018b15fcc5e0;  1 drivers
v0000018b15f690b0_0 .net *"_ivl_470", 0 0, L_0000018b15fcc0a0;  1 drivers
v0000018b15f69fb0_0 .net *"_ivl_472", 0 0, L_0000018b15fccce0;  1 drivers
v0000018b15f69290_0 .net *"_ivl_474", 0 0, L_0000018b15fcd290;  1 drivers
v0000018b15f69330_0 .net *"_ivl_476", 0 0, L_0000018b15fcc110;  1 drivers
v0000018b15f693d0_0 .net *"_ivl_478", 0 0, L_0000018b15fcc9d0;  1 drivers
v0000018b15f69470_0 .net *"_ivl_48", 0 0, L_0000018b15f12080;  1 drivers
v0000018b15f698d0_0 .net *"_ivl_480", 0 0, L_0000018b15fccff0;  1 drivers
v0000018b15f6a0f0_0 .net *"_ivl_482", 0 0, L_0000018b15fcc180;  1 drivers
v0000018b15f6a190_0 .net *"_ivl_484", 0 0, L_0000018b15fcd680;  1 drivers
v0000018b15f6c990_0 .net *"_ivl_486", 0 0, L_0000018b15fcc6c0;  1 drivers
v0000018b15f6c210_0 .net *"_ivl_488", 0 0, L_0000018b15fcbfc0;  1 drivers
v0000018b15f6cd50_0 .net *"_ivl_490", 0 0, L_0000018b15fccd50;  1 drivers
v0000018b15f6b8b0_0 .net *"_ivl_492", 0 0, L_0000018b15fcd610;  1 drivers
v0000018b15f6cdf0_0 .net *"_ivl_494", 0 0, L_0000018b15fcc8f0;  1 drivers
v0000018b15f6c3f0_0 .net *"_ivl_496", 0 0, L_0000018b15fcc730;  1 drivers
v0000018b15f6ca30_0 .net *"_ivl_498", 0 0, L_0000018b15fcd220;  1 drivers
v0000018b15f6bc70_0 .net *"_ivl_50", 0 0, L_0000018b15f120f0;  1 drivers
v0000018b15f6c2b0_0 .net *"_ivl_500", 0 0, L_0000018b15fccf10;  1 drivers
v0000018b15f6c170_0 .net *"_ivl_502", 0 0, L_0000018b15fcd760;  1 drivers
v0000018b15f6bef0_0 .net *"_ivl_504", 0 0, L_0000018b15fccdc0;  1 drivers
v0000018b15f6bf90_0 .net *"_ivl_506", 0 0, L_0000018b15fcd060;  1 drivers
v0000018b15f6be50_0 .net *"_ivl_508", 0 0, L_0000018b15fcd0d0;  1 drivers
v0000018b15f6bb30_0 .net *"_ivl_510", 0 0, L_0000018b15fcd370;  1 drivers
v0000018b15f6c670_0 .net *"_ivl_512", 0 0, L_0000018b15fcd920;  1 drivers
v0000018b15f6cc10_0 .net *"_ivl_514", 0 0, L_0000018b15fcce30;  1 drivers
v0000018b15f6c710_0 .net *"_ivl_516", 0 0, L_0000018b15fcd300;  1 drivers
v0000018b15f6b9f0_0 .net *"_ivl_518", 0 0, L_0000018b15fcc260;  1 drivers
v0000018b15f6b950_0 .net *"_ivl_52", 0 0, L_0000018b15f12160;  1 drivers
v0000018b15f6cad0_0 .net *"_ivl_520", 0 0, L_0000018b15fcd3e0;  1 drivers
v0000018b15f6c350_0 .net *"_ivl_522", 0 0, L_0000018b15fcd450;  1 drivers
v0000018b15f6c030_0 .net *"_ivl_524", 0 0, L_0000018b15fcd4c0;  1 drivers
v0000018b15f6ccb0_0 .net *"_ivl_526", 0 0, L_0000018b15fcd530;  1 drivers
v0000018b15f6c490_0 .net *"_ivl_528", 0 0, L_0000018b15fcc7a0;  1 drivers
v0000018b15f6c530_0 .net *"_ivl_530", 0 0, L_0000018b15fcbd90;  1 drivers
v0000018b15f6c0d0_0 .net *"_ivl_532", 0 0, L_0000018b15fcbe00;  1 drivers
v0000018b15f6c5d0_0 .net *"_ivl_534", 0 0, L_0000018b15fcc2d0;  1 drivers
v0000018b15f6cb70_0 .net *"_ivl_536", 0 0, L_0000018b15fcbee0;  1 drivers
v0000018b15f6ce90_0 .net *"_ivl_538", 0 0, L_0000018b15fcbf50;  1 drivers
v0000018b15f6b810_0 .net *"_ivl_54", 0 0, L_0000018b15f12470;  1 drivers
v0000018b15f6ba90_0 .net *"_ivl_540", 0 0, L_0000018b15fcc810;  1 drivers
v0000018b15f6bbd0_0 .net *"_ivl_542", 0 0, L_0000018b15fcc880;  1 drivers
v0000018b15f6c7b0_0 .net *"_ivl_544", 0 0, L_0000018b15fcdbc0;  1 drivers
v0000018b15f6c850_0 .net *"_ivl_546", 0 0, L_0000018b15fcd990;  1 drivers
v0000018b15f6bd10_0 .net *"_ivl_548", 0 0, L_0000018b15fcdb50;  1 drivers
v0000018b15f6bdb0_0 .net *"_ivl_550", 0 0, L_0000018b15fcdca0;  1 drivers
v0000018b15f6c8f0_0 .net *"_ivl_552", 0 0, L_0000018b15fcdae0;  1 drivers
v0000018b15fbac20_0 .net *"_ivl_554", 0 0, L_0000018b15fcda00;  1 drivers
v0000018b15fba540_0 .net *"_ivl_556", 0 0, L_0000018b15fcdc30;  1 drivers
v0000018b15fbb440_0 .net *"_ivl_558", 0 0, L_0000018b15fcda70;  1 drivers
v0000018b15fb9dc0_0 .net *"_ivl_56", 0 0, L_0000018b15f124e0;  1 drivers
v0000018b15fbb300_0 .net *"_ivl_560", 0 0, L_0000018b15fd1e90;  1 drivers
v0000018b15fbb580_0 .net *"_ivl_562", 0 0, L_0000018b15fd26e0;  1 drivers
v0000018b15fbb3a0_0 .net *"_ivl_564", 0 0, L_0000018b15fd1f00;  1 drivers
v0000018b15fbb4e0_0 .net *"_ivl_566", 0 0, L_0000018b15fd1cd0;  1 drivers
v0000018b15fbad60_0 .net *"_ivl_568", 0 0, L_0000018b15fd11e0;  1 drivers
v0000018b15fba040_0 .net *"_ivl_570", 0 0, L_0000018b15fd1720;  1 drivers
v0000018b15fbc340_0 .net *"_ivl_572", 0 0, L_0000018b15fd16b0;  1 drivers
v0000018b15fbb8a0_0 .net *"_ivl_574", 0 0, L_0000018b15fd22f0;  1 drivers
v0000018b15fbb120_0 .net *"_ivl_576", 0 0, L_0000018b15fd2210;  1 drivers
v0000018b15fbbda0_0 .net *"_ivl_578", 0 0, L_0000018b15fd1d40;  1 drivers
v0000018b15fba360_0 .net *"_ivl_58", 0 0, L_0000018b15fc3600;  1 drivers
v0000018b15fbaea0_0 .net *"_ivl_580", 0 0, L_0000018b15fd0f40;  1 drivers
v0000018b15fba5e0_0 .net *"_ivl_582", 0 0, L_0000018b15fd0fb0;  1 drivers
v0000018b15fbc020_0 .net *"_ivl_584", 0 0, L_0000018b15fd1020;  1 drivers
v0000018b15fba4a0_0 .net *"_ivl_586", 0 0, L_0000018b15fd2830;  1 drivers
v0000018b15fbbc60_0 .net *"_ivl_588", 0 0, L_0000018b15fd1480;  1 drivers
v0000018b15fbb620_0 .net *"_ivl_590", 0 0, L_0000018b15fd15d0;  1 drivers
v0000018b15fbc0c0_0 .net *"_ivl_592", 0 0, L_0000018b15fd2750;  1 drivers
v0000018b15fb9d20_0 .net *"_ivl_594", 0 0, L_0000018b15fd1090;  1 drivers
v0000018b15fb9f00_0 .net *"_ivl_596", 0 0, L_0000018b15fd27c0;  1 drivers
v0000018b15fba680_0 .net *"_ivl_598", 0 0, L_0000018b15fd1560;  1 drivers
v0000018b15fba720_0 .net *"_ivl_6", 0 0, L_0000018b15f12550;  1 drivers
v0000018b15fbb6c0_0 .net *"_ivl_60", 0 0, L_0000018b15fc33d0;  1 drivers
v0000018b15fbb260_0 .net *"_ivl_600", 0 0, L_0000018b15fd28a0;  1 drivers
v0000018b15fbbd00_0 .net *"_ivl_602", 0 0, L_0000018b15fd2590;  1 drivers
v0000018b15fba220_0 .net *"_ivl_604", 0 0, L_0000018b15fd2910;  1 drivers
v0000018b15fbc160_0 .net *"_ivl_606", 0 0, L_0000018b15fd2980;  1 drivers
v0000018b15fbb760_0 .net *"_ivl_610", 0 0, L_0000018b15fd21a0;  1 drivers
v0000018b15fbb800_0 .net *"_ivl_612", 0 0, L_0000018b15fd0df0;  1 drivers
v0000018b15fbb940_0 .net *"_ivl_614", 0 0, L_0000018b15fd2360;  1 drivers
v0000018b15fba900_0 .net *"_ivl_616", 0 0, L_0000018b15fd1410;  1 drivers
v0000018b15fbc480_0 .net *"_ivl_618", 0 0, L_0000018b15fd2600;  1 drivers
v0000018b15fbafe0_0 .net *"_ivl_62", 0 0, L_0000018b15fc3440;  1 drivers
v0000018b15fbbbc0_0 .net *"_ivl_620", 0 0, L_0000018b15fd1640;  1 drivers
v0000018b15fba7c0_0 .net *"_ivl_622", 0 0, L_0000018b15fd1170;  1 drivers
v0000018b15fbaa40_0 .net *"_ivl_624", 0 0, L_0000018b15fd14f0;  1 drivers
v0000018b15fbb9e0_0 .net *"_ivl_626", 0 0, L_0000018b15fd2520;  1 drivers
v0000018b15fba2c0_0 .net *"_ivl_628", 0 0, L_0000018b15fd1250;  1 drivers
v0000018b15fbba80_0 .net *"_ivl_630", 0 0, L_0000018b15fd0e60;  1 drivers
v0000018b15fbb080_0 .net *"_ivl_632", 0 0, L_0000018b15fd2130;  1 drivers
v0000018b15fbbb20_0 .net *"_ivl_634", 0 0, L_0000018b15fd20c0;  1 drivers
v0000018b15fbbe40_0 .net *"_ivl_636", 0 0, L_0000018b15fd0ed0;  1 drivers
v0000018b15fb9e60_0 .net *"_ivl_638", 0 0, L_0000018b15fd1b10;  1 drivers
v0000018b15fbbee0_0 .net *"_ivl_64", 0 0, L_0000018b15fc34b0;  1 drivers
v0000018b15fb9fa0_0 .net *"_ivl_640", 0 0, L_0000018b15fd2670;  1 drivers
v0000018b15fbbf80_0 .net *"_ivl_642", 0 0, L_0000018b15fd1330;  1 drivers
v0000018b15fba400_0 .net *"_ivl_644", 0 0, L_0000018b15fd23d0;  1 drivers
v0000018b15fba9a0_0 .net *"_ivl_646", 0 0, L_0000018b15fd12c0;  1 drivers
v0000018b15fbc200_0 .net *"_ivl_648", 0 0, L_0000018b15fd24b0;  1 drivers
v0000018b15fbb1c0_0 .net *"_ivl_650", 0 0, L_0000018b15fd1f70;  1 drivers
v0000018b15fbae00_0 .net *"_ivl_652", 0 0, L_0000018b15fd13a0;  1 drivers
v0000018b15fbc2a0_0 .net *"_ivl_654", 0 0, L_0000018b15fd1fe0;  1 drivers
v0000018b15fbc3e0_0 .net *"_ivl_656", 0 0, L_0000018b15fd1790;  1 drivers
v0000018b15fba0e0_0 .net *"_ivl_658", 0 0, L_0000018b15fd1800;  1 drivers
v0000018b15fbaf40_0 .net *"_ivl_66", 0 0, L_0000018b15fc37c0;  1 drivers
v0000018b15fba180_0 .net *"_ivl_660", 0 0, L_0000018b15fd1870;  1 drivers
v0000018b15fba860_0 .net *"_ivl_662", 0 0, L_0000018b15fd2050;  1 drivers
v0000018b15fbaae0_0 .net *"_ivl_664", 0 0, L_0000018b15fd1b80;  1 drivers
v0000018b15fbab80_0 .net *"_ivl_666", 0 0, L_0000018b15fd18e0;  1 drivers
v0000018b15fbacc0_0 .net *"_ivl_668", 0 0, L_0000018b15fd2280;  1 drivers
v0000018b15fbc520_0 .net *"_ivl_670", 0 0, L_0000018b15fd1950;  1 drivers
v0000018b15fbd060_0 .net *"_ivl_672", 0 0, L_0000018b15fd1bf0;  1 drivers
v0000018b15fbd600_0 .net *"_ivl_674", 0 0, L_0000018b15fd2440;  1 drivers
v0000018b15fbc5c0_0 .net *"_ivl_676", 0 0, L_0000018b15fd19c0;  1 drivers
v0000018b15fbc660_0 .net *"_ivl_678", 0 0, L_0000018b15fd1a30;  1 drivers
v0000018b15fbd740_0 .net *"_ivl_68", 0 0, L_0000018b15fc39f0;  1 drivers
v0000018b15fbc700_0 .net *"_ivl_680", 0 0, L_0000018b15fd1aa0;  1 drivers
v0000018b15fbcfc0_0 .net *"_ivl_682", 0 0, L_0000018b15fd1c60;  1 drivers
v0000018b15fbd6a0_0 .net *"_ivl_684", 0 0, L_0000018b15fd1db0;  1 drivers
v0000018b15fbd7e0_0 .net *"_ivl_686", 0 0, L_0000018b15fd1e20;  1 drivers
v0000018b15fbd100_0 .net *"_ivl_688", 0 0, L_0000018b15fd2a60;  1 drivers
v0000018b15fbd880_0 .net *"_ivl_690", 0 0, L_0000018b15fd29f0;  1 drivers
v0000018b15fbcac0_0 .net *"_ivl_692", 0 0, L_0000018b15fd2ad0;  1 drivers
v0000018b15fbdb00_0 .net *"_ivl_694", 0 0, L_0000018b15fd2d00;  1 drivers
v0000018b15fbdba0_0 .net *"_ivl_698", 0 0, L_0000018b15fd2bb0;  1 drivers
v0000018b15fbce80_0 .net *"_ivl_70", 0 0, L_0000018b15fc3980;  1 drivers
v0000018b15fbd4c0_0 .net *"_ivl_700", 0 0, L_0000018b15fd2c20;  1 drivers
v0000018b15fbc980_0 .net *"_ivl_702", 0 0, L_0000018b15fd2c90;  1 drivers
v0000018b15fbd2e0_0 .net *"_ivl_704", 0 0, L_0000018b15fd84f0;  1 drivers
v0000018b15fbcde0_0 .net *"_ivl_706", 0 0, L_0000018b15fd8870;  1 drivers
v0000018b15fbc7a0_0 .net *"_ivl_708", 0 0, L_0000018b15fd78b0;  1 drivers
v0000018b15fbcb60_0 .net *"_ivl_710", 0 0, L_0000018b15fd7ed0;  1 drivers
v0000018b15fbc840_0 .net *"_ivl_712", 0 0, L_0000018b15fd82c0;  1 drivers
v0000018b15fbca20_0 .net *"_ivl_714", 0 0, L_0000018b15fd75a0;  1 drivers
v0000018b15fbd560_0 .net *"_ivl_716", 0 0, L_0000018b15fd8cd0;  1 drivers
v0000018b15fbc8e0_0 .net *"_ivl_718", 0 0, L_0000018b15fd8a30;  1 drivers
v0000018b15fbcc00_0 .net *"_ivl_72", 0 0, L_0000018b15fc2db0;  1 drivers
v0000018b15fbd920_0 .net *"_ivl_720", 0 0, L_0000018b15fd7b50;  1 drivers
v0000018b15fbcf20_0 .net *"_ivl_722", 0 0, L_0000018b15fd8480;  1 drivers
v0000018b15fbcca0_0 .net *"_ivl_724", 0 0, L_0000018b15fd7530;  1 drivers
v0000018b15fbcd40_0 .net *"_ivl_726", 0 0, L_0000018b15fd7d10;  1 drivers
v0000018b15fbd1a0_0 .net *"_ivl_728", 0 0, L_0000018b15fd7a70;  1 drivers
v0000018b15fbd9c0_0 .net *"_ivl_730", 0 0, L_0000018b15fd8170;  1 drivers
v0000018b15fbd380_0 .net *"_ivl_732", 0 0, L_0000018b15fd8020;  1 drivers
v0000018b15fbd240_0 .net *"_ivl_734", 0 0, L_0000018b15fd7d80;  1 drivers
v0000018b15fbd420_0 .net *"_ivl_736", 0 0, L_0000018b15fd85d0;  1 drivers
v0000018b15fbda60_0 .net *"_ivl_738", 0 0, L_0000018b15fd88e0;  1 drivers
v0000018b15fbefc0_0 .net *"_ivl_74", 0 0, L_0000018b15fc2f00;  1 drivers
v0000018b15fc1400_0 .net *"_ivl_740", 0 0, L_0000018b15fd8fe0;  1 drivers
v0000018b15fc03c0_0 .net *"_ivl_742", 0 0, L_0000018b15fd8640;  1 drivers
v0000018b15fc0820_0 .net *"_ivl_744", 0 0, L_0000018b15fd7a00;  1 drivers
v0000018b15fc08c0_0 .net *"_ivl_746", 0 0, L_0000018b15fd8f00;  1 drivers
v0000018b15fbf2e0_0 .net *"_ivl_748", 0 0, L_0000018b15fd7bc0;  1 drivers
v0000018b15fbf380_0 .net *"_ivl_750", 0 0, L_0000018b15fd7df0;  1 drivers
v0000018b15fc0dc0_0 .net *"_ivl_752", 0 0, L_0000018b15fd8560;  1 drivers
v0000018b15fc01e0_0 .net *"_ivl_754", 0 0, L_0000018b15fd81e0;  1 drivers
v0000018b15fbf1a0_0 .net *"_ivl_756", 0 0, L_0000018b15fd7e60;  1 drivers
v0000018b15fbf100_0 .net *"_ivl_758", 0 0, L_0000018b15fd86b0;  1 drivers
v0000018b15fc0f00_0 .net *"_ivl_76", 0 0, L_0000018b15fc3ad0;  1 drivers
v0000018b15fbf9c0_0 .net *"_ivl_760", 0 0, L_0000018b15fd8950;  1 drivers
v0000018b15fc0500_0 .net *"_ivl_762", 0 0, L_0000018b15fd8aa0;  1 drivers
v0000018b15fc0d20_0 .net *"_ivl_764", 0 0, L_0000018b15fd8f70;  1 drivers
v0000018b15fc12c0_0 .net *"_ivl_766", 0 0, L_0000018b15fd8720;  1 drivers
v0000018b15fbf240_0 .net *"_ivl_768", 0 0, L_0000018b15fd8790;  1 drivers
v0000018b15fbf920_0 .net *"_ivl_770", 0 0, L_0000018b15fd89c0;  1 drivers
v0000018b15fc1360_0 .net *"_ivl_772", 0 0, L_0000018b15fd8e90;  1 drivers
v0000018b15fbf560_0 .net *"_ivl_78", 0 0, L_0000018b15fc3670;  1 drivers
v0000018b15fbf420_0 .net *"_ivl_8", 0 0, L_0000018b15f11d70;  1 drivers
v0000018b15fc05a0_0 .net *"_ivl_80", 0 0, L_0000018b15fc38a0;  1 drivers
v0000018b15fc14a0_0 .net *"_ivl_82", 0 0, L_0000018b15fc3a60;  1 drivers
v0000018b15fbfa60_0 .net *"_ivl_84", 0 0, L_0000018b15fc3520;  1 drivers
v0000018b15fc0b40_0 .net *"_ivl_86", 0 0, L_0000018b15fc3830;  1 drivers
v0000018b15fbf4c0_0 .net *"_ivl_88", 0 0, L_0000018b15fc3590;  1 drivers
v0000018b15fc00a0_0 .net *"_ivl_90", 0 0, L_0000018b15fc2f70;  1 drivers
v0000018b15fbef20_0 .net *"_ivl_92", 0 0, L_0000018b15fc36e0;  1 drivers
v0000018b15fbfd80_0 .net *"_ivl_94", 0 0, L_0000018b15fc3750;  1 drivers
v0000018b15fc0be0_0 .net *"_ivl_96", 0 0, L_0000018b15fc3910;  1 drivers
v0000018b15fbed40_0 .net *"_ivl_98", 0 0, L_0000018b15fc3b40;  1 drivers
v0000018b15fc0a00_0 .net "a", 0 0, L_0000018b15fc7500;  1 drivers
v0000018b15fc0140_0 .net "b", 0 0, L_0000018b15fc7570;  1 drivers
v0000018b15fbede0_0 .net "c", 0 0, L_0000018b15fca6b0;  1 drivers
v0000018b15fbfb00_0 .net "c1", 0 0, o0000018b15f192a8;  0 drivers
v0000018b15fc1180_0 .net "c2", 0 0, o0000018b15f192d8;  0 drivers
v0000018b15fbff60_0 .net "c3", 0 0, o0000018b15f19308;  0 drivers
v0000018b15fc0960_0 .net "c4", 0 0, o0000018b15f19338;  0 drivers
v0000018b15fc0000_0 .net "c5", 0 0, o0000018b15f19368;  0 drivers
v0000018b15fc1220_0 .net "d", 0 0, L_0000018b15fccea0;  1 drivers
v0000018b15fbee80_0 .net "e", 0 0, L_0000018b15fd1100;  1 drivers
v0000018b15fbfba0_0 .net "f", 0 0, L_0000018b15fd2b40;  1 drivers
v0000018b15fc06e0_0 .net "g", 0 0, L_0000018b15fd8d40;  1 drivers
# The file index is used to find the file name in the following table.
:file_names 3;
    "N/A";
    "<interactive>";
    ".\display.v";
